{"numTotalTestSuites":2,"numPassedTestSuites":2,"numFailedTestSuites":0,"numPendingTestSuites":0,"numTotalTests":1,"numPassedTests":1,"numFailedTests":0,"numPendingTests":0,"numTodoTests":0,"snapshot":{"added":0,"failure":false,"filesAdded":0,"filesRemoved":0,"filesRemovedList":[],"filesUnmatched":0,"filesUpdated":0,"matched":0,"total":0,"unchecked":0,"uncheckedKeysByFile":[],"unmatched":0,"updated":0,"didUpdate":false},"startTime":1788663631159,"success":true,"testResults":[{"assertionResults":[{"ancestorTitles":["usage provider IPC handlers"],"fullName":"usage provider IPC handlers registers every provider route and forwards query arguments","status":"passed","title":"registers every provider route and forwards query arguments","duration":1.5463749999999976,"failureMessages":[],"meta":{},"tags":[]}],"startTime":1788663631277,"endTime":1788663631278.5464,"status":"passed","message":"","name":"/Users/carlos/Documents/Drogon-rewrite/.preflight/parity-baseline/coordinator-usage-handlers-Da4Z6n/src/main/ipc/usage-provider-handlers.test.ts"}]}
