{"numTotalTestSuites":1,"numPassedTestSuites":1,"numFailedTestSuites":0,"numPendingTestSuites":0,"numTotalTests":1,"numPassedTests":1,"numFailedTests":0,"numPendingTests":0,"numTodoTests":0,"snapshot":{"added":0,"failure":false,"filesAdded":0,"filesRemoved":0,"filesRemovedList":[],"filesUnmatched":0,"filesUpdated":0,"matched":0,"total":0,"unchecked":0,"uncheckedKeysByFile":[],"unmatched":0,"updated":0,"didUpdate":false},"startTime":1788662442584,"success":true,"testResults":[{"assertionResults":[{"ancestorTitles":[],"fullName":"fsyncs the file before rename, and the directory after where supported","status":"passed","title":"fsyncs the file before rename, and the directory after where supported","duration":50.80895899999999,"failureMessages":[],"meta":{},"tags":[]}],"startTime":1788662442680,"endTime":1788662442730.8088,"status":"passed","message":"","name":"/Users/carlos/Documents/Drogon-rewrite/.preflight/parity-baseline/coordinator-durable-syscall-XVXfBS/src/main/durable-file-write-syscall-proof.test.ts"}]}
