{"numTotalTestSuites":4,"numPassedTestSuites":4,"numFailedTestSuites":0,"numPendingTestSuites":0,"numTotalTests":13,"numPassedTests":13,"numFailedTests":0,"numPendingTests":0,"numTodoTests":0,"snapshot":{"added":0,"failure":false,"filesAdded":0,"filesRemoved":0,"filesRemovedList":[],"filesUnmatched":0,"filesUpdated":0,"matched":0,"total":0,"unchecked":0,"uncheckedKeysByFile":[],"unmatched":0,"updated":0,"didUpdate":false},"startTime":1788662442584,"success":true,"testResults":[{"assertionResults":[{"ancestorTitles":["durable file write","async"],"fullName":"durable file write async publishes the payload at the final path","status":"passed","title":"publishes the payload at the final path","duration":17.708665999999994,"failureMessages":[],"meta":{},"tags":[]},{"ancestorTitles":["durable file write","async"],"fullName":"durable file write async replaces existing content atomically","status":"passed","title":"replaces existing content atomically","duration":15.832250000000002,"failureMessages":[],"meta":{},"tags":[]},{"ancestorTitles":["durable file write","async"],"fullName":"durable file write async leaves no temp file behind on success","status":"passed","title":"leaves no temp file behind on success","duration":9.483709000000005,"failureMessages":[],"meta":{},"tags":[]},{"ancestorTitles":["durable file write","async"],"fullName":"durable file write async round-trips a multi-megabyte payload without truncation","status":"passed","title":"round-trips a multi-megabyte payload without truncation","duration":17.317791,"failureMessages":[],"meta":{},"tags":[]},{"ancestorTitles":["durable file write","async"],"fullName":"durable file write async preserves exact bytes for multibyte and escape-sensitive content","status":"passed","title":"preserves exact bytes for multibyte and escape-sensitive content","duration":7.9884580000000085,"failureMessages":[],"meta":{},"tags":[]},{"ancestorTitles":["durable file write","async"],"fullName":"durable file write async surfaces an unwritable temp path instead of silently succeeding","status":"passed","title":"surfaces an unwritable temp path instead of silently succeeding","duration":0.7078750000000014,"failureMessages":[],"meta":{},"tags":[]},{"ancestorTitles":["durable file write","sync"],"fullName":"durable file write sync publishes the payload at the final path","status":"passed","title":"publishes the payload at the final path","duration":9.204167000000012,"failureMessages":[],"meta":{},"tags":[]},{"ancestorTitles":["durable file write","sync"],"fullName":"durable file write sync replaces existing content atomically","status":"passed","title":"replaces existing content atomically","duration":8.831333,"failureMessages":[],"meta":{},"tags":[]},{"ancestorTitles":["durable file write","sync"],"fullName":"durable file write sync leaves no temp file behind on success","status":"passed","title":"leaves no temp file behind on success","duration":8.199749999999995,"failureMessages":[],"meta":{},"tags":[]},{"ancestorTitles":["durable file write","sync"],"fullName":"durable file write sync round-trips a multi-megabyte payload without truncation","status":"passed","title":"round-trips a multi-megabyte payload without truncation","duration":13.54774999999998,"failureMessages":[],"meta":{},"tags":[]},{"ancestorTitles":["durable file write","sync"],"fullName":"durable file write sync preserves exact bytes for multibyte and escape-sensitive content","status":"passed","title":"preserves exact bytes for multibyte and escape-sensitive content","duration":8.327083000000016,"failureMessages":[],"meta":{},"tags":[]},{"ancestorTitles":["durable file write","sync"],"fullName":"durable file write sync surfaces an unwritable temp path instead of silently succeeding","status":"passed","title":"surfaces an unwritable temp path instead of silently succeeding","duration":0.32866599999999835,"failureMessages":[],"meta":{},"tags":[]},{"ancestorTitles":["durable file write"],"fullName":"durable file write keeps the last writer when async and sync paths target one file","status":"passed","title":"keeps the last writer when async and sync paths target one file","duration":16.56729200000001,"failureMessages":[],"meta":{},"tags":[]}],"startTime":1788662442702,"endTime":1788662442836.5674,"status":"passed","message":"","name":"/Users/carlos/Documents/Drogon-rewrite/.preflight/parity-baseline/coordinator-durable-write-Yf1DLf/src/main/durable-file-write.test.ts"}]}
