{"numTotalTestSuites":2,"numPassedTestSuites":2,"numFailedTestSuites":0,"numPendingTestSuites":0,"numTotalTests":3,"numPassedTests":3,"numFailedTests":0,"numPendingTests":0,"numTodoTests":0,"snapshot":{"added":0,"failure":false,"filesAdded":0,"filesRemoved":0,"filesRemovedList":[],"filesUnmatched":0,"filesUpdated":0,"matched":0,"total":0,"unchecked":0,"uncheckedKeysByFile":[],"unmatched":0,"updated":0,"didUpdate":false},"startTime":1788706714592,"success":true,"testResults":[{"assertionResults":[{"ancestorTitles":["Bot IPC schemas"],"fullName":"Bot IPC schemas accepts a bounded Bot create payload with harness-default model policy","status":"passed","title":"accepts a bounded Bot create payload with harness-default model policy","duration":1.857292000000001,"failureMessages":[],"meta":{},"tags":[]},{"ancestorTitles":["Bot IPC schemas"],"fullName":"Bot IPC schemas rejects unsupported harnesses and undeclared payload fields","status":"passed","title":"rejects unsupported harnesses and undeclared payload fields","duration":1.2873330000000038,"failureMessages":[],"meta":{},"tags":[]},{"ancestorTitles":["Bot IPC schemas"],"fullName":"Bot IPC schemas validates responsibility trigger semantics at the IPC boundary","status":"passed","title":"validates responsibility trigger semantics at the IPC boundary","duration":0.739208000000005,"failureMessages":[],"meta":{},"tags":[]}],"startTime":1788706714724,"endTime":1788706714728.7393,"status":"passed","message":"","name":"/Users/carlos/Documents/Drogon-rewrite/.preflight/parity-baseline/wp-cap-bots-schemas-otoIL4/src/main/ipc/bot-schemas.test.ts"}]}