{"numTotalTestSuites":2,"numPassedTestSuites":2,"numFailedTestSuites":0,"numPendingTestSuites":0,"numTotalTests":9,"numPassedTests":9,"numFailedTests":0,"numPendingTests":0,"numTodoTests":0,"snapshot":{"added":0,"failure":false,"filesAdded":0,"filesRemoved":0,"filesRemovedList":[],"filesUnmatched":0,"filesUpdated":0,"matched":0,"total":0,"unchecked":0,"uncheckedKeysByFile":[],"unmatched":0,"updated":0,"didUpdate":false},"startTime":1788667576642,"success":true,"testResults":[{"assertionResults":[{"ancestorTitles":["relay FrameDecoder bounded turns"],"fullName":"relay FrameDecoder bounded turns retains at most one maximum frame plus one MiB of partial input","status":"passed","title":"retains at most one maximum frame plus one MiB of partial input","duration":30.905958,"failureMessages":[],"meta":{},"tags":[]},{"ancestorTitles":["relay FrameDecoder bounded turns"],"fullName":"relay FrameDecoder bounded turns fails closed when one delivered chunk exceeds retained-input capacity","status":"passed","title":"fails closed when one delivered chunk exceeds retained-input capacity","duration":2.657332999999994,"failureMessages":[],"meta":{},"tags":[]},{"ancestorTitles":["relay FrameDecoder bounded turns"],"fullName":"relay FrameDecoder bounded turns emits the first frame synchronously and preserves order through self-pause","status":"passed","title":"emits the first frame synchronously and preserves order through self-pause","duration":1.0911250000000052,"failureMessages":[],"meta":{},"tags":[]},{"ancestorTitles":["relay FrameDecoder bounded turns"],"fullName":"relay FrameDecoder bounded turns bounds decoded bytes and time independently from the frame count","status":"passed","title":"bounds decoded bytes and time independently from the frame count","duration":0.2692080000000203,"failureMessages":[],"meta":{},"tags":[]},{"ancestorTitles":["relay FrameDecoder bounded turns"],"fullName":"relay FrameDecoder bounded turns releases its pause epoch when continuation scheduling throws","status":"passed","title":"releases its pause epoch when continuation scheduling throws","duration":0.5765419999999892,"failureMessages":[],"meta":{},"tags":[]},{"ancestorTitles":["relay FrameDecoder bounded turns"],"fullName":"relay FrameDecoder bounded turns contains a throwing continuation, resets residue, and reports one typed error","status":"passed","title":"contains a throwing continuation, resets residue, and reports one typed error","duration":0.8920829999999853,"failureMessages":[],"meta":{},"tags":[]},{"ancestorTitles":["relay FrameDecoder bounded turns"],"fullName":"relay FrameDecoder bounded turns keeps reads active for partial frames and incrementally discards oversized payloads","status":"passed","title":"keeps reads active for partial frames and incrementally discards oversized payloads","duration":0.434708999999998,"failureMessages":[],"meta":{},"tags":[]},{"ancestorTitles":["relay FrameDecoder bounded turns"],"fullName":"relay FrameDecoder bounded turns resynchronizes after an oversized payload across bounded discard turns","status":"passed","title":"resynchronizes after an oversized payload across bounded discard turns","duration":2.5925410000000113,"failureMessages":[],"meta":{},"tags":[]},{"ancestorTitles":["relay FrameDecoder bounded turns"],"fullName":"relay FrameDecoder bounded turns drain and reset cancel continuation ownership without replaying residue","status":"passed","title":"drain and reset cancel continuation ownership without replaying residue","duration":0.34720799999999485,"failureMessages":[],"meta":{},"tags":[]}],"startTime":1788667576780,"endTime":1788667576819.5925,"status":"passed","message":"","name":"/Users/carlos/Documents/Drogon-rewrite/.preflight/parity-baseline/audit-relay-protocol-backpressure-XeTzCH/src/relay/protocol-backpressure.test.ts"}]}
