{"numTotalTestSuites":2,"numPassedTestSuites":2,"numFailedTestSuites":0,"numPendingTestSuites":0,"numTotalTests":17,"numPassedTests":17,"numFailedTests":0,"numPendingTests":0,"numTodoTests":0,"snapshot":{"added":0,"failure":false,"filesAdded":0,"filesRemoved":0,"filesRemovedList":[],"filesUnmatched":0,"filesUpdated":0,"matched":0,"total":0,"unchecked":0,"uncheckedKeysByFile":[],"unmatched":0,"updated":0,"didUpdate":false},"startTime":1788666204450,"success":true,"testResults":[{"assertionResults":[{"ancestorTitles":["serve-mode-argv"],"fullName":"serve-mode-argv detects --serve and bare serve subcommand","status":"passed","title":"detects --serve and bare serve subcommand","duration":0.6598339999999894,"failureMessages":[],"meta":{},"tags":[]},{"ancestorTitles":["serve-mode-argv"],"fullName":"serve-mode-argv does not treat serve as a subcommand when it is an option value","status":"passed","title":"does not treat serve as a subcommand when it is an option value","duration":0.3249579999999952,"failureMessages":[],"meta":{},"tags":[]},{"ancestorTitles":["serve-mode-argv"],"fullName":"serve-mode-argv skips a space-separated Chromium switch value while locating serve","status":"passed","title":"skips a space-separated Chromium switch value while locating serve","duration":0.08341599999999971,"failureMessages":[],"meta":{},"tags":[]},{"ancestorTitles":["serve-mode-argv"],"fullName":"serve-mode-argv refuses a help launch instead of binding a server","status":"passed","title":"refuses a help launch instead of binding a server","duration":0.1594999999999942,"failureMessages":[],"meta":{},"tags":[]},{"ancestorTitles":["serve-mode-argv"],"fullName":"serve-mode-argv does not turn `--no-pairing=false` into no-pairing","status":"passed","title":"does not turn `--no-pairing=false` into no-pairing","duration":0.08108400000000415,"failureMessages":[],"meta":{},"tags":[]},{"ancestorTitles":["serve-mode-argv"],"fullName":"serve-mode-argv leaves real GUI launch argv alone","status":"passed","title":"leaves real GUI launch argv alone","duration":0.15670900000000643,"failureMessages":[],"meta":{},"tags":[]},{"ancestorTitles":["serve-mode-argv"],"fullName":"serve-mode-argv does not treat a later positional serve as the subcommand after another command","status":"passed","title":"does not treat a later positional serve as the subcommand after another command","duration":0.04708300000000065,"failureMessages":[],"meta":{},"tags":[]},{"ancestorTitles":["serve-mode-argv"],"fullName":"serve-mode-argv rewrites CLI-form serve flags into --serve* form","status":"passed","title":"rewrites CLI-form serve flags into --serve* form","duration":0.04804099999999778,"failureMessages":[],"meta":{},"tags":[]},{"ancestorTitles":["serve-mode-argv"],"fullName":"serve-mode-argv keeps Electron-injected Chromium switches while normalizing direct serve","status":"passed","title":"keeps Electron-injected Chromium switches while normalizing direct serve","duration":0.04691700000000765,"failureMessages":[],"meta":{},"tags":[]},{"ancestorTitles":["serve-mode-argv"],"fullName":"serve-mode-argv leaves already-normalized argv unchanged","status":"passed","title":"leaves already-normalized argv unchanged","duration":0.06491700000000833,"failureMessages":[],"meta":{},"tags":[]},{"ancestorTitles":["serve-mode-argv"],"fullName":"serve-mode-argv splits `--flag=value` CLI form, which getServeOptions cannot read","status":"passed","title":"splits `--flag=value` CLI form, which getServeOptions cannot read","duration":0.04008299999999565,"failureMessages":[],"meta":{},"tags":[]},{"ancestorTitles":["serve-mode-argv"],"fullName":"serve-mode-argv keeps equals-form values that start with a flag marker intact","status":"passed","title":"keeps equals-form values that start with a flag marker intact","duration":0.02925000000000466,"failureMessages":[],"meta":{},"tags":[]},{"ancestorTitles":["serve-mode-argv"],"fullName":"serve-mode-argv translates serve flags in the mixed `--serve --port` form","status":"passed","title":"translates serve flags in the mixed `--serve --port` form","duration":0.02883299999999167,"failureMessages":[],"meta":{},"tags":[]},{"ancestorTitles":["serve-mode-argv"],"fullName":"serve-mode-argv leaves a non-serve launch untouched","status":"passed","title":"leaves a non-serve launch untouched","duration":0.02954100000000892,"failureMessages":[],"meta":{},"tags":[]},{"ancestorTitles":["serve-mode-argv"],"fullName":"serve-mode-argv does not splice prototype members onto argv for stray positionals","status":"passed","title":"does not splice prototype members onto argv for stray positionals","duration":0.023166999999986615,"failureMessages":[],"meta":{},"tags":[]},{"ancestorTitles":["serve-mode-argv"],"fullName":"serve-mode-argv passes args after `--` through verbatim","status":"passed","title":"passes args after `--` through verbatim","duration":0.026166000000003464,"failureMessages":[],"meta":{},"tags":[]},{"ancestorTitles":["serve-mode-argv"],"fullName":"serve-mode-argv never disagrees with itself about whether a launch is serve mode","status":"passed","title":"never disagrees with itself about whether a launch is serve mode","duration":6.6222080000000005,"failureMessages":[],"meta":{},"tags":[]}],"startTime":1788666204549,"endTime":1788666204557.6223,"status":"passed","message":"","name":"/Users/carlos/Documents/Drogon-rewrite/.preflight/parity-baseline/coordinator-serve-mode-argv-yYRhSV/src/main/startup/serve-mode-argv.test.ts"}]}
