{"numTotalTestSuites":2,"numPassedTestSuites":2,"numFailedTestSuites":0,"numPendingTestSuites":0,"numTotalTests":1,"numPassedTests":1,"numFailedTests":0,"numPendingTests":0,"numTodoTests":0,"snapshot":{"added":0,"failure":false,"filesAdded":0,"filesRemoved":0,"filesRemovedList":[],"filesUnmatched":0,"filesUpdated":0,"matched":0,"total":0,"unchecked":0,"uncheckedKeysByFile":[],"unmatched":0,"updated":0,"didUpdate":false},"startTime":1788663631159,"success":true,"testResults":[{"assertionResults":[{"ancestorTitles":["usage provider preload API"],"fullName":"usage provider preload API keeps every provider on its existing IPC channels","status":"passed","title":"keeps every provider on its existing IPC channels","duration":1.4221670000000017,"failureMessages":[],"meta":{},"tags":[]}],"startTime":1788663631271,"endTime":1788663631272.422,"status":"passed","message":"","name":"/Users/carlos/Documents/Drogon-rewrite/.preflight/parity-baseline/coordinator-usage-api-r5B13q/src/preload/usage-provider-api.test.ts"}]}
