{"numTotalTestSuites":2,"numPassedTestSuites":2,"numFailedTestSuites":0,"numPendingTestSuites":0,"numTotalTests":2,"numPassedTests":2,"numFailedTests":0,"numPendingTests":0,"numTodoTests":0,"snapshot":{"added":0,"failure":false,"filesAdded":0,"filesRemoved":0,"filesRemovedList":[],"filesUnmatched":0,"filesUpdated":0,"matched":0,"total":0,"unchecked":0,"uncheckedKeysByFile":[],"unmatched":0,"updated":0,"didUpdate":false},"startTime":1788667576642,"success":true,"testResults":[{"assertionResults":[{"ancestorTitles":["prepared relay JSON payload framing"],"fullName":"prepared relay JSON payload framing is byte-equivalent to direct composition for every header field","status":"passed","title":"is byte-equivalent to direct composition for every header field","duration":1.2398749999999978,"failureMessages":[],"meta":{},"tags":[]},{"ancestorTitles":["prepared relay JSON payload framing"],"fullName":"prepared relay JSON payload framing accepts the exact payload maximum and rejects one byte more","status":"passed","title":"accepts the exact payload maximum and rejects one byte more","duration":115.81266600000001,"failureMessages":[],"meta":{},"tags":[]}],"startTime":1788667576779,"endTime":1788667576895.8127,"status":"passed","message":"","name":"/Users/carlos/Documents/Drogon-rewrite/.preflight/parity-baseline/audit-relay-protocol-json-payload-k9oRVL/src/relay/protocol-json-payload.test.ts"}]}
