{"numTotalTestSuites":2,"numPassedTestSuites":2,"numFailedTestSuites":0,"numPendingTestSuites":0,"numTotalTests":2,"numPassedTests":2,"numFailedTests":0,"numPendingTests":0,"numTodoTests":0,"snapshot":{"added":0,"failure":false,"filesAdded":0,"filesRemoved":0,"filesRemovedList":[],"filesUnmatched":0,"filesUpdated":0,"matched":0,"total":0,"unchecked":0,"uncheckedKeysByFile":[],"unmatched":0,"updated":0,"didUpdate":false},"startTime":1788665332059,"success":true,"testResults":[{"assertionResults":[{"ancestorTitles":["diagnostic upload HTTP"],"fullName":"diagnostic upload HTTP removes request and response listeners after a successful response","status":"passed","title":"removes request and response listeners after a successful response","duration":1.5692090000000007,"failureMessages":[],"meta":{},"tags":[]},{"ancestorTitles":["diagnostic upload HTTP"],"fullName":"diagnostic upload HTTP removes listeners after rejecting an oversized response","status":"passed","title":"removes listeners after rejecting an oversized response","duration":1.0483330000000137,"failureMessages":[],"meta":{},"tags":[]}],"startTime":1788665332161,"endTime":1788665332164.0483,"status":"passed","message":"","name":"/Users/carlos/Documents/Drogon-rewrite/.preflight/parity-baseline/coordinator-diagnostic-http-1ZeZNG/src/main/observability/diagnostic-upload-http.test.ts"}]}
