{"numTotalTestSuites":2,"numPassedTestSuites":2,"numFailedTestSuites":0,"numPendingTestSuites":0,"numTotalTests":12,"numPassedTests":12,"numFailedTests":0,"numPendingTests":0,"numTodoTests":0,"snapshot":{"added":0,"failure":false,"filesAdded":0,"filesRemoved":0,"filesRemovedList":[],"filesUnmatched":0,"filesUpdated":0,"matched":0,"total":0,"unchecked":0,"uncheckedKeysByFile":[],"unmatched":0,"updated":0,"didUpdate":false},"startTime":1788666788393,"success":true,"testResults":[{"assertionResults":[{"ancestorTitles":["browser client host placement preparation"],"fullName":"browser client host placement preparation starts the exact capable paired host and returns its client identity","status":"passed","title":"starts the exact capable paired host and returns its client identity","duration":2.1853329999999858,"failureMessages":[],"meta":{},"tags":[]},{"ancestorTitles":["browser client host placement preparation"],"fullName":"browser client host placement preparation keeps explicit server placement on the server without probing or starting a client host","status":"passed","title":"keeps explicit server placement on the server without probing or starting a client host","duration":0.16949999999999932,"failureMessages":[],"meta":{},"tags":[]},{"ancestorTitles":["browser client host placement preparation"],"fullName":"browser client host placement preparation keeps disabled new-page switch on the server without probing or starting a client host","status":"passed","title":"keeps disabled new-page switch on the server without probing or starting a client host","duration":0.1322499999999991,"failureMessages":[],"meta":{},"tags":[]},{"ancestorTitles":["browser client host placement preparation"],"fullName":"browser client host placement preparation keeps an older host on the server when any required capability is absent","status":"passed","title":"keeps an older host on the server when any required capability is absent","duration":0.1134580000000085,"failureMessages":[],"meta":{},"tags":[]},{"ancestorTitles":["browser client host placement preparation"],"fullName":"browser client host placement preparation keeps a mobile-scoped pairing on the server even when capabilities are advertised","status":"passed","title":"keeps a mobile-scoped pairing on the server even when capabilities are advertised","duration":0.11279099999998721,"failureMessages":[],"meta":{},"tags":[]},{"ancestorTitles":["browser client host placement preparation"],"fullName":"browser client host placement preparation surfaces a capable host start failure without falling back to server placement","status":"passed","title":"surfaces a capable host start failure without falling back to server placement","duration":0.43704200000001947,"failureMessages":[],"meta":{},"tags":[]},{"ancestorTitles":["browser client host placement preparation"],"fullName":"browser client host placement preparation rejects a runtime identity mismatch before starting a client host","status":"passed","title":"rejects a runtime identity mismatch before starting a client host","duration":0.13137500000001978,"failureMessages":[],"meta":{},"tags":[]},{"ancestorTitles":["browser client host placement preparation"],"fullName":"browser client host placement preparation rejects a non-ready capable runtime instead of changing placement","status":"passed","title":"rejects a non-ready capable runtime instead of changing placement","duration":0.11812499999999204,"failureMessages":[],"meta":{},"tags":[]},{"ancestorTitles":["browser client host placement preparation"],"fullName":"browser client host placement preparation rejects a pairing change observed after status without starting either identity","status":"passed","title":"rejects a pairing change observed after status without starting either identity","duration":0.178875000000005,"failureMessages":[],"meta":{},"tags":[]},{"ancestorTitles":["browser client host placement preparation"],"fullName":"browser client host placement preparation retires the attached host when its pairing changes before placement is returned","status":"passed","title":"retires the attached host when its pairing changes before placement is returned","duration":0.26395800000000236,"failureMessages":[],"meta":{},"tags":[]},{"ancestorTitles":["browser client host placement preparation"],"fullName":"browser client host placement preparation keeps an offline host on the server instead of failing the create","status":"passed","title":"keeps an offline host on the server instead of failing the create","duration":0.11899999999999977,"failureMessages":[],"meta":{},"tags":[]},{"ancestorTitles":["browser client host placement preparation"],"fullName":"browser client host placement preparation keeps a timed-out probe on the server instead of failing the create","status":"passed","title":"keeps a timed-out probe on the server instead of failing the create","duration":0.06758300000001327,"failureMessages":[],"meta":{},"tags":[]}],"startTime":1788666788537,"endTime":1788666788541.264,"status":"passed","message":"","name":"/Users/carlos/Documents/Drogon-rewrite/.preflight/parity-baseline/audit-browser-client-host-placement-preparation-adivvp/src/main/browser/browser-client-host-placement-preparation.test.ts"}]}
