{
  "numTotalTestSuites": 2,
  "numPassedTestSuites": 2,
  "numFailedTestSuites": 0,
  "numPendingTestSuites": 0,
  "numTotalTests": 2,
  "numPassedTests": 2,
  "numFailedTests": 0,
  "numPendingTests": 0,
  "numTodoTests": 0,
  "snapshot": {
    "added": 0,
    "failure": false,
    "filesAdded": 0,
    "filesRemoved": 0,
    "filesRemovedList": [],
    "filesUnmatched": 0,
    "filesUpdated": 0,
    "matched": 0,
    "total": 0,
    "unchecked": 0,
    "uncheckedKeysByFile": [],
    "unmatched": 0,
    "updated": 0,
    "didUpdate": false
  },
  "startTime": 1788672002948,
  "success": true,
  "testResults": [
    {
      "assertionResults": [
        {
          "ancestorTitles": [
            "mac build compatibility metadata"
          ],
          "fullName": "mac build compatibility metadata binds version, commit, and architecture into the packaged contract",
          "status": "passed",
          "title": "binds version, commit, and architecture into the packaged contract",
          "duration": 1.6965840000000014,
          "failureMessages": [],
          "meta": {},
          "tags": []
        },
        {
          "ancestorTitles": [
            "mac build compatibility metadata"
          ],
          "fullName": "mac build compatibility metadata rejects unsupported architecture metadata",
          "status": "passed",
          "title": "rejects unsupported architecture metadata",
          "duration": 0.6077499999999958,
          "failureMessages": [],
          "meta": {},
          "tags": []
        }
      ],
      "startTime": 1788672003045,
      "endTime": 1788672003047.6077,
      "status": "passed",
      "message": "",
      "name": "/Users/carlos/Documents/Drogon-rewrite/.preflight/parity-baseline/audit-mac-build-compatibility-IYsqlk/config/scripts/mac-build-compatibility.test.mjs"
    }
  ]
}
