{"total": {"lines":{"total":35373,"covered":24860,"skipped":0,"pct":70.27},"statements":{"total":39388,"covered":27030,"skipped":0,"pct":68.62},"functions":{"total":9964,"covered":6480,"skipped":0,"pct":65.03},"branches":{"total":31416,"covered":20721,"skipped":0,"pct":65.95},"branchesTrue":{"total":0,"covered":0,"skipped":0,"pct":100}}
,"/Users/carlos/Documents/Drogon/apps/desktop/src/main/agent-settings-bridge.ts": {"lines":{"total":11,"covered":11,"skipped":0,"pct":100},"functions":{"total":2,"covered":2,"skipped":0,"pct":100},"statements":{"total":12,"covered":12,"skipped":0,"pct":100},"branches":{"total":12,"covered":12,"skipped":0,"pct":100}}
,"/Users/carlos/Documents/Drogon/apps/desktop/src/main/app-activity-guard.ts": {"lines":{"total":14,"covered":14,"skipped":0,"pct":100},"functions":{"total":4,"covered":4,"skipped":0,"pct":100},"statements":{"total":16,"covered":16,"skipped":0,"pct":100},"branches":{"total":10,"covered":10,"skipped":0,"pct":100}}
,"/Users/carlos/Documents/Drogon/apps/desktop/src/main/automation-bridge.ts": {"lines":{"total":25,"covered":21,"skipped":0,"pct":84},"functions":{"total":5,"covered":3,"skipped":0,"pct":60},"statements":{"total":30,"covered":25,"skipped":0,"pct":83.33},"branches":{"total":26,"covered":20,"skipped":0,"pct":76.92}}
,"/Users/carlos/Documents/Drogon/apps/desktop/src/main/awake-auto.ts": {"lines":{"total":66,"covered":62,"skipped":0,"pct":93.93},"functions":{"total":13,"covered":11,"skipped":0,"pct":84.61},"statements":{"total":75,"covered":70,"skipped":0,"pct":93.33},"branches":{"total":48,"covered":36,"skipped":0,"pct":75}}
,"/Users/carlos/Documents/Drogon/apps/desktop/src/main/background-test-mode.ts": {"lines":{"total":5,"covered":4,"skipped":0,"pct":80},"functions":{"total":3,"covered":2,"skipped":0,"pct":66.66},"statements":{"total":6,"covered":5,"skipped":0,"pct":83.33},"branches":{"total":5,"covered":4,"skipped":0,"pct":80}}
,"/Users/carlos/Documents/Drogon/apps/desktop/src/main/backups-bridge.ts": {"lines":{"total":72,"covered":53,"skipped":0,"pct":73.61},"functions":{"total":12,"covered":6,"skipped":0,"pct":50},"statements":{"total":75,"covered":55,"skipped":0,"pct":73.33},"branches":{"total":56,"covered":40,"skipped":0,"pct":71.42}}
,"/Users/carlos/Documents/Drogon/apps/desktop/src/main/bot-bridge.ts": {"lines":{"total":114,"covered":81,"skipped":0,"pct":71.05},"functions":{"total":13,"covered":8,"skipped":0,"pct":61.53},"statements":{"total":123,"covered":82,"skipped":0,"pct":66.66},"branches":{"total":108,"covered":77,"skipped":0,"pct":71.29}}
,"/Users/carlos/Documents/Drogon/apps/desktop/src/main/bot-create-bridge.ts": {"lines":{"total":10,"covered":10,"skipped":0,"pct":100},"functions":{"total":1,"covered":1,"skipped":0,"pct":100},"statements":{"total":11,"covered":11,"skipped":0,"pct":100},"branches":{"total":10,"covered":10,"skipped":0,"pct":100}}
,"/Users/carlos/Documents/Drogon/apps/desktop/src/main/build-info.ts": {"lines":{"total":9,"covered":9,"skipped":0,"pct":100},"functions":{"total":2,"covered":2,"skipped":0,"pct":100},"statements":{"total":10,"covered":9,"skipped":0,"pct":90},"branches":{"total":16,"covered":15,"skipped":0,"pct":93.75}}
,"/Users/carlos/Documents/Drogon/apps/desktop/src/main/byte-consistency.ts": {"lines":{"total":2,"covered":2,"skipped":0,"pct":100},"functions":{"total":2,"covered":2,"skipped":0,"pct":100},"statements":{"total":2,"covered":2,"skipped":0,"pct":100},"branches":{"total":0,"covered":0,"skipped":0,"pct":100}}
,"/Users/carlos/Documents/Drogon/apps/desktop/src/main/daemon-artifact.ts": {"lines":{"total":7,"covered":0,"skipped":0,"pct":0},"functions":{"total":1,"covered":0,"skipped":0,"pct":0},"statements":{"total":8,"covered":0,"skipped":0,"pct":0},"branches":{"total":2,"covered":0,"skipped":0,"pct":0}}
,"/Users/carlos/Documents/Drogon/apps/desktop/src/main/daemon-path.ts": {"lines":{"total":8,"covered":8,"skipped":0,"pct":100},"functions":{"total":2,"covered":2,"skipped":0,"pct":100},"statements":{"total":9,"covered":9,"skipped":0,"pct":100},"branches":{"total":8,"covered":8,"skipped":0,"pct":100}}
,"/Users/carlos/Documents/Drogon/apps/desktop/src/main/daemon-restart.ts": {"lines":{"total":128,"covered":111,"skipped":0,"pct":86.71},"functions":{"total":17,"covered":14,"skipped":0,"pct":82.35},"statements":{"total":137,"covered":116,"skipped":0,"pct":84.67},"branches":{"total":86,"covered":69,"skipped":0,"pct":80.23}}
,"/Users/carlos/Documents/Drogon/apps/desktop/src/main/daemon-update-restart.ts": {"lines":{"total":88,"covered":80,"skipped":0,"pct":90.9},"functions":{"total":10,"covered":10,"skipped":0,"pct":100},"statements":{"total":92,"covered":84,"skipped":0,"pct":91.3},"branches":{"total":82,"covered":65,"skipped":0,"pct":79.26}}
,"/Users/carlos/Documents/Drogon/apps/desktop/src/main/daemon-update.ts": {"lines":{"total":10,"covered":10,"skipped":0,"pct":100},"functions":{"total":3,"covered":3,"skipped":0,"pct":100},"statements":{"total":10,"covered":10,"skipped":0,"pct":100},"branches":{"total":10,"covered":10,"skipped":0,"pct":100}}
,"/Users/carlos/Documents/Drogon/apps/desktop/src/main/file-bridge.ts": {"lines":{"total":197,"covered":183,"skipped":0,"pct":92.89},"functions":{"total":25,"covered":21,"skipped":0,"pct":84},"statements":{"total":219,"covered":192,"skipped":0,"pct":87.67},"branches":{"total":176,"covered":154,"skipped":0,"pct":87.5}}
,"/Users/carlos/Documents/Drogon/apps/desktop/src/main/fonts.ts": {"lines":{"total":54,"covered":43,"skipped":0,"pct":79.62},"functions":{"total":24,"covered":19,"skipped":0,"pct":79.16},"statements":{"total":62,"covered":47,"skipped":0,"pct":75.8},"branches":{"total":39,"covered":24,"skipped":0,"pct":61.53}}
,"/Users/carlos/Documents/Drogon/apps/desktop/src/main/git-bridge.ts": {"lines":{"total":24,"covered":17,"skipped":0,"pct":70.83},"functions":{"total":3,"covered":1,"skipped":0,"pct":33.33},"statements":{"total":26,"covered":19,"skipped":0,"pct":73.07},"branches":{"total":16,"covered":10,"skipped":0,"pct":62.5}}
,"/Users/carlos/Documents/Drogon/apps/desktop/src/main/graph-bridge.ts": {"lines":{"total":21,"covered":15,"skipped":0,"pct":71.42},"functions":{"total":3,"covered":1,"skipped":0,"pct":33.33},"statements":{"total":23,"covered":16,"skipped":0,"pct":69.56},"branches":{"total":12,"covered":6,"skipped":0,"pct":50}}
,"/Users/carlos/Documents/Drogon/apps/desktop/src/main/index.ts": {"lines":{"total":306,"covered":0,"skipped":0,"pct":0},"functions":{"total":90,"covered":0,"skipped":0,"pct":0},"statements":{"total":352,"covered":0,"skipped":0,"pct":0},"branches":{"total":248,"covered":0,"skipped":0,"pct":0}}
,"/Users/carlos/Documents/Drogon/apps/desktop/src/main/jira-bridge.ts": {"lines":{"total":22,"covered":16,"skipped":0,"pct":72.72},"functions":{"total":3,"covered":1,"skipped":0,"pct":33.33},"statements":{"total":26,"covered":19,"skipped":0,"pct":73.07},"branches":{"total":16,"covered":10,"skipped":0,"pct":62.5}}
,"/Users/carlos/Documents/Drogon/apps/desktop/src/main/meetings-bridge.ts": {"lines":{"total":32,"covered":28,"skipped":0,"pct":87.5},"functions":{"total":6,"covered":4,"skipped":0,"pct":66.66},"statements":{"total":42,"covered":32,"skipped":0,"pct":76.19},"branches":{"total":32,"covered":22,"skipped":0,"pct":68.75}}
,"/Users/carlos/Documents/Drogon/apps/desktop/src/main/mentu-bridge.ts": {"lines":{"total":76,"covered":57,"skipped":0,"pct":75},"functions":{"total":9,"covered":5,"skipped":0,"pct":55.55},"statements":{"total":83,"covered":59,"skipped":0,"pct":71.08},"branches":{"total":65,"covered":41,"skipped":0,"pct":63.07}}
,"/Users/carlos/Documents/Drogon/apps/desktop/src/main/mentu-open-relay.ts": {"lines":{"total":35,"covered":23,"skipped":0,"pct":65.71},"functions":{"total":9,"covered":5,"skipped":0,"pct":55.55},"statements":{"total":39,"covered":24,"skipped":0,"pct":61.53},"branches":{"total":30,"covered":16,"skipped":0,"pct":53.33}}
,"/Users/carlos/Documents/Drogon/apps/desktop/src/main/native-client.ts": {"lines":{"total":503,"covered":401,"skipped":0,"pct":79.72},"functions":{"total":71,"covered":62,"skipped":0,"pct":87.32},"statements":{"total":556,"covered":428,"skipped":0,"pct":76.97},"branches":{"total":298,"covered":211,"skipped":0,"pct":70.8}}
,"/Users/carlos/Documents/Drogon/apps/desktop/src/main/native-runtime-bootstrap.ts": {"lines":{"total":97,"covered":85,"skipped":0,"pct":87.62},"functions":{"total":24,"covered":18,"skipped":0,"pct":75},"statements":{"total":114,"covered":95,"skipped":0,"pct":83.33},"branches":{"total":58,"covered":45,"skipped":0,"pct":77.58}}
,"/Users/carlos/Documents/Drogon/apps/desktop/src/main/native-theme-bridge.ts": {"lines":{"total":17,"covered":17,"skipped":0,"pct":100},"functions":{"total":6,"covered":6,"skipped":0,"pct":100},"statements":{"total":20,"covered":20,"skipped":0,"pct":100},"branches":{"total":6,"covered":6,"skipped":0,"pct":100}}
,"/Users/carlos/Documents/Drogon/apps/desktop/src/main/project-bridge.ts": {"lines":{"total":56,"covered":42,"skipped":0,"pct":75},"functions":{"total":8,"covered":4,"skipped":0,"pct":50},"statements":{"total":63,"covered":47,"skipped":0,"pct":74.6},"branches":{"total":41,"covered":30,"skipped":0,"pct":73.17}}
,"/Users/carlos/Documents/Drogon/apps/desktop/src/main/session-bridge.ts": {"lines":{"total":17,"covered":16,"skipped":0,"pct":94.11},"functions":{"total":3,"covered":3,"skipped":0,"pct":100},"statements":{"total":18,"covered":17,"skipped":0,"pct":94.44},"branches":{"total":19,"covered":16,"skipped":0,"pct":84.21}}
,"/Users/carlos/Documents/Drogon/apps/desktop/src/main/session-state-bridge.ts": {"lines":{"total":70,"covered":65,"skipped":0,"pct":92.85},"functions":{"total":17,"covered":13,"skipped":0,"pct":76.47},"statements":{"total":79,"covered":71,"skipped":0,"pct":89.87},"branches":{"total":41,"covered":35,"skipped":0,"pct":85.36}}
,"/Users/carlos/Documents/Drogon/apps/desktop/src/main/settings-bridge.ts": {"lines":{"total":59,"covered":38,"skipped":0,"pct":64.4},"functions":{"total":11,"covered":4,"skipped":0,"pct":36.36},"statements":{"total":63,"covered":38,"skipped":0,"pct":60.31},"branches":{"total":60,"covered":27,"skipped":0,"pct":45}}
,"/Users/carlos/Documents/Drogon/apps/desktop/src/main/settings-probes.ts": {"lines":{"total":64,"covered":38,"skipped":0,"pct":59.37},"functions":{"total":13,"covered":6,"skipped":0,"pct":46.15},"statements":{"total":70,"covered":39,"skipped":0,"pct":55.71},"branches":{"total":70,"covered":35,"skipped":0,"pct":50}}
,"/Users/carlos/Documents/Drogon/apps/desktop/src/main/shell-bridge.ts": {"lines":{"total":35,"covered":11,"skipped":0,"pct":31.42},"functions":{"total":6,"covered":2,"skipped":0,"pct":33.33},"statements":{"total":37,"covered":12,"skipped":0,"pct":32.43},"branches":{"total":25,"covered":3,"skipped":0,"pct":12}}
,"/Users/carlos/Documents/Drogon/apps/desktop/src/main/skills-bridge.ts": {"lines":{"total":67,"covered":45,"skipped":0,"pct":67.16},"functions":{"total":11,"covered":4,"skipped":0,"pct":36.36},"statements":{"total":69,"covered":46,"skipped":0,"pct":66.66},"branches":{"total":50,"covered":24,"skipped":0,"pct":48}}
,"/Users/carlos/Documents/Drogon/apps/desktop/src/main/tasks-bridge.ts": {"lines":{"total":69,"covered":62,"skipped":0,"pct":89.85},"functions":{"total":8,"covered":6,"skipped":0,"pct":75},"statements":{"total":85,"covered":71,"skipped":0,"pct":83.52},"branches":{"total":59,"covered":43,"skipped":0,"pct":72.88}}
,"/Users/carlos/Documents/Drogon/apps/desktop/src/main/terminal-file-drop.ts": {"lines":{"total":7,"covered":7,"skipped":0,"pct":100},"functions":{"total":2,"covered":2,"skipped":0,"pct":100},"statements":{"total":8,"covered":8,"skipped":0,"pct":100},"branches":{"total":8,"covered":8,"skipped":0,"pct":100}}
,"/Users/carlos/Documents/Drogon/apps/desktop/src/main/work-bridge.ts": {"lines":{"total":15,"covered":12,"skipped":0,"pct":80},"functions":{"total":4,"covered":2,"skipped":0,"pct":50},"statements":{"total":19,"covered":15,"skipped":0,"pct":78.94},"branches":{"total":11,"covered":9,"skipped":0,"pct":81.81}}
,"/Users/carlos/Documents/Drogon/apps/desktop/src/main/workspace-ui-preferences-bridge.ts": {"lines":{"total":16,"covered":0,"skipped":0,"pct":0},"functions":{"total":5,"covered":0,"skipped":0,"pct":0},"statements":{"total":16,"covered":0,"skipped":0,"pct":0},"branches":{"total":16,"covered":0,"skipped":0,"pct":0}}
,"/Users/carlos/Documents/Drogon/apps/desktop/src/main/workspace-ui-preferences.ts": {"lines":{"total":44,"covered":43,"skipped":0,"pct":97.72},"functions":{"total":15,"covered":15,"skipped":0,"pct":100},"statements":{"total":47,"covered":46,"skipped":0,"pct":97.87},"branches":{"total":60,"covered":59,"skipped":0,"pct":98.33}}
,"/Users/carlos/Documents/Drogon/apps/desktop/src/main/browser/browser-bounds.ts": {"lines":{"total":8,"covered":8,"skipped":0,"pct":100},"functions":{"total":1,"covered":1,"skipped":0,"pct":100},"statements":{"total":9,"covered":9,"skipped":0,"pct":100},"branches":{"total":10,"covered":10,"skipped":0,"pct":100}}
,"/Users/carlos/Documents/Drogon/apps/desktop/src/main/browser/browser-errors.ts": {"lines":{"total":8,"covered":8,"skipped":0,"pct":100},"functions":{"total":1,"covered":1,"skipped":0,"pct":100},"statements":{"total":10,"covered":10,"skipped":0,"pct":100},"branches":{"total":14,"covered":14,"skipped":0,"pct":100}}
,"/Users/carlos/Documents/Drogon/apps/desktop/src/main/browser/browser-guest-chord-forwarding.ts": {"lines":{"total":16,"covered":16,"skipped":0,"pct":100},"functions":{"total":4,"covered":4,"skipped":0,"pct":100},"statements":{"total":18,"covered":18,"skipped":0,"pct":100},"branches":{"total":17,"covered":14,"skipped":0,"pct":82.35}}
,"/Users/carlos/Documents/Drogon/apps/desktop/src/main/browser/browser-host.ts": {"lines":{"total":317,"covered":310,"skipped":0,"pct":97.79},"functions":{"total":74,"covered":73,"skipped":0,"pct":98.64},"statements":{"total":363,"covered":347,"skipped":0,"pct":95.59},"branches":{"total":189,"covered":156,"skipped":0,"pct":82.53}}
,"/Users/carlos/Documents/Drogon/apps/desktop/src/main/browser/browser-ipc.ts": {"lines":{"total":96,"covered":84,"skipped":0,"pct":87.5},"functions":{"total":29,"covered":20,"skipped":0,"pct":68.96},"statements":{"total":117,"covered":99,"skipped":0,"pct":84.61},"branches":{"total":74,"covered":63,"skipped":0,"pct":85.13}}
,"/Users/carlos/Documents/Drogon/apps/desktop/src/main/browser/browser-permission-policy.ts": {"lines":{"total":2,"covered":2,"skipped":0,"pct":100},"functions":{"total":1,"covered":1,"skipped":0,"pct":100},"statements":{"total":2,"covered":2,"skipped":0,"pct":100},"branches":{"total":4,"covered":4,"skipped":0,"pct":100}}
,"/Users/carlos/Documents/Drogon/apps/desktop/src/main/browser/browser-state.ts": {"lines":{"total":42,"covered":42,"skipped":0,"pct":100},"functions":{"total":8,"covered":8,"skipped":0,"pct":100},"statements":{"total":49,"covered":49,"skipped":0,"pct":100},"branches":{"total":53,"covered":52,"skipped":0,"pct":98.11}}
,"/Users/carlos/Documents/Drogon/apps/desktop/src/main/browser/browser-url.ts": {"lines":{"total":15,"covered":15,"skipped":0,"pct":100},"functions":{"total":1,"covered":1,"skipped":0,"pct":100},"statements":{"total":17,"covered":16,"skipped":0,"pct":94.11},"branches":{"total":14,"covered":13,"skipped":0,"pct":92.85}}
,"/Users/carlos/Documents/Drogon/apps/desktop/src/main/browser/relay-poller.ts": {"lines":{"total":132,"covered":61,"skipped":0,"pct":46.21},"functions":{"total":22,"covered":6,"skipped":0,"pct":27.27},"statements":{"total":153,"covered":74,"skipped":0,"pct":48.36},"branches":{"total":74,"covered":41,"skipped":0,"pct":55.4}}
,"/Users/carlos/Documents/Drogon/apps/desktop/src/main/dock/unread-badge.ts": {"lines":{"total":9,"covered":8,"skipped":0,"pct":88.88},"functions":{"total":2,"covered":2,"skipped":0,"pct":100},"statements":{"total":9,"covered":8,"skipped":0,"pct":88.88},"branches":{"total":10,"covered":9,"skipped":0,"pct":90}}
,"/Users/carlos/Documents/Drogon/apps/desktop/src/main/menu/app-menu-selection-item.ts": {"lines":{"total":13,"covered":13,"skipped":0,"pct":100},"functions":{"total":2,"covered":2,"skipped":0,"pct":100},"statements":{"total":13,"covered":13,"skipped":0,"pct":100},"branches":{"total":16,"covered":15,"skipped":0,"pct":93.75}}
,"/Users/carlos/Documents/Drogon/apps/desktop/src/main/menu/editable-context-menu.ts": {"lines":{"total":16,"covered":15,"skipped":0,"pct":93.75},"functions":{"total":4,"covered":3,"skipped":0,"pct":75},"statements":{"total":19,"covered":18,"skipped":0,"pct":94.73},"branches":{"total":12,"covered":9,"skipped":0,"pct":75}}
,"/Users/carlos/Documents/Drogon/apps/desktop/src/main/menu/register-app-menu.ts": {"lines":{"total":79,"covered":69,"skipped":0,"pct":87.34},"functions":{"total":26,"covered":24,"skipped":0,"pct":92.3},"statements":{"total":80,"covered":70,"skipped":0,"pct":87.5},"branches":{"total":36,"covered":28,"skipped":0,"pct":77.77}}
,"/Users/carlos/Documents/Drogon/apps/desktop/src/main/notifications/background-suppression.ts": {"lines":{"total":1,"covered":1,"skipped":0,"pct":100},"functions":{"total":1,"covered":1,"skipped":0,"pct":100},"statements":{"total":1,"covered":1,"skipped":0,"pct":100},"branches":{"total":0,"covered":0,"skipped":0,"pct":100}}
,"/Users/carlos/Documents/Drogon/apps/desktop/src/main/notifications/service.ts": {"lines":{"total":200,"covered":89,"skipped":0,"pct":44.5},"functions":{"total":54,"covered":16,"skipped":0,"pct":29.62},"statements":{"total":242,"covered":98,"skipped":0,"pct":40.49},"branches":{"total":190,"covered":63,"skipped":0,"pct":33.15}}
,"/Users/carlos/Documents/Drogon/apps/desktop/src/main/notifications/settings.ts": {"lines":{"total":26,"covered":25,"skipped":0,"pct":96.15},"functions":{"total":8,"covered":7,"skipped":0,"pct":87.5},"statements":{"total":30,"covered":28,"skipped":0,"pct":93.33},"branches":{"total":12,"covered":10,"skipped":0,"pct":83.33}}
,"/Users/carlos/Documents/Drogon/apps/desktop/src/main/notifications/watcher.ts": {"lines":{"total":39,"covered":39,"skipped":0,"pct":100},"functions":{"total":7,"covered":7,"skipped":0,"pct":100},"statements":{"total":41,"covered":41,"skipped":0,"pct":100},"branches":{"total":39,"covered":36,"skipped":0,"pct":92.3}}
,"/Users/carlos/Documents/Drogon/apps/desktop/src/main/usage/awake.ts": {"lines":{"total":37,"covered":37,"skipped":0,"pct":100},"functions":{"total":8,"covered":8,"skipped":0,"pct":100},"statements":{"total":42,"covered":42,"skipped":0,"pct":100},"branches":{"total":29,"covered":29,"skipped":0,"pct":100}}
,"/Users/carlos/Documents/Drogon/apps/desktop/src/main/usage/claude.ts": {"lines":{"total":48,"covered":22,"skipped":0,"pct":45.83},"functions":{"total":10,"covered":4,"skipped":0,"pct":40},"statements":{"total":50,"covered":22,"skipped":0,"pct":44},"branches":{"total":39,"covered":24,"skipped":0,"pct":61.53}}
,"/Users/carlos/Documents/Drogon/apps/desktop/src/main/usage/codex.ts": {"lines":{"total":106,"covered":97,"skipped":0,"pct":91.5},"functions":{"total":22,"covered":16,"skipped":0,"pct":72.72},"statements":{"total":116,"covered":102,"skipped":0,"pct":87.93},"branches":{"total":48,"covered":34,"skipped":0,"pct":70.83}}
,"/Users/carlos/Documents/Drogon/apps/desktop/src/main/usage/fixture.ts": {"lines":{"total":18,"covered":17,"skipped":0,"pct":94.44},"functions":{"total":3,"covered":3,"skipped":0,"pct":100},"statements":{"total":21,"covered":20,"skipped":0,"pct":95.23},"branches":{"total":28,"covered":28,"skipped":0,"pct":100}}
,"/Users/carlos/Documents/Drogon/apps/desktop/src/main/usage/service.ts": {"lines":{"total":27,"covered":27,"skipped":0,"pct":100},"functions":{"total":11,"covered":11,"skipped":0,"pct":100},"statements":{"total":33,"covered":33,"skipped":0,"pct":100},"branches":{"total":14,"covered":14,"skipped":0,"pct":100}}
,"/Users/carlos/Documents/Drogon/apps/desktop/src/main/usage/store.ts": {"lines":{"total":72,"covered":71,"skipped":0,"pct":98.61},"functions":{"total":23,"covered":21,"skipped":0,"pct":91.3},"statements":{"total":76,"covered":75,"skipped":0,"pct":98.68},"branches":{"total":58,"covered":56,"skipped":0,"pct":96.55}}
,"/Users/carlos/Documents/Drogon/apps/desktop/src/main/usage/system.ts": {"lines":{"total":78,"covered":45,"skipped":0,"pct":57.69},"functions":{"total":11,"covered":5,"skipped":0,"pct":45.45},"statements":{"total":83,"covered":50,"skipped":0,"pct":60.24},"branches":{"total":46,"covered":26,"skipped":0,"pct":56.52}}
,"/Users/carlos/Documents/Drogon/apps/desktop/src/main/usage/windows.ts": {"lines":{"total":86,"covered":84,"skipped":0,"pct":97.67},"functions":{"total":13,"covered":13,"skipped":0,"pct":100},"statements":{"total":99,"covered":96,"skipped":0,"pct":96.96},"branches":{"total":106,"covered":101,"skipped":0,"pct":95.28}}
,"/Users/carlos/Documents/Drogon/apps/desktop/src/main/usage/workspace-paths.ts": {"lines":{"total":8,"covered":8,"skipped":0,"pct":100},"functions":{"total":2,"covered":2,"skipped":0,"pct":100},"statements":{"total":11,"covered":11,"skipped":0,"pct":100},"branches":{"total":7,"covered":6,"skipped":0,"pct":85.71}}
,"/Users/carlos/Documents/Drogon/apps/desktop/src/main/usage/workspace-port-list.ts": {"lines":{"total":25,"covered":24,"skipped":0,"pct":96},"functions":{"total":7,"covered":6,"skipped":0,"pct":85.71},"statements":{"total":30,"covered":27,"skipped":0,"pct":90},"branches":{"total":17,"covered":12,"skipped":0,"pct":70.58}}
,"/Users/carlos/Documents/Drogon/apps/desktop/src/main/usage/workspace-port-rows.ts": {"lines":{"total":9,"covered":9,"skipped":0,"pct":100},"functions":{"total":3,"covered":3,"skipped":0,"pct":100},"statements":{"total":11,"covered":11,"skipped":0,"pct":100},"branches":{"total":21,"covered":21,"skipped":0,"pct":100}}
,"/Users/carlos/Documents/Drogon/apps/desktop/src/main/usage/workspace-ports.ts": {"lines":{"total":177,"covered":116,"skipped":0,"pct":65.53},"functions":{"total":33,"covered":24,"skipped":0,"pct":72.72},"statements":{"total":181,"covered":118,"skipped":0,"pct":65.19},"branches":{"total":133,"covered":89,"skipped":0,"pct":66.91}}
,"/Users/carlos/Documents/Drogon/apps/desktop/src/main/window/window-chrome.ts": {"lines":{"total":8,"covered":8,"skipped":0,"pct":100},"functions":{"total":4,"covered":4,"skipped":0,"pct":100},"statements":{"total":9,"covered":9,"skipped":0,"pct":100},"branches":{"total":13,"covered":13,"skipped":0,"pct":100}}
,"/Users/carlos/Documents/Drogon/apps/desktop/src/main/window/window-state.ts": {"lines":{"total":85,"covered":72,"skipped":0,"pct":84.7},"functions":{"total":20,"covered":17,"skipped":0,"pct":85},"statements":{"total":87,"covered":73,"skipped":0,"pct":83.9},"branches":{"total":43,"covered":32,"skipped":0,"pct":74.41}}
,"/Users/carlos/Documents/Drogon/apps/desktop/src/preload/agent-settings.ts": {"lines":{"total":3,"covered":0,"skipped":0,"pct":0},"functions":{"total":2,"covered":0,"skipped":0,"pct":0},"statements":{"total":3,"covered":0,"skipped":0,"pct":0},"branches":{"total":0,"covered":0,"skipped":0,"pct":100}}
,"/Users/carlos/Documents/Drogon/apps/desktop/src/preload/app-menu.ts": {"lines":{"total":18,"covered":9,"skipped":0,"pct":50},"functions":{"total":12,"covered":5,"skipped":0,"pct":41.66},"statements":{"total":21,"covered":10,"skipped":0,"pct":47.61},"branches":{"total":2,"covered":2,"skipped":0,"pct":100}}
,"/Users/carlos/Documents/Drogon/apps/desktop/src/preload/automation.ts": {"lines":{"total":12,"covered":6,"skipped":0,"pct":50},"functions":{"total":10,"covered":4,"skipped":0,"pct":40},"statements":{"total":12,"covered":6,"skipped":0,"pct":50},"branches":{"total":0,"covered":0,"skipped":0,"pct":100}}
,"/Users/carlos/Documents/Drogon/apps/desktop/src/preload/backups.ts": {"lines":{"total":4,"covered":4,"skipped":0,"pct":100},"functions":{"total":3,"covered":3,"skipped":0,"pct":100},"statements":{"total":4,"covered":4,"skipped":0,"pct":100},"branches":{"total":0,"covered":0,"skipped":0,"pct":100}}
,"/Users/carlos/Documents/Drogon/apps/desktop/src/preload/bot.ts": {"lines":{"total":10,"covered":0,"skipped":0,"pct":0},"functions":{"total":9,"covered":0,"skipped":0,"pct":0},"statements":{"total":10,"covered":0,"skipped":0,"pct":0},"branches":{"total":0,"covered":0,"skipped":0,"pct":100}}
,"/Users/carlos/Documents/Drogon/apps/desktop/src/preload/browser-window-close-installation.ts": {"lines":{"total":5,"covered":0,"skipped":0,"pct":0},"functions":{"total":2,"covered":0,"skipped":0,"pct":0},"statements":{"total":5,"covered":0,"skipped":0,"pct":0},"branches":{"total":0,"covered":0,"skipped":0,"pct":100}}
,"/Users/carlos/Documents/Drogon/apps/desktop/src/preload/browser.ts": {"lines":{"total":36,"covered":10,"skipped":0,"pct":27.77},"functions":{"total":31,"covered":8,"skipped":0,"pct":25.8},"statements":{"total":41,"covered":12,"skipped":0,"pct":29.26},"branches":{"total":6,"covered":6,"skipped":0,"pct":100}}
,"/Users/carlos/Documents/Drogon/apps/desktop/src/preload/close-active-tab-payload-admission.ts": {"lines":{"total":5,"covered":0,"skipped":0,"pct":0},"functions":{"total":1,"covered":0,"skipped":0,"pct":0},"statements":{"total":5,"covered":0,"skipped":0,"pct":0},"branches":{"total":9,"covered":0,"skipped":0,"pct":0}}
,"/Users/carlos/Documents/Drogon/apps/desktop/src/preload/daemon.ts": {"lines":{"total":3,"covered":3,"skipped":0,"pct":100},"functions":{"total":2,"covered":2,"skipped":0,"pct":100},"statements":{"total":3,"covered":3,"skipped":0,"pct":100},"branches":{"total":0,"covered":0,"skipped":0,"pct":100}}
,"/Users/carlos/Documents/Drogon/apps/desktop/src/preload/git.ts": {"lines":{"total":12,"covered":0,"skipped":0,"pct":0},"functions":{"total":11,"covered":0,"skipped":0,"pct":0},"statements":{"total":12,"covered":0,"skipped":0,"pct":0},"branches":{"total":0,"covered":0,"skipped":0,"pct":100}}
,"/Users/carlos/Documents/Drogon/apps/desktop/src/preload/graph.ts": {"lines":{"total":14,"covered":0,"skipped":0,"pct":0},"functions":{"total":13,"covered":0,"skipped":0,"pct":0},"statements":{"total":14,"covered":0,"skipped":0,"pct":0},"branches":{"total":0,"covered":0,"skipped":0,"pct":100}}
,"/Users/carlos/Documents/Drogon/apps/desktop/src/preload/index.ts": {"lines":{"total":42,"covered":0,"skipped":0,"pct":0},"functions":{"total":32,"covered":0,"skipped":0,"pct":0},"statements":{"total":42,"covered":0,"skipped":0,"pct":0},"branches":{"total":12,"covered":0,"skipped":0,"pct":0}}
,"/Users/carlos/Documents/Drogon/apps/desktop/src/preload/jira.ts": {"lines":{"total":21,"covered":0,"skipped":0,"pct":0},"functions":{"total":20,"covered":0,"skipped":0,"pct":0},"statements":{"total":21,"covered":0,"skipped":0,"pct":0},"branches":{"total":0,"covered":0,"skipped":0,"pct":100}}
,"/Users/carlos/Documents/Drogon/apps/desktop/src/preload/meetings.ts": {"lines":{"total":10,"covered":7,"skipped":0,"pct":70},"functions":{"total":7,"covered":4,"skipped":0,"pct":57.14},"statements":{"total":10,"covered":7,"skipped":0,"pct":70},"branches":{"total":4,"covered":4,"skipped":0,"pct":100}}
,"/Users/carlos/Documents/Drogon/apps/desktop/src/preload/mentu.ts": {"lines":{"total":19,"covered":7,"skipped":0,"pct":36.84},"functions":{"total":16,"covered":4,"skipped":0,"pct":25},"statements":{"total":21,"covered":9,"skipped":0,"pct":42.85},"branches":{"total":2,"covered":2,"skipped":0,"pct":100}}
,"/Users/carlos/Documents/Drogon/apps/desktop/src/preload/native-theme.ts": {"lines":{"total":10,"covered":8,"skipped":0,"pct":80},"functions":{"total":5,"covered":3,"skipped":0,"pct":60},"statements":{"total":10,"covered":8,"skipped":0,"pct":80},"branches":{"total":5,"covered":5,"skipped":0,"pct":100}}
,"/Users/carlos/Documents/Drogon/apps/desktop/src/preload/notifications.ts": {"lines":{"total":16,"covered":0,"skipped":0,"pct":0},"functions":{"total":11,"covered":0,"skipped":0,"pct":0},"statements":{"total":16,"covered":0,"skipped":0,"pct":0},"branches":{"total":0,"covered":0,"skipped":0,"pct":100}}
,"/Users/carlos/Documents/Drogon/apps/desktop/src/preload/project.ts": {"lines":{"total":22,"covered":5,"skipped":0,"pct":22.72},"functions":{"total":20,"covered":3,"skipped":0,"pct":15},"statements":{"total":24,"covered":7,"skipped":0,"pct":29.16},"branches":{"total":2,"covered":2,"skipped":0,"pct":100}}
,"/Users/carlos/Documents/Drogon/apps/desktop/src/preload/renderer-restart-wiring.ts": {"lines":{"total":18,"covered":0,"skipped":0,"pct":0},"functions":{"total":6,"covered":0,"skipped":0,"pct":0},"statements":{"total":18,"covered":0,"skipped":0,"pct":0},"branches":{"total":0,"covered":0,"skipped":0,"pct":100}}
,"/Users/carlos/Documents/Drogon/apps/desktop/src/preload/settings.ts": {"lines":{"total":5,"covered":0,"skipped":0,"pct":0},"functions":{"total":4,"covered":0,"skipped":0,"pct":0},"statements":{"total":5,"covered":0,"skipped":0,"pct":0},"branches":{"total":0,"covered":0,"skipped":0,"pct":100}}
,"/Users/carlos/Documents/Drogon/apps/desktop/src/preload/shell.ts": {"lines":{"total":4,"covered":2,"skipped":0,"pct":50},"functions":{"total":3,"covered":1,"skipped":0,"pct":33.33},"statements":{"total":4,"covered":2,"skipped":0,"pct":50},"branches":{"total":0,"covered":0,"skipped":0,"pct":100}}
,"/Users/carlos/Documents/Drogon/apps/desktop/src/preload/skills.ts": {"lines":{"total":2,"covered":0,"skipped":0,"pct":0},"functions":{"total":1,"covered":0,"skipped":0,"pct":0},"statements":{"total":2,"covered":0,"skipped":0,"pct":0},"branches":{"total":0,"covered":0,"skipped":0,"pct":100}}
,"/Users/carlos/Documents/Drogon/apps/desktop/src/preload/tasks.ts": {"lines":{"total":8,"covered":0,"skipped":0,"pct":0},"functions":{"total":7,"covered":0,"skipped":0,"pct":0},"statements":{"total":8,"covered":0,"skipped":0,"pct":0},"branches":{"total":0,"covered":0,"skipped":0,"pct":100}}
,"/Users/carlos/Documents/Drogon/apps/desktop/src/preload/terminal-file-drop.ts": {"lines":{"total":55,"covered":47,"skipped":0,"pct":85.45},"functions":{"total":9,"covered":8,"skipped":0,"pct":88.88},"statements":{"total":68,"covered":52,"skipped":0,"pct":76.47},"branches":{"total":41,"covered":24,"skipped":0,"pct":58.53}}
,"/Users/carlos/Documents/Drogon/apps/desktop/src/preload/usage.ts": {"lines":{"total":4,"covered":0,"skipped":0,"pct":0},"functions":{"total":3,"covered":0,"skipped":0,"pct":0},"statements":{"total":4,"covered":0,"skipped":0,"pct":0},"branches":{"total":0,"covered":0,"skipped":0,"pct":100}}
,"/Users/carlos/Documents/Drogon/apps/desktop/src/preload/work.ts": {"lines":{"total":29,"covered":29,"skipped":0,"pct":100},"functions":{"total":27,"covered":27,"skipped":0,"pct":100},"statements":{"total":29,"covered":29,"skipped":0,"pct":100},"branches":{"total":5,"covered":5,"skipped":0,"pct":100}}
,"/Users/carlos/Documents/Drogon/apps/desktop/src/preload/workspace-ui-preferences.ts": {"lines":{"total":3,"covered":0,"skipped":0,"pct":0},"functions":{"total":2,"covered":0,"skipped":0,"pct":0},"statements":{"total":3,"covered":0,"skipped":0,"pct":0},"branches":{"total":0,"covered":0,"skipped":0,"pct":100}}
,"/Users/carlos/Documents/Drogon/apps/desktop/src/renderer/src/App.tsx": {"lines":{"total":2253,"covered":248,"skipped":0,"pct":11},"functions":{"total":666,"covered":56,"skipped":0,"pct":8.4},"statements":{"total":2606,"covered":283,"skipped":0,"pct":10.85},"branches":{"total":1706,"covered":226,"skipped":0,"pct":13.24}}
,"/Users/carlos/Documents/Drogon/apps/desktop/src/renderer/src/automations-mount.ts": {"lines":{"total":12,"covered":12,"skipped":0,"pct":100},"functions":{"total":6,"covered":6,"skipped":0,"pct":100},"statements":{"total":12,"covered":12,"skipped":0,"pct":100},"branches":{"total":2,"covered":2,"skipped":0,"pct":100}}
,"/Users/carlos/Documents/Drogon/apps/desktop/src/renderer/src/bots-capability.ts": {"lines":{"total":1,"covered":1,"skipped":0,"pct":100},"functions":{"total":0,"covered":0,"skipped":0,"pct":100},"statements":{"total":1,"covered":1,"skipped":0,"pct":100},"branches":{"total":0,"covered":0,"skipped":0,"pct":100}}
,"/Users/carlos/Documents/Drogon/apps/desktop/src/renderer/src/bots-loader.ts": {"lines":{"total":20,"covered":20,"skipped":0,"pct":100},"functions":{"total":4,"covered":4,"skipped":0,"pct":100},"statements":{"total":22,"covered":22,"skipped":0,"pct":100},"branches":{"total":18,"covered":17,"skipped":0,"pct":94.44}}
,"/Users/carlos/Documents/Drogon/apps/desktop/src/renderer/src/bots-mount.ts": {"lines":{"total":47,"covered":42,"skipped":0,"pct":89.36},"functions":{"total":21,"covered":18,"skipped":0,"pct":85.71},"statements":{"total":51,"covered":46,"skipped":0,"pct":90.19},"branches":{"total":62,"covered":43,"skipped":0,"pct":69.35}}
,"/Users/carlos/Documents/Drogon/apps/desktop/src/renderer/src/changes-mount.ts": {"lines":{"total":19,"covered":14,"skipped":0,"pct":73.68},"functions":{"total":15,"covered":10,"skipped":0,"pct":66.66},"statements":{"total":19,"covered":14,"skipped":0,"pct":73.68},"branches":{"total":30,"covered":11,"skipped":0,"pct":36.66}}
,"/Users/carlos/Documents/Drogon/apps/desktop/src/renderer/src/daemon-capabilities.ts": {"lines":{"total":15,"covered":15,"skipped":0,"pct":100},"functions":{"total":8,"covered":8,"skipped":0,"pct":100},"statements":{"total":19,"covered":19,"skipped":0,"pct":100},"branches":{"total":12,"covered":12,"skipped":0,"pct":100}}
,"/Users/carlos/Documents/Drogon/apps/desktop/src/renderer/src/dismissed-sessions.ts": {"lines":{"total":19,"covered":19,"skipped":0,"pct":100},"functions":{"total":5,"covered":5,"skipped":0,"pct":100},"statements":{"total":21,"covered":21,"skipped":0,"pct":100},"branches":{"total":10,"covered":10,"skipped":0,"pct":100}}
,"/Users/carlos/Documents/Drogon/apps/desktop/src/renderer/src/files-mount.ts": {"lines":{"total":18,"covered":15,"skipped":0,"pct":83.33},"functions":{"total":15,"covered":12,"skipped":0,"pct":80},"statements":{"total":19,"covered":16,"skipped":0,"pct":84.21},"branches":{"total":30,"covered":18,"skipped":0,"pct":60}}
,"/Users/carlos/Documents/Drogon/apps/desktop/src/renderer/src/harness-capability.ts": {"lines":{"total":5,"covered":5,"skipped":0,"pct":100},"functions":{"total":4,"covered":4,"skipped":0,"pct":100},"statements":{"total":5,"covered":5,"skipped":0,"pct":100},"branches":{"total":0,"covered":0,"skipped":0,"pct":100}}
,"/Users/carlos/Documents/Drogon/apps/desktop/src/renderer/src/harness-launch-form.ts": {"lines":{"total":27,"covered":27,"skipped":0,"pct":100},"functions":{"total":8,"covered":8,"skipped":0,"pct":100},"statements":{"total":30,"covered":29,"skipped":0,"pct":96.66},"branches":{"total":32,"covered":31,"skipped":0,"pct":96.87}}
,"/Users/carlos/Documents/Drogon/apps/desktop/src/renderer/src/harness-launch-recovery.ts": {"lines":{"total":36,"covered":36,"skipped":0,"pct":100},"functions":{"total":12,"covered":12,"skipped":0,"pct":100},"statements":{"total":42,"covered":40,"skipped":0,"pct":95.23},"branches":{"total":38,"covered":36,"skipped":0,"pct":94.73}}
,"/Users/carlos/Documents/Drogon/apps/desktop/src/renderer/src/main.tsx": {"lines":{"total":3,"covered":0,"skipped":0,"pct":0},"functions":{"total":0,"covered":0,"skipped":0,"pct":100},"statements":{"total":3,"covered":0,"skipped":0,"pct":0},"branches":{"total":2,"covered":0,"skipped":0,"pct":0}}
,"/Users/carlos/Documents/Drogon/apps/desktop/src/renderer/src/meetings-mount.ts": {"lines":{"total":18,"covered":18,"skipped":0,"pct":100},"functions":{"total":12,"covered":12,"skipped":0,"pct":100},"statements":{"total":19,"covered":18,"skipped":0,"pct":94.73},"branches":{"total":17,"covered":11,"skipped":0,"pct":64.7}}
,"/Users/carlos/Documents/Drogon/apps/desktop/src/renderer/src/mentu-mount.ts": {"lines":{"total":8,"covered":7,"skipped":0,"pct":87.5},"functions":{"total":7,"covered":6,"skipped":0,"pct":85.71},"statements":{"total":9,"covered":8,"skipped":0,"pct":88.88},"branches":{"total":8,"covered":7,"skipped":0,"pct":87.5}}
,"/Users/carlos/Documents/Drogon/apps/desktop/src/renderer/src/repro-demo-tour.ts": {"lines":{"total":25,"covered":25,"skipped":0,"pct":100},"functions":{"total":6,"covered":5,"skipped":0,"pct":83.33},"statements":{"total":30,"covered":28,"skipped":0,"pct":93.33},"branches":{"total":27,"covered":25,"skipped":0,"pct":92.59}}
,"/Users/carlos/Documents/Drogon/apps/desktop/src/renderer/src/route-panel-contract.ts": {"lines":{"total":39,"covered":38,"skipped":0,"pct":97.43},"functions":{"total":11,"covered":11,"skipped":0,"pct":100},"statements":{"total":46,"covered":44,"skipped":0,"pct":95.65},"branches":{"total":30,"covered":28,"skipped":0,"pct":93.33}}
,"/Users/carlos/Documents/Drogon/apps/desktop/src/renderer/src/session-label.ts": {"lines":{"total":3,"covered":3,"skipped":0,"pct":100},"functions":{"total":2,"covered":2,"skipped":0,"pct":100},"statements":{"total":3,"covered":3,"skipped":0,"pct":100},"branches":{"total":6,"covered":5,"skipped":0,"pct":83.33}}
,"/Users/carlos/Documents/Drogon/apps/desktop/src/renderer/src/session-projection.ts": {"lines":{"total":5,"covered":5,"skipped":0,"pct":100},"functions":{"total":3,"covered":3,"skipped":0,"pct":100},"statements":{"total":8,"covered":8,"skipped":0,"pct":100},"branches":{"total":12,"covered":11,"skipped":0,"pct":91.66}}
,"/Users/carlos/Documents/Drogon/apps/desktop/src/renderer/src/session-recovery.ts": {"lines":{"total":18,"covered":18,"skipped":0,"pct":100},"functions":{"total":8,"covered":8,"skipped":0,"pct":100},"statements":{"total":22,"covered":22,"skipped":0,"pct":100},"branches":{"total":22,"covered":22,"skipped":0,"pct":100}}
,"/Users/carlos/Documents/Drogon/apps/desktop/src/renderer/src/settings-panel.tsx": {"lines":{"total":5,"covered":4,"skipped":0,"pct":80},"functions":{"total":3,"covered":2,"skipped":0,"pct":66.66},"statements":{"total":5,"covered":4,"skipped":0,"pct":80},"branches":{"total":0,"covered":0,"skipped":0,"pct":100}}
,"/Users/carlos/Documents/Drogon/apps/desktop/src/renderer/src/settings-store.ts": {"lines":{"total":199,"covered":189,"skipped":0,"pct":94.97},"functions":{"total":27,"covered":27,"skipped":0,"pct":100},"statements":{"total":220,"covered":208,"skipped":0,"pct":94.54},"branches":{"total":198,"covered":185,"skipped":0,"pct":93.43}}
,"/Users/carlos/Documents/Drogon/apps/desktop/src/renderer/src/shortcuts.ts": {"lines":{"total":11,"covered":11,"skipped":0,"pct":100},"functions":{"total":6,"covered":6,"skipped":0,"pct":100},"statements":{"total":13,"covered":13,"skipped":0,"pct":100},"branches":{"total":8,"covered":7,"skipped":0,"pct":87.5}}
,"/Users/carlos/Documents/Drogon/apps/desktop/src/renderer/src/tasks-mount.ts": {"lines":{"total":21,"covered":21,"skipped":0,"pct":100},"functions":{"total":16,"covered":16,"skipped":0,"pct":100},"statements":{"total":21,"covered":21,"skipped":0,"pct":100},"branches":{"total":20,"covered":13,"skipped":0,"pct":65}}
,"/Users/carlos/Documents/Drogon/apps/desktop/src/renderer/src/theme.ts": {"lines":{"total":5,"covered":5,"skipped":0,"pct":100},"functions":{"total":3,"covered":3,"skipped":0,"pct":100},"statements":{"total":7,"covered":7,"skipped":0,"pct":100},"branches":{"total":8,"covered":8,"skipped":0,"pct":100}}
,"/Users/carlos/Documents/Drogon/apps/desktop/src/renderer/src/work-graph-mount.ts": {"lines":{"total":8,"covered":5,"skipped":0,"pct":62.5},"functions":{"total":6,"covered":4,"skipped":0,"pct":66.66},"statements":{"total":9,"covered":6,"skipped":0,"pct":66.66},"branches":{"total":20,"covered":18,"skipped":0,"pct":90}}
,"/Users/carlos/Documents/Drogon/apps/desktop/src/renderer/src/work-mount.ts": {"lines":{"total":6,"covered":2,"skipped":0,"pct":33.33},"functions":{"total":2,"covered":0,"skipped":0,"pct":0},"statements":{"total":7,"covered":2,"skipped":0,"pct":28.57},"branches":{"total":4,"covered":0,"skipped":0,"pct":0}}
,"/Users/carlos/Documents/Drogon/apps/desktop/src/renderer/src/workspace-selection.ts": {"lines":{"total":18,"covered":18,"skipped":0,"pct":100},"functions":{"total":5,"covered":5,"skipped":0,"pct":100},"statements":{"total":20,"covered":20,"skipped":0,"pct":100},"branches":{"total":20,"covered":20,"skipped":0,"pct":100}}
,"/Users/carlos/Documents/Drogon/apps/desktop/src/renderer/src/app-shell/shutdown-checkpoint-persist.ts": {"lines":{"total":34,"covered":0,"skipped":0,"pct":0},"functions":{"total":4,"covered":0,"skipped":0,"pct":0},"statements":{"total":34,"covered":0,"skipped":0,"pct":0},"branches":{"total":18,"covered":0,"skipped":0,"pct":0}}
,"/Users/carlos/Documents/Drogon/apps/desktop/src/renderer/src/components/ShortcutKeyCombo.tsx": {"lines":{"total":4,"covered":4,"skipped":0,"pct":100},"functions":{"total":3,"covered":3,"skipped":0,"pct":100},"statements":{"total":4,"covered":4,"skipped":0,"pct":100},"branches":{"total":14,"covered":11,"skipped":0,"pct":78.57}}
,"/Users/carlos/Documents/Drogon/apps/desktop/src/renderer/src/components/shortcut-labels.ts": {"lines":{"total":14,"covered":14,"skipped":0,"pct":100},"functions":{"total":7,"covered":7,"skipped":0,"pct":100},"statements":{"total":18,"covered":16,"skipped":0,"pct":88.88},"branches":{"total":16,"covered":11,"skipped":0,"pct":68.75}}
,"/Users/carlos/Documents/Drogon/apps/desktop/src/renderer/src/components/command-palette/CommandPalette.tsx": {"lines":{"total":106,"covered":58,"skipped":0,"pct":54.71},"functions":{"total":38,"covered":14,"skipped":0,"pct":36.84},"statements":{"total":123,"covered":63,"skipped":0,"pct":51.21},"branches":{"total":73,"covered":27,"skipped":0,"pct":36.98}}
,"/Users/carlos/Documents/Drogon/apps/desktop/src/renderer/src/components/command-palette/command-registry.ts": {"lines":{"total":89,"covered":73,"skipped":0,"pct":82.02},"functions":{"total":41,"covered":33,"skipped":0,"pct":80.48},"statements":{"total":110,"covered":89,"skipped":0,"pct":80.9},"branches":{"total":118,"covered":91,"skipped":0,"pct":77.11}}
,"/Users/carlos/Documents/Drogon/apps/desktop/src/renderer/src/components/command-palette/focus-restore.ts": {"lines":{"total":7,"covered":7,"skipped":0,"pct":100},"functions":{"total":1,"covered":1,"skipped":0,"pct":100},"statements":{"total":7,"covered":7,"skipped":0,"pct":100},"branches":{"total":9,"covered":9,"skipped":0,"pct":100}}
,"/Users/carlos/Documents/Drogon/apps/desktop/src/renderer/src/components/command-palette/harness-menu.ts": {"lines":{"total":5,"covered":0,"skipped":0,"pct":0},"functions":{"total":1,"covered":0,"skipped":0,"pct":0},"statements":{"total":5,"covered":0,"skipped":0,"pct":0},"branches":{"total":5,"covered":0,"skipped":0,"pct":0}}
,"/Users/carlos/Documents/Drogon/apps/desktop/src/renderer/src/components/command-palette/index.ts": {"lines":{"total":0,"covered":0,"skipped":0,"pct":100},"functions":{"total":0,"covered":0,"skipped":0,"pct":100},"statements":{"total":0,"covered":0,"skipped":0,"pct":100},"branches":{"total":0,"covered":0,"skipped":0,"pct":100}}
,"/Users/carlos/Documents/Drogon/apps/desktop/src/renderer/src/components/command-palette/quick-open-matches.ts": {"lines":{"total":72,"covered":69,"skipped":0,"pct":95.83},"functions":{"total":10,"covered":9,"skipped":0,"pct":90},"statements":{"total":85,"covered":79,"skipped":0,"pct":92.94},"branches":{"total":55,"covered":48,"skipped":0,"pct":87.27}}
,"/Users/carlos/Documents/Drogon/apps/desktop/src/renderer/src/components/command-palette/recent-commands.ts": {"lines":{"total":21,"covered":19,"skipped":0,"pct":90.47},"functions":{"total":6,"covered":6,"skipped":0,"pct":100},"statements":{"total":23,"covered":20,"skipped":0,"pct":86.95},"branches":{"total":16,"covered":13,"skipped":0,"pct":81.25}}
,"/Users/carlos/Documents/Drogon/apps/desktop/src/renderer/src/components/command-palette/render-cap.ts": {"lines":{"total":4,"covered":4,"skipped":0,"pct":100},"functions":{"total":1,"covered":1,"skipped":0,"pct":100},"statements":{"total":4,"covered":4,"skipped":0,"pct":100},"branches":{"total":6,"covered":6,"skipped":0,"pct":100}}
,"/Users/carlos/Documents/Drogon/apps/desktop/src/renderer/src/components/icons/JiraIcon.tsx": {"lines":{"total":1,"covered":1,"skipped":0,"pct":100},"functions":{"total":1,"covered":1,"skipped":0,"pct":100},"statements":{"total":1,"covered":1,"skipped":0,"pct":100},"branches":{"total":0,"covered":0,"skipped":0,"pct":100}}
,"/Users/carlos/Documents/Drogon/apps/desktop/src/renderer/src/components/icons/LinearIcon.tsx": {"lines":{"total":1,"covered":1,"skipped":0,"pct":100},"functions":{"total":1,"covered":1,"skipped":0,"pct":100},"statements":{"total":1,"covered":1,"skipped":0,"pct":100},"branches":{"total":0,"covered":0,"skipped":0,"pct":100}}
,"/Users/carlos/Documents/Drogon/apps/desktop/src/renderer/src/components/status-bar/StatusBar.tsx": {"lines":{"total":101,"covered":85,"skipped":0,"pct":84.15},"functions":{"total":36,"covered":25,"skipped":0,"pct":69.44},"statements":{"total":108,"covered":87,"skipped":0,"pct":80.55},"branches":{"total":122,"covered":91,"skipped":0,"pct":74.59}}
,"/Users/carlos/Documents/Drogon/apps/desktop/src/renderer/src/components/status-bar/StatusBarUsageEmptyCta.tsx": {"lines":{"total":3,"covered":3,"skipped":0,"pct":100},"functions":{"total":2,"covered":2,"skipped":0,"pct":100},"statements":{"total":3,"covered":3,"skipped":0,"pct":100},"branches":{"total":0,"covered":0,"skipped":0,"pct":100}}
,"/Users/carlos/Documents/Drogon/apps/desktop/src/renderer/src/components/status-bar/UsageRosterPanel.tsx": {"lines":{"total":22,"covered":21,"skipped":0,"pct":95.45},"functions":{"total":11,"covered":10,"skipped":0,"pct":90.9},"statements":{"total":22,"covered":21,"skipped":0,"pct":95.45},"branches":{"total":36,"covered":28,"skipped":0,"pct":77.77}}
,"/Users/carlos/Documents/Drogon/apps/desktop/src/renderer/src/components/status-bar/provider-icons.tsx": {"lines":{"total":2,"covered":2,"skipped":0,"pct":100},"functions":{"total":2,"covered":2,"skipped":0,"pct":100},"statements":{"total":2,"covered":2,"skipped":0,"pct":100},"branches":{"total":2,"covered":2,"skipped":0,"pct":100}}
,"/Users/carlos/Documents/Drogon/apps/desktop/src/renderer/src/components/status-bar/status-bar-copy.ts": {"lines":{"total":91,"covered":90,"skipped":0,"pct":98.9},"functions":{"total":32,"covered":32,"skipped":0,"pct":100},"statements":{"total":106,"covered":103,"skipped":0,"pct":97.16},"branches":{"total":97,"covered":88,"skipped":0,"pct":90.72}}
,"/Users/carlos/Documents/Drogon/apps/desktop/src/renderer/src/components/status-bar/status-bar-narrow.ts": {"lines":{"total":14,"covered":14,"skipped":0,"pct":100},"functions":{"total":4,"covered":4,"skipped":0,"pct":100},"statements":{"total":16,"covered":16,"skipped":0,"pct":100},"branches":{"total":4,"covered":4,"skipped":0,"pct":100}}
,"/Users/carlos/Documents/Drogon/apps/desktop/src/renderer/src/components/ui/accordion.tsx": {"lines":{"total":4,"covered":4,"skipped":0,"pct":100},"functions":{"total":4,"covered":4,"skipped":0,"pct":100},"statements":{"total":4,"covered":4,"skipped":0,"pct":100},"branches":{"total":0,"covered":0,"skipped":0,"pct":100}}
,"/Users/carlos/Documents/Drogon/apps/desktop/src/renderer/src/components/ui/badge.tsx": {"lines":{"total":3,"covered":3,"skipped":0,"pct":100},"functions":{"total":1,"covered":1,"skipped":0,"pct":100},"statements":{"total":3,"covered":3,"skipped":0,"pct":100},"branches":{"total":4,"covered":4,"skipped":0,"pct":100}}
,"/Users/carlos/Documents/Drogon/apps/desktop/src/renderer/src/components/ui/button-group.tsx": {"lines":{"total":2,"covered":2,"skipped":0,"pct":100},"functions":{"total":1,"covered":1,"skipped":0,"pct":100},"statements":{"total":2,"covered":2,"skipped":0,"pct":100},"branches":{"total":0,"covered":0,"skipped":0,"pct":100}}
,"/Users/carlos/Documents/Drogon/apps/desktop/src/renderer/src/components/ui/button.tsx": {"lines":{"total":4,"covered":4,"skipped":0,"pct":100},"functions":{"total":1,"covered":1,"skipped":0,"pct":100},"statements":{"total":4,"covered":4,"skipped":0,"pct":100},"branches":{"total":5,"covered":5,"skipped":0,"pct":100}}
,"/Users/carlos/Documents/Drogon/apps/desktop/src/renderer/src/components/ui/card.tsx": {"lines":{"total":5,"covered":5,"skipped":0,"pct":100},"functions":{"total":5,"covered":5,"skipped":0,"pct":100},"statements":{"total":5,"covered":5,"skipped":0,"pct":100},"branches":{"total":0,"covered":0,"skipped":0,"pct":100}}
,"/Users/carlos/Documents/Drogon/apps/desktop/src/renderer/src/components/ui/checkbox.tsx": {"lines":{"total":1,"covered":1,"skipped":0,"pct":100},"functions":{"total":1,"covered":1,"skipped":0,"pct":100},"statements":{"total":1,"covered":1,"skipped":0,"pct":100},"branches":{"total":2,"covered":2,"skipped":0,"pct":100}}
,"/Users/carlos/Documents/Drogon/apps/desktop/src/renderer/src/components/ui/collapsible.tsx": {"lines":{"total":3,"covered":3,"skipped":0,"pct":100},"functions":{"total":3,"covered":3,"skipped":0,"pct":100},"statements":{"total":3,"covered":3,"skipped":0,"pct":100},"branches":{"total":0,"covered":0,"skipped":0,"pct":100}}
,"/Users/carlos/Documents/Drogon/apps/desktop/src/renderer/src/components/ui/command.tsx": {"lines":{"total":27,"covered":18,"skipped":0,"pct":66.66},"functions":{"total":12,"covered":10,"skipped":0,"pct":83.33},"statements":{"total":28,"covered":19,"skipped":0,"pct":67.85},"branches":{"total":12,"covered":3,"skipped":0,"pct":25}}
,"/Users/carlos/Documents/Drogon/apps/desktop/src/renderer/src/components/ui/context-menu.tsx": {"lines":{"total":12,"covered":6,"skipped":0,"pct":50},"functions":{"total":12,"covered":6,"skipped":0,"pct":50},"statements":{"total":12,"covered":6,"skipped":0,"pct":50},"branches":{"total":1,"covered":1,"skipped":0,"pct":100}}
,"/Users/carlos/Documents/Drogon/apps/desktop/src/renderer/src/components/ui/dialog.tsx": {"lines":{"total":10,"covered":9,"skipped":0,"pct":90},"functions":{"total":10,"covered":9,"skipped":0,"pct":90},"statements":{"total":10,"covered":9,"skipped":0,"pct":90},"branches":{"total":6,"covered":5,"skipped":0,"pct":83.33}}
,"/Users/carlos/Documents/Drogon/apps/desktop/src/renderer/src/components/ui/dropdown-menu.tsx": {"lines":{"total":14,"covered":13,"skipped":0,"pct":92.85},"functions":{"total":14,"covered":13,"skipped":0,"pct":92.85},"statements":{"total":14,"covered":13,"skipped":0,"pct":92.85},"branches":{"total":4,"covered":3,"skipped":0,"pct":75}}
,"/Users/carlos/Documents/Drogon/apps/desktop/src/renderer/src/components/ui/hover-card.tsx": {"lines":{"total":3,"covered":3,"skipped":0,"pct":100},"functions":{"total":3,"covered":3,"skipped":0,"pct":100},"statements":{"total":3,"covered":3,"skipped":0,"pct":100},"branches":{"total":2,"covered":2,"skipped":0,"pct":100}}
,"/Users/carlos/Documents/Drogon/apps/desktop/src/renderer/src/components/ui/input.tsx": {"lines":{"total":3,"covered":3,"skipped":0,"pct":100},"functions":{"total":1,"covered":1,"skipped":0,"pct":100},"statements":{"total":3,"covered":3,"skipped":0,"pct":100},"branches":{"total":0,"covered":0,"skipped":0,"pct":100}}
,"/Users/carlos/Documents/Drogon/apps/desktop/src/renderer/src/components/ui/label.tsx": {"lines":{"total":1,"covered":1,"skipped":0,"pct":100},"functions":{"total":1,"covered":1,"skipped":0,"pct":100},"statements":{"total":1,"covered":1,"skipped":0,"pct":100},"branches":{"total":0,"covered":0,"skipped":0,"pct":100}}
,"/Users/carlos/Documents/Drogon/apps/desktop/src/renderer/src/components/ui/popover.tsx": {"lines":{"total":57,"covered":20,"skipped":0,"pct":35.08},"functions":{"total":13,"covered":7,"skipped":0,"pct":53.84},"statements":{"total":58,"covered":20,"skipped":0,"pct":34.48},"branches":{"total":58,"covered":13,"skipped":0,"pct":22.41}}
,"/Users/carlos/Documents/Drogon/apps/desktop/src/renderer/src/components/ui/progress.tsx": {"lines":{"total":1,"covered":1,"skipped":0,"pct":100},"functions":{"total":1,"covered":1,"skipped":0,"pct":100},"statements":{"total":1,"covered":1,"skipped":0,"pct":100},"branches":{"total":2,"covered":1,"skipped":0,"pct":50}}
,"/Users/carlos/Documents/Drogon/apps/desktop/src/renderer/src/components/ui/radix-jsdom-stubs.ts": {"lines":{"total":24,"covered":15,"skipped":0,"pct":62.5},"functions":{"total":11,"covered":9,"skipped":0,"pct":81.81},"statements":{"total":27,"covered":17,"skipped":0,"pct":62.96},"branches":{"total":8,"covered":7,"skipped":0,"pct":87.5}}
,"/Users/carlos/Documents/Drogon/apps/desktop/src/renderer/src/components/ui/scroll-area.tsx": {"lines":{"total":2,"covered":2,"skipped":0,"pct":100},"functions":{"total":2,"covered":2,"skipped":0,"pct":100},"statements":{"total":2,"covered":2,"skipped":0,"pct":100},"branches":{"total":5,"covered":4,"skipped":0,"pct":80}}
,"/Users/carlos/Documents/Drogon/apps/desktop/src/renderer/src/components/ui/select.tsx": {"lines":{"total":10,"covered":7,"skipped":0,"pct":70},"functions":{"total":10,"covered":7,"skipped":0,"pct":70},"statements":{"total":10,"covered":7,"skipped":0,"pct":70},"branches":{"total":9,"covered":7,"skipped":0,"pct":77.77}}
,"/Users/carlos/Documents/Drogon/apps/desktop/src/renderer/src/components/ui/separator.tsx": {"lines":{"total":1,"covered":1,"skipped":0,"pct":100},"functions":{"total":1,"covered":1,"skipped":0,"pct":100},"statements":{"total":1,"covered":1,"skipped":0,"pct":100},"branches":{"total":2,"covered":2,"skipped":0,"pct":100}}
,"/Users/carlos/Documents/Drogon/apps/desktop/src/renderer/src/components/ui/sheet.tsx": {"lines":{"total":9,"covered":8,"skipped":0,"pct":88.88},"functions":{"total":8,"covered":7,"skipped":0,"pct":87.5},"statements":{"total":9,"covered":8,"skipped":0,"pct":88.88},"branches":{"total":4,"covered":4,"skipped":0,"pct":100}}
,"/Users/carlos/Documents/Drogon/apps/desktop/src/renderer/src/components/ui/sonner.tsx": {"lines":{"total":10,"covered":1,"skipped":0,"pct":10},"functions":{"total":6,"covered":0,"skipped":0,"pct":0},"statements":{"total":13,"covered":1,"skipped":0,"pct":7.69},"branches":{"total":6,"covered":0,"skipped":0,"pct":0}}
,"/Users/carlos/Documents/Drogon/apps/desktop/src/renderer/src/components/ui/switch.tsx": {"lines":{"total":7,"covered":7,"skipped":0,"pct":100},"functions":{"total":2,"covered":2,"skipped":0,"pct":100},"statements":{"total":7,"covered":7,"skipped":0,"pct":100},"branches":{"total":7,"covered":7,"skipped":0,"pct":100}}
,"/Users/carlos/Documents/Drogon/apps/desktop/src/renderer/src/components/ui/tabs.tsx": {"lines":{"total":5,"covered":5,"skipped":0,"pct":100},"functions":{"total":4,"covered":4,"skipped":0,"pct":100},"statements":{"total":5,"covered":5,"skipped":0,"pct":100},"branches":{"total":2,"covered":2,"skipped":0,"pct":100}}
,"/Users/carlos/Documents/Drogon/apps/desktop/src/renderer/src/components/ui/textarea.tsx": {"lines":{"total":3,"covered":3,"skipped":0,"pct":100},"functions":{"total":1,"covered":1,"skipped":0,"pct":100},"statements":{"total":3,"covered":3,"skipped":0,"pct":100},"branches":{"total":0,"covered":0,"skipped":0,"pct":100}}
,"/Users/carlos/Documents/Drogon/apps/desktop/src/renderer/src/components/ui/toggle-group.tsx": {"lines":{"total":5,"covered":5,"skipped":0,"pct":100},"functions":{"total":3,"covered":3,"skipped":0,"pct":100},"statements":{"total":6,"covered":6,"skipped":0,"pct":100},"branches":{"total":9,"covered":7,"skipped":0,"pct":77.77}}
,"/Users/carlos/Documents/Drogon/apps/desktop/src/renderer/src/components/ui/toggle.tsx": {"lines":{"total":2,"covered":2,"skipped":0,"pct":100},"functions":{"total":1,"covered":1,"skipped":0,"pct":100},"statements":{"total":2,"covered":2,"skipped":0,"pct":100},"branches":{"total":0,"covered":0,"skipped":0,"pct":100}}
,"/Users/carlos/Documents/Drogon/apps/desktop/src/renderer/src/components/ui/tooltip.tsx": {"lines":{"total":4,"covered":4,"skipped":0,"pct":100},"functions":{"total":4,"covered":4,"skipped":0,"pct":100},"statements":{"total":4,"covered":4,"skipped":0,"pct":100},"branches":{"total":6,"covered":5,"skipped":0,"pct":83.33}}
,"/Users/carlos/Documents/Drogon/apps/desktop/src/renderer/src/components/ui/__oracle__/toast-pointer-bounds-main.tsx": {"lines":{"total":42,"covered":0,"skipped":0,"pct":0},"functions":{"total":25,"covered":0,"skipped":0,"pct":0},"statements":{"total":49,"covered":0,"skipped":0,"pct":0},"branches":{"total":26,"covered":0,"skipped":0,"pct":0}}
,"/Users/carlos/Documents/Drogon/apps/desktop/src/renderer/src/features/agent-runtime/ModelPicker.tsx": {"lines":{"total":69,"covered":57,"skipped":0,"pct":82.6},"functions":{"total":26,"covered":22,"skipped":0,"pct":84.61},"statements":{"total":80,"covered":65,"skipped":0,"pct":81.25},"branches":{"total":71,"covered":56,"skipped":0,"pct":78.87}}
,"/Users/carlos/Documents/Drogon/apps/desktop/src/renderer/src/features/agent-runtime/harness-catalog.ts": {"lines":{"total":24,"covered":24,"skipped":0,"pct":100},"functions":{"total":6,"covered":6,"skipped":0,"pct":100},"statements":{"total":27,"covered":26,"skipped":0,"pct":96.29},"branches":{"total":8,"covered":7,"skipped":0,"pct":87.5}}
,"/Users/carlos/Documents/Drogon/apps/desktop/src/renderer/src/features/agent-runtime/model-catalog.ts": {"lines":{"total":40,"covered":36,"skipped":0,"pct":90},"functions":{"total":7,"covered":5,"skipped":0,"pct":71.42},"statements":{"total":43,"covered":37,"skipped":0,"pct":86.04},"branches":{"total":18,"covered":17,"skipped":0,"pct":94.44}}
,"/Users/carlos/Documents/Drogon/apps/desktop/src/renderer/src/features/automations/AutomationCustomCronPanel.tsx": {"lines":{"total":20,"covered":3,"skipped":0,"pct":15},"functions":{"total":7,"covered":0,"skipped":0,"pct":0},"statements":{"total":22,"covered":3,"skipped":0,"pct":13.63},"branches":{"total":12,"covered":0,"skipped":0,"pct":0}}
,"/Users/carlos/Documents/Drogon/apps/desktop/src/renderer/src/features/automations/AutomationDeleteDialogs.tsx": {"lines":{"total":29,"covered":14,"skipped":0,"pct":48.27},"functions":{"total":12,"covered":3,"skipped":0,"pct":25},"statements":{"total":32,"covered":14,"skipped":0,"pct":43.75},"branches":{"total":16,"covered":6,"skipped":0,"pct":37.5}}
,"/Users/carlos/Documents/Drogon/apps/desktop/src/renderer/src/features/automations/AutomationDetail.tsx": {"lines":{"total":9,"covered":4,"skipped":0,"pct":44.44},"functions":{"total":7,"covered":3,"skipped":0,"pct":42.85},"statements":{"total":9,"covered":4,"skipped":0,"pct":44.44},"branches":{"total":12,"covered":6,"skipped":0,"pct":50}}
,"/Users/carlos/Documents/Drogon/apps/desktop/src/renderer/src/features/automations/AutomationEditorDialog.tsx": {"lines":{"total":39,"covered":15,"skipped":0,"pct":38.46},"functions":{"total":30,"covered":4,"skipped":0,"pct":13.33},"statements":{"total":50,"covered":15,"skipped":0,"pct":30},"branches":{"total":39,"covered":16,"skipped":0,"pct":41.02}}
,"/Users/carlos/Documents/Drogon/apps/desktop/src/renderer/src/features/automations/AutomationListEmptyView.tsx": {"lines":{"total":11,"covered":8,"skipped":0,"pct":72.72},"functions":{"total":7,"covered":5,"skipped":0,"pct":71.42},"statements":{"total":11,"covered":8,"skipped":0,"pct":72.72},"branches":{"total":4,"covered":3,"skipped":0,"pct":75}}
,"/Users/carlos/Documents/Drogon/apps/desktop/src/renderer/src/features/automations/AutomationListFilterMenu.tsx": {"lines":{"total":31,"covered":7,"skipped":0,"pct":22.58},"functions":{"total":16,"covered":1,"skipped":0,"pct":6.25},"statements":{"total":35,"covered":7,"skipped":0,"pct":20},"branches":{"total":35,"covered":2,"skipped":0,"pct":5.71}}
,"/Users/carlos/Documents/Drogon/apps/desktop/src/renderer/src/features/automations/AutomationListLastRunCell.tsx": {"lines":{"total":9,"covered":6,"skipped":0,"pct":66.66},"functions":{"total":2,"covered":2,"skipped":0,"pct":100},"statements":{"total":9,"covered":6,"skipped":0,"pct":66.66},"branches":{"total":12,"covered":3,"skipped":0,"pct":25}}
,"/Users/carlos/Documents/Drogon/apps/desktop/src/renderer/src/features/automations/AutomationListLocalRows.tsx": {"lines":{"total":42,"covered":16,"skipped":0,"pct":38.09},"functions":{"total":19,"covered":3,"skipped":0,"pct":15.78},"statements":{"total":46,"covered":16,"skipped":0,"pct":34.78},"branches":{"total":29,"covered":7,"skipped":0,"pct":24.13}}
,"/Users/carlos/Documents/Drogon/apps/desktop/src/renderer/src/features/automations/AutomationListSearchField.tsx": {"lines":{"total":22,"covered":4,"skipped":0,"pct":18.18},"functions":{"total":5,"covered":1,"skipped":0,"pct":20},"statements":{"total":22,"covered":4,"skipped":0,"pct":18.18},"branches":{"total":35,"covered":8,"skipped":0,"pct":22.85}}
,"/Users/carlos/Documents/Drogon/apps/desktop/src/renderer/src/features/automations/AutomationListStatusCell.tsx": {"lines":{"total":3,"covered":3,"skipped":0,"pct":100},"functions":{"total":1,"covered":1,"skipped":0,"pct":100},"statements":{"total":3,"covered":3,"skipped":0,"pct":100},"branches":{"total":2,"covered":2,"skipped":0,"pct":100}}
,"/Users/carlos/Documents/Drogon/apps/desktop/src/renderer/src/features/automations/AutomationListTableHeader.tsx": {"lines":{"total":6,"covered":6,"skipped":0,"pct":100},"functions":{"total":2,"covered":2,"skipped":0,"pct":100},"statements":{"total":6,"covered":6,"skipped":0,"pct":100},"branches":{"total":4,"covered":4,"skipped":0,"pct":100}}
,"/Users/carlos/Documents/Drogon/apps/desktop/src/renderer/src/features/automations/AutomationListToolbar.tsx": {"lines":{"total":4,"covered":1,"skipped":0,"pct":25},"functions":{"total":4,"covered":1,"skipped":0,"pct":25},"statements":{"total":4,"covered":1,"skipped":0,"pct":25},"branches":{"total":2,"covered":1,"skipped":0,"pct":50}}
,"/Users/carlos/Documents/Drogon/apps/desktop/src/renderer/src/features/automations/AutomationPromptDisclosure.tsx": {"lines":{"total":29,"covered":10,"skipped":0,"pct":34.48},"functions":{"total":8,"covered":1,"skipped":0,"pct":12.5},"statements":{"total":32,"covered":10,"skipped":0,"pct":31.25},"branches":{"total":22,"covered":5,"skipped":0,"pct":22.72}}
,"/Users/carlos/Documents/Drogon/apps/desktop/src/renderer/src/features/automations/AutomationRunDetailsPage.tsx": {"lines":{"total":1,"covered":1,"skipped":0,"pct":100},"functions":{"total":1,"covered":1,"skipped":0,"pct":100},"statements":{"total":1,"covered":1,"skipped":0,"pct":100},"branches":{"total":14,"covered":9,"skipped":0,"pct":64.28}}
,"/Users/carlos/Documents/Drogon/apps/desktop/src/renderer/src/features/automations/AutomationRunHistory.tsx": {"lines":{"total":40,"covered":13,"skipped":0,"pct":32.5},"functions":{"total":10,"covered":4,"skipped":0,"pct":40},"statements":{"total":41,"covered":13,"skipped":0,"pct":31.7},"branches":{"total":39,"covered":11,"skipped":0,"pct":28.2}}
,"/Users/carlos/Documents/Drogon/apps/desktop/src/renderer/src/features/automations/AutomationRunPageFrame.tsx": {"lines":{"total":2,"covered":2,"skipped":0,"pct":100},"functions":{"total":2,"covered":2,"skipped":0,"pct":100},"statements":{"total":2,"covered":2,"skipped":0,"pct":100},"branches":{"total":6,"covered":4,"skipped":0,"pct":66.66}}
,"/Users/carlos/Documents/Drogon/apps/desktop/src/renderer/src/features/automations/AutomationRunsDashboard.tsx": {"lines":{"total":25,"covered":1,"skipped":0,"pct":4},"functions":{"total":15,"covered":0,"skipped":0,"pct":0},"statements":{"total":25,"covered":1,"skipped":0,"pct":4},"branches":{"total":12,"covered":0,"skipped":0,"pct":0}}
,"/Users/carlos/Documents/Drogon/apps/desktop/src/renderer/src/features/automations/AutomationRunsDashboardSurface.tsx": {"lines":{"total":1,"covered":0,"skipped":0,"pct":0},"functions":{"total":1,"covered":0,"skipped":0,"pct":0},"statements":{"total":1,"covered":0,"skipped":0,"pct":0},"branches":{"total":0,"covered":0,"skipped":0,"pct":100}}
,"/Users/carlos/Documents/Drogon/apps/desktop/src/renderer/src/features/automations/AutomationRunsTable.tsx": {"lines":{"total":14,"covered":9,"skipped":0,"pct":64.28},"functions":{"total":5,"covered":4,"skipped":0,"pct":80},"statements":{"total":14,"covered":9,"skipped":0,"pct":64.28},"branches":{"total":14,"covered":8,"skipped":0,"pct":57.14}}
,"/Users/carlos/Documents/Drogon/apps/desktop/src/renderer/src/features/automations/AutomationSchedulePicker.tsx": {"lines":{"total":19,"covered":14,"skipped":0,"pct":73.68},"functions":{"total":13,"covered":6,"skipped":0,"pct":46.15},"statements":{"total":23,"covered":15,"skipped":0,"pct":65.21},"branches":{"total":14,"covered":8,"skipped":0,"pct":57.14}}
,"/Users/carlos/Documents/Drogon/apps/desktop/src/renderer/src/features/automations/AutomationTimeField.tsx": {"lines":{"total":71,"covered":17,"skipped":0,"pct":23.94},"functions":{"total":23,"covered":6,"skipped":0,"pct":26.08},"statements":{"total":72,"covered":18,"skipped":0,"pct":25},"branches":{"total":66,"covered":15,"skipped":0,"pct":22.72}}
,"/Users/carlos/Documents/Drogon/apps/desktop/src/renderer/src/features/automations/AutomationTimezonePicker.tsx": {"lines":{"total":16,"covered":14,"skipped":0,"pct":87.5},"functions":{"total":8,"covered":7,"skipped":0,"pct":87.5},"statements":{"total":19,"covered":17,"skipped":0,"pct":89.47},"branches":{"total":11,"covered":6,"skipped":0,"pct":54.54}}
,"/Users/carlos/Documents/Drogon/apps/desktop/src/renderer/src/features/automations/AutomationsDetailPane.tsx": {"lines":{"total":20,"covered":3,"skipped":0,"pct":15},"functions":{"total":6,"covered":2,"skipped":0,"pct":33.33},"statements":{"total":21,"covered":3,"skipped":0,"pct":14.28},"branches":{"total":26,"covered":11,"skipped":0,"pct":42.3}}
,"/Users/carlos/Documents/Drogon/apps/desktop/src/renderer/src/features/automations/AutomationsListPanel.tsx": {"lines":{"total":21,"covered":11,"skipped":0,"pct":52.38},"functions":{"total":7,"covered":3,"skipped":0,"pct":42.85},"statements":{"total":23,"covered":12,"skipped":0,"pct":52.17},"branches":{"total":15,"covered":8,"skipped":0,"pct":53.33}}
,"/Users/carlos/Documents/Drogon/apps/desktop/src/renderer/src/features/automations/AutomationsPageBreadcrumb.tsx": {"lines":{"total":1,"covered":0,"skipped":0,"pct":0},"functions":{"total":1,"covered":0,"skipped":0,"pct":0},"statements":{"total":1,"covered":0,"skipped":0,"pct":0},"branches":{"total":6,"covered":0,"skipped":0,"pct":0}}
,"/Users/carlos/Documents/Drogon/apps/desktop/src/renderer/src/features/automations/AutomationsPageSurface.tsx": {"lines":{"total":242,"covered":70,"skipped":0,"pct":28.92},"functions":{"total":69,"covered":11,"skipped":0,"pct":15.94},"statements":{"total":268,"covered":73,"skipped":0,"pct":27.23},"branches":{"total":129,"covered":16,"skipped":0,"pct":12.4}}
,"/Users/carlos/Documents/Drogon/apps/desktop/src/renderer/src/features/automations/AutomationsPageTopBar.tsx": {"lines":{"total":2,"covered":2,"skipped":0,"pct":100},"functions":{"total":1,"covered":1,"skipped":0,"pct":100},"statements":{"total":2,"covered":2,"skipped":0,"pct":100},"branches":{"total":16,"covered":7,"skipped":0,"pct":43.75}}
,"/Users/carlos/Documents/Drogon/apps/desktop/src/renderer/src/features/automations/AutomationsPanel.tsx": {"lines":{"total":1,"covered":1,"skipped":0,"pct":100},"functions":{"total":1,"covered":1,"skipped":0,"pct":100},"statements":{"total":1,"covered":1,"skipped":0,"pct":100},"branches":{"total":0,"covered":0,"skipped":0,"pct":100}}
,"/Users/carlos/Documents/Drogon/apps/desktop/src/renderer/src/features/automations/automation-class-names.ts": {"lines":{"total":1,"covered":1,"skipped":0,"pct":100},"functions":{"total":1,"covered":1,"skipped":0,"pct":100},"statements":{"total":1,"covered":1,"skipped":0,"pct":100},"branches":{"total":0,"covered":0,"skipped":0,"pct":100}}
,"/Users/carlos/Documents/Drogon/apps/desktop/src/renderer/src/features/automations/automation-cron-preview.ts": {"lines":{"total":154,"covered":153,"skipped":0,"pct":99.35},"functions":{"total":26,"covered":26,"skipped":0,"pct":100},"statements":{"total":194,"covered":185,"skipped":0,"pct":95.36},"branches":{"total":123,"covered":109,"skipped":0,"pct":88.61}}
,"/Users/carlos/Documents/Drogon/apps/desktop/src/renderer/src/features/automations/automation-delete-confirm-preference.ts": {"lines":{"total":2,"covered":0,"skipped":0,"pct":0},"functions":{"total":1,"covered":0,"skipped":0,"pct":0},"statements":{"total":2,"covered":0,"skipped":0,"pct":0},"branches":{"total":2,"covered":0,"skipped":0,"pct":0}}
,"/Users/carlos/Documents/Drogon/apps/desktop/src/renderer/src/features/automations/automation-detail-tab-navigation.ts": {"lines":{"total":31,"covered":8,"skipped":0,"pct":25.8},"functions":{"total":4,"covered":1,"skipped":0,"pct":25},"statements":{"total":31,"covered":8,"skipped":0,"pct":25.8},"branches":{"total":49,"covered":9,"skipped":0,"pct":18.36}}
,"/Users/carlos/Documents/Drogon/apps/desktop/src/renderer/src/features/automations/automation-editor-validation.ts": {"lines":{"total":51,"covered":44,"skipped":0,"pct":86.27},"functions":{"total":8,"covered":7,"skipped":0,"pct":87.5},"statements":{"total":54,"covered":46,"skipped":0,"pct":85.18},"branches":{"total":56,"covered":45,"skipped":0,"pct":80.35}}
,"/Users/carlos/Documents/Drogon/apps/desktop/src/renderer/src/features/automations/automation-list-keyboard-navigation.ts": {"lines":{"total":30,"covered":29,"skipped":0,"pct":96.66},"functions":{"total":10,"covered":9,"skipped":0,"pct":90},"statements":{"total":31,"covered":29,"skipped":0,"pct":93.54},"branches":{"total":46,"covered":40,"skipped":0,"pct":86.95}}
,"/Users/carlos/Documents/Drogon/apps/desktop/src/renderer/src/features/automations/automation-list-projection.ts": {"lines":{"total":73,"covered":57,"skipped":0,"pct":78.08},"functions":{"total":18,"covered":17,"skipped":0,"pct":94.44},"statements":{"total":90,"covered":68,"skipped":0,"pct":75.55},"branches":{"total":75,"covered":50,"skipped":0,"pct":66.66}}
,"/Users/carlos/Documents/Drogon/apps/desktop/src/renderer/src/features/automations/automation-local-cron.ts": {"lines":{"total":11,"covered":11,"skipped":0,"pct":100},"functions":{"total":5,"covered":5,"skipped":0,"pct":100},"statements":{"total":12,"covered":12,"skipped":0,"pct":100},"branches":{"total":7,"covered":7,"skipped":0,"pct":100}}
,"/Users/carlos/Documents/Drogon/apps/desktop/src/renderer/src/features/automations/automation-page-parts.ts": {"lines":{"total":43,"covered":31,"skipped":0,"pct":72.09},"functions":{"total":6,"covered":6,"skipped":0,"pct":100},"statements":{"total":44,"covered":32,"skipped":0,"pct":72.72},"branches":{"total":36,"covered":24,"skipped":0,"pct":66.66}}
,"/Users/carlos/Documents/Drogon/apps/desktop/src/renderer/src/features/automations/automation-run-content.ts": {"lines":{"total":4,"covered":4,"skipped":0,"pct":100},"functions":{"total":1,"covered":1,"skipped":0,"pct":100},"statements":{"total":4,"covered":4,"skipped":0,"pct":100},"branches":{"total":6,"covered":4,"skipped":0,"pct":66.66}}
,"/Users/carlos/Documents/Drogon/apps/desktop/src/renderer/src/features/automations/automation-run-history-keyboard-navigation.ts": {"lines":{"total":21,"covered":0,"skipped":0,"pct":0},"functions":{"total":4,"covered":0,"skipped":0,"pct":0},"statements":{"total":21,"covered":0,"skipped":0,"pct":0},"branches":{"total":39,"covered":0,"skipped":0,"pct":0}}
,"/Users/carlos/Documents/Drogon/apps/desktop/src/renderer/src/features/automations/automation-run-history-projection.ts": {"lines":{"total":27,"covered":17,"skipped":0,"pct":62.96},"functions":{"total":7,"covered":7,"skipped":0,"pct":100},"statements":{"total":30,"covered":20,"skipped":0,"pct":66.66},"branches":{"total":26,"covered":16,"skipped":0,"pct":61.53}}
,"/Users/carlos/Documents/Drogon/apps/desktop/src/renderer/src/features/automations/automation-run-view-state.ts": {"lines":{"total":14,"covered":9,"skipped":0,"pct":64.28},"functions":{"total":5,"covered":2,"skipped":0,"pct":40},"statements":{"total":15,"covered":9,"skipped":0,"pct":60},"branches":{"total":20,"covered":17,"skipped":0,"pct":85}}
,"/Users/carlos/Documents/Drogon/apps/desktop/src/renderer/src/features/automations/automation-run-workspace-display.ts": {"lines":{"total":9,"covered":9,"skipped":0,"pct":100},"functions":{"total":1,"covered":1,"skipped":0,"pct":100},"statements":{"total":9,"covered":9,"skipped":0,"pct":100},"branches":{"total":6,"covered":6,"skipped":0,"pct":100}}
,"/Users/carlos/Documents/Drogon/apps/desktop/src/renderer/src/features/automations/automation-runs-dashboard-model.ts": {"lines":{"total":39,"covered":39,"skipped":0,"pct":100},"functions":{"total":9,"covered":9,"skipped":0,"pct":100},"statements":{"total":39,"covered":39,"skipped":0,"pct":100},"branches":{"total":32,"covered":30,"skipped":0,"pct":93.75}}
,"/Users/carlos/Documents/Drogon/apps/desktop/src/renderer/src/features/automations/automation-schedule-label.ts": {"lines":{"total":94,"covered":93,"skipped":0,"pct":98.93},"functions":{"total":13,"covered":12,"skipped":0,"pct":92.3},"statements":{"total":121,"covered":111,"skipped":0,"pct":91.73},"branches":{"total":115,"covered":98,"skipped":0,"pct":85.21}}
,"/Users/carlos/Documents/Drogon/apps/desktop/src/renderer/src/features/automations/automations-page-escape.ts": {"lines":{"total":49,"covered":45,"skipped":0,"pct":91.83},"functions":{"total":5,"covered":5,"skipped":0,"pct":100},"statements":{"total":49,"covered":45,"skipped":0,"pct":91.83},"branches":{"total":42,"covered":37,"skipped":0,"pct":88.09}}
,"/Users/carlos/Documents/Drogon/apps/desktop/src/renderer/src/features/automations/automations-panel-descriptor.ts": {"lines":{"total":10,"covered":8,"skipped":0,"pct":80},"functions":{"total":2,"covered":1,"skipped":0,"pct":50},"statements":{"total":14,"covered":9,"skipped":0,"pct":64.28},"branches":{"total":12,"covered":7,"skipped":0,"pct":58.33}}
,"/Users/carlos/Documents/Drogon/apps/desktop/src/renderer/src/features/automations/use-automation-runs-dashboard.ts": {"lines":{"total":43,"covered":11,"skipped":0,"pct":25.58},"functions":{"total":9,"covered":1,"skipped":0,"pct":11.11},"statements":{"total":47,"covered":11,"skipped":0,"pct":23.4},"branches":{"total":18,"covered":0,"skipped":0,"pct":0}}
,"/Users/carlos/Documents/Drogon/apps/desktop/src/renderer/src/features/bots/BotAutomationCardItem.tsx": {"lines":{"total":11,"covered":10,"skipped":0,"pct":90.9},"functions":{"total":4,"covered":4,"skipped":0,"pct":100},"statements":{"total":11,"covered":10,"skipped":0,"pct":90.9},"branches":{"total":56,"covered":43,"skipped":0,"pct":76.78}}
,"/Users/carlos/Documents/Drogon/apps/desktop/src/renderer/src/features/bots/BotCharacterPicker.tsx": {"lines":{"total":6,"covered":4,"skipped":0,"pct":66.66},"functions":{"total":4,"covered":2,"skipped":0,"pct":50},"statements":{"total":6,"covered":4,"skipped":0,"pct":66.66},"branches":{"total":4,"covered":2,"skipped":0,"pct":50}}
,"/Users/carlos/Documents/Drogon/apps/desktop/src/renderer/src/features/bots/BotConversation.tsx": {"lines":{"total":26,"covered":24,"skipped":0,"pct":92.3},"functions":{"total":10,"covered":10,"skipped":0,"pct":100},"statements":{"total":32,"covered":26,"skipped":0,"pct":81.25},"branches":{"total":44,"covered":31,"skipped":0,"pct":70.45}}
,"/Users/carlos/Documents/Drogon/apps/desktop/src/renderer/src/features/bots/BotCreationForm.tsx": {"lines":{"total":14,"covered":8,"skipped":0,"pct":57.14},"functions":{"total":11,"covered":5,"skipped":0,"pct":45.45},"statements":{"total":14,"covered":8,"skipped":0,"pct":57.14},"branches":{"total":19,"covered":16,"skipped":0,"pct":84.21}}
,"/Users/carlos/Documents/Drogon/apps/desktop/src/renderer/src/features/bots/BotDeliveryStatus.tsx": {"lines":{"total":15,"covered":15,"skipped":0,"pct":100},"functions":{"total":6,"covered":6,"skipped":0,"pct":100},"statements":{"total":15,"covered":15,"skipped":0,"pct":100},"branches":{"total":14,"covered":13,"skipped":0,"pct":92.85}}
,"/Users/carlos/Documents/Drogon/apps/desktop/src/renderer/src/features/bots/BotIdentityEditor.tsx": {"lines":{"total":18,"covered":16,"skipped":0,"pct":88.88},"functions":{"total":7,"covered":5,"skipped":0,"pct":71.42},"statements":{"total":18,"covered":16,"skipped":0,"pct":88.88},"branches":{"total":25,"covered":21,"skipped":0,"pct":84}}
,"/Users/carlos/Documents/Drogon/apps/desktop/src/renderer/src/features/bots/BotMemoryEditor.tsx": {"lines":{"total":31,"covered":27,"skipped":0,"pct":87.09},"functions":{"total":14,"covered":13,"skipped":0,"pct":92.85},"statements":{"total":31,"covered":27,"skipped":0,"pct":87.09},"branches":{"total":42,"covered":37,"skipped":0,"pct":88.09}}
,"/Users/carlos/Documents/Drogon/apps/desktop/src/renderer/src/features/bots/BotMonitorCardItem.tsx": {"lines":{"total":12,"covered":12,"skipped":0,"pct":100},"functions":{"total":2,"covered":2,"skipped":0,"pct":100},"statements":{"total":12,"covered":12,"skipped":0,"pct":100},"branches":{"total":72,"covered":65,"skipped":0,"pct":90.27}}
,"/Users/carlos/Documents/Drogon/apps/desktop/src/renderer/src/features/bots/BotResponsibilityCard.tsx": {"lines":{"total":31,"covered":30,"skipped":0,"pct":96.77},"functions":{"total":13,"covered":13,"skipped":0,"pct":100},"statements":{"total":35,"covered":34,"skipped":0,"pct":97.14},"branches":{"total":76,"covered":66,"skipped":0,"pct":86.84}}
,"/Users/carlos/Documents/Drogon/apps/desktop/src/renderer/src/features/bots/BotSessionHeader.tsx": {"lines":{"total":6,"covered":6,"skipped":0,"pct":100},"functions":{"total":1,"covered":1,"skipped":0,"pct":100},"statements":{"total":6,"covered":6,"skipped":0,"pct":100},"branches":{"total":10,"covered":9,"skipped":0,"pct":90}}
,"/Users/carlos/Documents/Drogon/apps/desktop/src/renderer/src/features/bots/BotSessionInspector.tsx": {"lines":{"total":7,"covered":7,"skipped":0,"pct":100},"functions":{"total":2,"covered":2,"skipped":0,"pct":100},"statements":{"total":7,"covered":7,"skipped":0,"pct":100},"branches":{"total":14,"covered":12,"skipped":0,"pct":85.71}}
,"/Users/carlos/Documents/Drogon/apps/desktop/src/renderer/src/features/bots/BotsPageForms.tsx": {"lines":{"total":8,"covered":7,"skipped":0,"pct":87.5},"functions":{"total":6,"covered":5,"skipped":0,"pct":83.33},"statements":{"total":8,"covered":7,"skipped":0,"pct":87.5},"branches":{"total":6,"covered":6,"skipped":0,"pct":100}}
,"/Users/carlos/Documents/Drogon/apps/desktop/src/renderer/src/features/bots/BotsPageStates.tsx": {"lines":{"total":4,"covered":4,"skipped":0,"pct":100},"functions":{"total":4,"covered":4,"skipped":0,"pct":100},"statements":{"total":4,"covered":4,"skipped":0,"pct":100},"branches":{"total":2,"covered":1,"skipped":0,"pct":50}}
,"/Users/carlos/Documents/Drogon/apps/desktop/src/renderer/src/features/bots/BotsPanel.tsx": {"lines":{"total":37,"covered":30,"skipped":0,"pct":81.08},"functions":{"total":27,"covered":20,"skipped":0,"pct":74.07},"statements":{"total":39,"covered":32,"skipped":0,"pct":82.05},"branches":{"total":48,"covered":44,"skipped":0,"pct":91.66}}
,"/Users/carlos/Documents/Drogon/apps/desktop/src/renderer/src/features/bots/DrogonBotAvatar.tsx": {"lines":{"total":2,"covered":2,"skipped":0,"pct":100},"functions":{"total":1,"covered":1,"skipped":0,"pct":100},"statements":{"total":2,"covered":2,"skipped":0,"pct":100},"branches":{"total":4,"covered":3,"skipped":0,"pct":75}}
,"/Users/carlos/Documents/Drogon/apps/desktop/src/renderer/src/features/bots/MonitorLaunchPrompt.tsx": {"lines":{"total":18,"covered":16,"skipped":0,"pct":88.88},"functions":{"total":4,"covered":3,"skipped":0,"pct":75},"statements":{"total":21,"covered":19,"skipped":0,"pct":90.47},"branches":{"total":42,"covered":35,"skipped":0,"pct":83.33}}
,"/Users/carlos/Documents/Drogon/apps/desktop/src/renderer/src/features/bots/bot-card-expansion-preference.ts": {"lines":{"total":25,"covered":24,"skipped":0,"pct":96},"functions":{"total":4,"covered":4,"skipped":0,"pct":100},"statements":{"total":30,"covered":27,"skipped":0,"pct":90},"branches":{"total":20,"covered":18,"skipped":0,"pct":90}}
,"/Users/carlos/Documents/Drogon/apps/desktop/src/renderer/src/features/bots/bot-characters.ts": {"lines":{"total":3,"covered":3,"skipped":0,"pct":100},"functions":{"total":3,"covered":3,"skipped":0,"pct":100},"statements":{"total":4,"covered":4,"skipped":0,"pct":100},"branches":{"total":5,"covered":5,"skipped":0,"pct":100}}
,"/Users/carlos/Documents/Drogon/apps/desktop/src/renderer/src/features/bots/bot-conversation-state.ts": {"lines":{"total":51,"covered":50,"skipped":0,"pct":98.03},"functions":{"total":13,"covered":13,"skipped":0,"pct":100},"statements":{"total":63,"covered":60,"skipped":0,"pct":95.23},"branches":{"total":46,"covered":42,"skipped":0,"pct":91.3}}
,"/Users/carlos/Documents/Drogon/apps/desktop/src/renderer/src/features/bots/bot-memory-draft.ts": {"lines":{"total":22,"covered":22,"skipped":0,"pct":100},"functions":{"total":12,"covered":12,"skipped":0,"pct":100},"statements":{"total":24,"covered":24,"skipped":0,"pct":100},"branches":{"total":18,"covered":16,"skipped":0,"pct":88.88}}
[...]
,"/Users/carlos/Documents/Drogon/apps/desktop/src/shared/update-status-types.ts": {"lines":{"total":0,"covered":0,"skipped":0,"pct":100},"functions":{"total":0,"covered":0,"skipped":0,"pct":100},"statements":{"total":0,"covered":0,"skipped":0,"pct":100},"branches":{"total":0,"covered":0,"skipped":0,"pct":100}}
,"/Users/carlos/Documents/Drogon/apps/desktop/src/shared/updater-renderer-events.ts": {"lines":{"total":4,"covered":0,"skipped":0,"pct":0},"functions":{"total":0,"covered":0,"skipped":0,"pct":100},"statements":{"total":4,"covered":0,"skipped":0,"pct":0},"branches":{"total":0,"covered":0,"skipped":0,"pct":100}}
,"/Users/carlos/Documents/Drogon/apps/desktop/src/shared/usage-contract.ts": {"lines":{"total":53,"covered":47,"skipped":0,"pct":88.67},"functions":{"total":7,"covered":7,"skipped":0,"pct":100},"statements":{"total":69,"covered":58,"skipped":0,"pct":84.05},"branches":{"total":48,"covered":35,"skipped":0,"pct":72.91}}
,"/Users/carlos/Documents/Drogon/apps/desktop/src/shared/window-state-contract.ts": {"lines":{"total":16,"covered":16,"skipped":0,"pct":100},"functions":{"total":2,"covered":2,"skipped":0,"pct":100},"statements":{"total":18,"covered":18,"skipped":0,"pct":100},"branches":{"total":6,"covered":6,"skipped":0,"pct":100}}
,"/Users/carlos/Documents/Drogon/apps/desktop/src/shared/work-contract.ts": {"lines":{"total":29,"covered":29,"skipped":0,"pct":100},"functions":{"total":0,"covered":0,"skipped":0,"pct":100},"statements":{"total":29,"covered":29,"skipped":0,"pct":100},"branches":{"total":0,"covered":0,"skipped":0,"pct":100}}
,"/Users/carlos/Documents/Drogon/apps/desktop/src/shared/work-graph-contract.ts": {"lines":{"total":44,"covered":43,"skipped":0,"pct":97.72},"functions":{"total":8,"covered":7,"skipped":0,"pct":87.5},"statements":{"total":45,"covered":44,"skipped":0,"pct":97.77},"branches":{"total":30,"covered":25,"skipped":0,"pct":83.33}}
,"/Users/carlos/Documents/Drogon/apps/desktop/src/shared/workspace-pr-status.ts": {"lines":{"total":28,"covered":28,"skipped":0,"pct":100},"functions":{"total":11,"covered":11,"skipped":0,"pct":100},"statements":{"total":37,"covered":37,"skipped":0,"pct":100},"branches":{"total":31,"covered":31,"skipped":0,"pct":100}}
,"/Users/carlos/Documents/Drogon/apps/desktop/src/shared/workspace-status-default-migration.ts": {"lines":{"total":16,"covered":15,"skipped":0,"pct":93.75},"functions":{"total":4,"covered":4,"skipped":0,"pct":100},"statements":{"total":16,"covered":15,"skipped":0,"pct":93.75},"branches":{"total":18,"covered":17,"skipped":0,"pct":94.44}}
,"/Users/carlos/Documents/Drogon/apps/desktop/src/shared/workspace-status-defaults.ts": {"lines":{"total":2,"covered":2,"skipped":0,"pct":100},"functions":{"total":0,"covered":0,"skipped":0,"pct":100},"statements":{"total":2,"covered":2,"skipped":0,"pct":100},"branches":{"total":0,"covered":0,"skipped":0,"pct":100}}
,"/Users/carlos/Documents/Drogon/apps/desktop/src/shared/workspace-statuses.ts": {"lines":{"total":85,"covered":75,"skipped":0,"pct":88.23},"functions":{"total":23,"covered":23,"skipped":0,"pct":100},"statements":{"total":92,"covered":82,"skipped":0,"pct":89.13},"branches":{"total":101,"covered":82,"skipped":0,"pct":81.18}}
,"/Users/carlos/Documents/Drogon/apps/desktop/src/shared/workspace-ui-preferences-contract.ts": {"lines":{"total":0,"covered":0,"skipped":0,"pct":100},"functions":{"total":0,"covered":0,"skipped":0,"pct":100},"statements":{"total":0,"covered":0,"skipped":0,"pct":100},"branches":{"total":0,"covered":0,"skipped":0,"pct":100}}
,"/Users/carlos/Documents/Drogon/apps/desktop/src/shared/worktree-issue-contract.ts": {"lines":{"total":50,"covered":47,"skipped":0,"pct":94},"functions":{"total":8,"covered":8,"skipped":0,"pct":100},"statements":{"total":63,"covered":58,"skipped":0,"pct":92.06},"branches":{"total":49,"covered":44,"skipped":0,"pct":89.79}}
,"/Users/carlos/Documents/Drogon/apps/desktop/src/shared/keybindings/definitions.ts": {"lines":{"total":17,"covered":17,"skipped":0,"pct":100},"functions":{"total":9,"covered":9,"skipped":0,"pct":100},"statements":{"total":20,"covered":20,"skipped":0,"pct":100},"branches":{"total":10,"covered":10,"skipped":0,"pct":100}}
,"/Users/carlos/Documents/Drogon/apps/desktop/src/shared/keybindings/dispatcher.ts": {"lines":{"total":16,"covered":15,"skipped":0,"pct":93.75},"functions":{"total":4,"covered":4,"skipped":0,"pct":100},"statements":{"total":21,"covered":19,"skipped":0,"pct":90.47},"branches":{"total":29,"covered":27,"skipped":0,"pct":93.1}}
,"/Users/carlos/Documents/Drogon/apps/desktop/src/shared/keybindings/effective.ts": {"lines":{"total":4,"covered":3,"skipped":0,"pct":75},"functions":{"total":3,"covered":2,"skipped":0,"pct":66.66},"statements":{"total":4,"covered":3,"skipped":0,"pct":75},"branches":{"total":2,"covered":1,"skipped":0,"pct":50}}
,"/Users/carlos/Documents/Drogon/apps/desktop/src/shared/keybindings/index.ts": {"lines":{"total":0,"covered":0,"skipped":0,"pct":100},"functions":{"total":0,"covered":0,"skipped":0,"pct":100},"statements":{"total":0,"covered":0,"skipped":0,"pct":100},"branches":{"total":0,"covered":0,"skipped":0,"pct":100}}
,"/Users/carlos/Documents/Drogon/apps/desktop/src/shared/keybindings/labels.ts": {"lines":{"total":27,"covered":19,"skipped":0,"pct":70.37},"functions":{"total":5,"covered":4,"skipped":0,"pct":80},"statements":{"total":34,"covered":24,"skipped":0,"pct":70.58},"branches":{"total":53,"covered":28,"skipped":0,"pct":52.83}}
,"/Users/carlos/Documents/Drogon/apps/desktop/src/shared/keybindings/overrides.ts": {"lines":{"total":81,"covered":77,"skipped":0,"pct":95.06},"functions":{"total":9,"covered":9,"skipped":0,"pct":100},"statements":{"total":101,"covered":93,"skipped":0,"pct":92.07},"branches":{"total":80,"covered":75,"skipped":0,"pct":93.75}}
,"/Users/carlos/Documents/Drogon/apps/desktop/src/shared/keybindings/parser.ts": {"lines":{"total":79,"covered":58,"skipped":0,"pct":73.41},"functions":{"total":12,"covered":11,"skipped":0,"pct":91.66},"statements":{"total":107,"covered":77,"skipped":0,"pct":71.96},"branches":{"total":108,"covered":87,"skipped":0,"pct":80.55}}
,"/Users/carlos/Documents/Drogon/apps/desktop/src/shared/keybindings/registry.ts": {"lines":{"total":80,"covered":72,"skipped":0,"pct":90},"functions":{"total":18,"covered":18,"skipped":0,"pct":100},"statements":{"total":104,"covered":88,"skipped":0,"pct":84.61},"branches":{"total":112,"covered":92,"skipped":0,"pct":82.14}}
,"/Users/carlos/Documents/Drogon/apps/desktop/src/shared/keybindings/scopes.ts": {"lines":{"total":7,"covered":5,"skipped":0,"pct":71.42},"functions":{"total":3,"covered":2,"skipped":0,"pct":66.66},"statements":{"total":8,"covered":6,"skipped":0,"pct":75},"branches":{"total":10,"covered":6,"skipped":0,"pct":60}}
,"/Users/carlos/Documents/Drogon/apps/desktop/src/shared/persistence-contracts/agent-session-resume.ts": {"lines":{"total":1,"covered":1,"skipped":0,"pct":100},"functions":{"total":0,"covered":0,"skipped":0,"pct":100},"statements":{"total":1,"covered":1,"skipped":0,"pct":100},"branches":{"total":0,"covered":0,"skipped":0,"pct":100}}
,"/Users/carlos/Documents/Drogon/apps/desktop/src/shared/persistence-contracts/agent-status-types.ts": {"lines":{"total":1,"covered":0,"skipped":0,"pct":0},"functions":{"total":0,"covered":0,"skipped":0,"pct":100},"statements":{"total":1,"covered":0,"skipped":0,"pct":0},"branches":{"total":0,"covered":0,"skipped":0,"pct":100}}
,"/Users/carlos/Documents/Drogon/apps/desktop/src/shared/persistence-contracts/agents-view-thread-filters.ts": {"lines":{"total":2,"covered":0,"skipped":0,"pct":0},"functions":{"total":0,"covered":0,"skipped":0,"pct":100},"statements":{"total":2,"covered":0,"skipped":0,"pct":0},"branches":{"total":0,"covered":0,"skipped":0,"pct":100}}
,"/Users/carlos/Documents/Drogon/apps/desktop/src/shared/persistence-contracts/ai-vault-session-title.ts": {"lines":{"total":0,"covered":0,"skipped":0,"pct":100},"functions":{"total":0,"covered":0,"skipped":0,"pct":100},"statements":{"total":0,"covered":0,"skipped":0,"pct":100},"branches":{"total":0,"covered":0,"skipped":0,"pct":100}}
,"/Users/carlos/Documents/Drogon/apps/desktop/src/shared/persistence-contracts/ai-vault-types.ts": {"lines":{"total":1,"covered":0,"skipped":0,"pct":0},"functions":{"total":0,"covered":0,"skipped":0,"pct":100},"statements":{"total":1,"covered":0,"skipped":0,"pct":0},"branches":{"total":0,"covered":0,"skipped":0,"pct":100}}
,"/Users/carlos/Documents/Drogon/apps/desktop/src/shared/persistence-contracts/automation-host-filter.ts": {"lines":{"total":0,"covered":0,"skipped":0,"pct":100},"functions":{"total":0,"covered":0,"skipped":0,"pct":100},"statements":{"total":0,"covered":0,"skipped":0,"pct":100},"branches":{"total":0,"covered":0,"skipped":0,"pct":100}}
,"/Users/carlos/Documents/Drogon/apps/desktop/src/shared/persistence-contracts/browser-workspace-types.ts": {"lines":{"total":0,"covered":0,"skipped":0,"pct":100},"functions":{"total":0,"covered":0,"skipped":0,"pct":100},"statements":{"total":0,"covered":0,"skipped":0,"pct":100},"branches":{"total":0,"covered":0,"skipped":0,"pct":100}}
,"/Users/carlos/Documents/Drogon/apps/desktop/src/shared/persistence-contracts/checkpoint-staging-envelope.ts": {"lines":{"total":0,"covered":0,"skipped":0,"pct":100},"functions":{"total":0,"covered":0,"skipped":0,"pct":100},"statements":{"total":0,"covered":0,"skipped":0,"pct":100},"branches":{"total":0,"covered":0,"skipped":0,"pct":100}}
,"/Users/carlos/Documents/Drogon/apps/desktop/src/shared/persistence-contracts/client-hosted-browser-close-intent.ts": {"lines":{"total":0,"covered":0,"skipped":0,"pct":100},"functions":{"total":0,"covered":0,"skipped":0,"pct":100},"statements":{"total":0,"covered":0,"skipped":0,"pct":100},"branches":{"total":0,"covered":0,"skipped":0,"pct":100}}
,"/Users/carlos/Documents/Drogon/apps/desktop/src/shared/persistence-contracts/client-hosted-browser-page-record.ts": {"lines":{"total":3,"covered":0,"skipped":0,"pct":0},"functions":{"total":0,"covered":0,"skipped":0,"pct":100},"statements":{"total":3,"covered":0,"skipped":0,"pct":0},"branches":{"total":0,"covered":0,"skipped":0,"pct":100}}
,"/Users/carlos/Documents/Drogon/apps/desktop/src/shared/persistence-contracts/closed-terminal-tab-tombstones.ts": {"lines":{"total":0,"covered":0,"skipped":0,"pct":100},"functions":{"total":0,"covered":0,"skipped":0,"pct":100},"statements":{"total":0,"covered":0,"skipped":0,"pct":100},"branches":{"total":0,"covered":0,"skipped":0,"pct":100}}
,"/Users/carlos/Documents/Drogon/apps/desktop/src/shared/persistence-contracts/contextual-tours.ts": {"lines":{"total":0,"covered":0,"skipped":0,"pct":100},"functions":{"total":0,"covered":0,"skipped":0,"pct":100},"statements":{"total":0,"covered":0,"skipped":0,"pct":100},"branches":{"total":0,"covered":0,"skipped":0,"pct":100}}
,"/Users/carlos/Documents/Drogon/apps/desktop/src/shared/persistence-contracts/execution-host.ts": {"lines":{"total":1,"covered":0,"skipped":0,"pct":0},"functions":{"total":0,"covered":0,"skipped":0,"pct":100},"statements":{"total":1,"covered":0,"skipped":0,"pct":0},"branches":{"total":0,"covered":0,"skipped":0,"pct":100}}
,"/Users/carlos/Documents/Drogon/apps/desktop/src/shared/persistence-contracts/feature-interaction-catalog.ts": {"lines":{"total":0,"covered":0,"skipped":0,"pct":100},"functions":{"total":0,"covered":0,"skipped":0,"pct":100},"statements":{"total":0,"covered":0,"skipped":0,"pct":100},"branches":{"total":0,"covered":0,"skipped":0,"pct":100}}
,"/Users/carlos/Documents/Drogon/apps/desktop/src/shared/persistence-contracts/feature-interactions.ts": {"lines":{"total":0,"covered":0,"skipped":0,"pct":100},"functions":{"total":0,"covered":0,"skipped":0,"pct":100},"statements":{"total":0,"covered":0,"skipped":0,"pct":100},"branches":{"total":0,"covered":0,"skipped":0,"pct":100}}
,"/Users/carlos/Documents/Drogon/apps/desktop/src/shared/persistence-contracts/feature-tips.ts": {"lines":{"total":0,"covered":0,"skipped":0,"pct":100},"functions":{"total":0,"covered":0,"skipped":0,"pct":100},"statements":{"total":0,"covered":0,"skipped":0,"pct":100},"branches":{"total":0,"covered":0,"skipped":0,"pct":100}}
,"/Users/carlos/Documents/Drogon/apps/desktop/src/shared/persistence-contracts/folder-workspace-types.ts": {"lines":{"total":0,"covered":0,"skipped":0,"pct":100},"functions":{"total":0,"covered":0,"skipped":0,"pct":100},"statements":{"total":0,"covered":0,"skipped":0,"pct":100},"branches":{"total":0,"covered":0,"skipped":0,"pct":100}}
,"/Users/carlos/Documents/Drogon/apps/desktop/src/shared/persistence-contracts/hosted-review.ts": {"lines":{"total":0,"covered":0,"skipped":0,"pct":100},"functions":{"total":0,"covered":0,"skipped":0,"pct":100},"statements":{"total":0,"covered":0,"skipped":0,"pct":100},"branches":{"total":0,"covered":0,"skipped":0,"pct":100}}
,"/Users/carlos/Documents/Drogon/apps/desktop/src/shared/persistence-contracts/linear-project-types.ts": {"lines":{"total":0,"covered":0,"skipped":0,"pct":100},"functions":{"total":0,"covered":0,"skipped":0,"pct":100},"statements":{"total":0,"covered":0,"skipped":0,"pct":100},"branches":{"total":0,"covered":0,"skipped":0,"pct":100}}
,"/Users/carlos/Documents/Drogon/apps/desktop/src/shared/persistence-contracts/linear-workspace-types.ts": {"lines":{"total":0,"covered":0,"skipped":0,"pct":100},"functions":{"total":0,"covered":0,"skipped":0,"pct":100},"statements":{"total":0,"covered":0,"skipped":0,"pct":100},"branches":{"total":0,"covered":0,"skipped":0,"pct":100}}
,"/Users/carlos/Documents/Drogon/apps/desktop/src/shared/persistence-contracts/mentu-pane-types.ts": {"lines":{"total":0,"covered":0,"skipped":0,"pct":100},"functions":{"total":0,"covered":0,"skipped":0,"pct":100},"statements":{"total":0,"covered":0,"skipped":0,"pct":100},"branches":{"total":0,"covered":0,"skipped":0,"pct":100}}
,"/Users/carlos/Documents/Drogon/apps/desktop/src/shared/persistence-contracts/mentu-session-state-types.ts": {"lines":{"total":0,"covered":0,"skipped":0,"pct":100},"functions":{"total":0,"covered":0,"skipped":0,"pct":100},"statements":{"total":0,"covered":0,"skipped":0,"pct":100},"branches":{"total":0,"covered":0,"skipped":0,"pct":100}}
,"/Users/carlos/Documents/Drogon/apps/desktop/src/shared/persistence-contracts/orca-yaml-hook-types.ts": {"lines":{"total":0,"covered":0,"skipped":0,"pct":100},"functions":{"total":0,"covered":0,"skipped":0,"pct":100},"statements":{"total":0,"covered":0,"skipped":0,"pct":100},"branches":{"total":0,"covered":0,"skipped":0,"pct":100}}
,"/Users/carlos/Documents/Drogon/apps/desktop/src/shared/persistence-contracts/persisted-ui-state-types.ts": {"lines":{"total":0,"covered":0,"skipped":0,"pct":100},"functions":{"total":0,"covered":0,"skipped":0,"pct":100},"statements":{"total":0,"covered":0,"skipped":0,"pct":100},"branches":{"total":0,"covered":0,"skipped":0,"pct":100}}
,"/Users/carlos/Documents/Drogon/apps/desktop/src/shared/persistence-contracts/pet-types.ts": {"lines":{"total":0,"covered":0,"skipped":0,"pct":100},"functions":{"total":0,"covered":0,"skipped":0,"pct":100},"statements":{"total":0,"covered":0,"skipped":0,"pct":100},"branches":{"total":0,"covered":0,"skipped":0,"pct":100}}
,"/Users/carlos/Documents/Drogon/apps/desktop/src/shared/persistence-contracts/status-bar-usage-mode.ts": {"lines":{"total":0,"covered":0,"skipped":0,"pct":100},"functions":{"total":0,"covered":0,"skipped":0,"pct":100},"statements":{"total":0,"covered":0,"skipped":0,"pct":100},"branches":{"total":0,"covered":0,"skipped":0,"pct":100}}
,"/Users/carlos/Documents/Drogon/apps/desktop/src/shared/persistence-contracts/tab-types.ts": {"lines":{"total":0,"covered":0,"skipped":0,"pct":100},"functions":{"total":0,"covered":0,"skipped":0,"pct":100},"statements":{"total":0,"covered":0,"skipped":0,"pct":100},"branches":{"total":0,"covered":0,"skipped":0,"pct":100}}
,"/Users/carlos/Documents/Drogon/apps/desktop/src/shared/persistence-contracts/terminal-tab-types.ts": {"lines":{"total":0,"covered":0,"skipped":0,"pct":100},"functions":{"total":0,"covered":0,"skipped":0,"pct":100},"statements":{"total":0,"covered":0,"skipped":0,"pct":100},"branches":{"total":0,"covered":0,"skipped":0,"pct":100}}
,"/Users/carlos/Documents/Drogon/apps/desktop/src/shared/persistence-contracts/tui-agent.ts": {"lines":{"total":0,"covered":0,"skipped":0,"pct":100},"functions":{"total":0,"covered":0,"skipped":0,"pct":100},"statements":{"total":0,"covered":0,"skipped":0,"pct":100},"branches":{"total":0,"covered":0,"skipped":0,"pct":100}}
,"/Users/carlos/Documents/Drogon/apps/desktop/src/shared/persistence-contracts/ui-chrome-types.ts": {"lines":{"total":0,"covered":0,"skipped":0,"pct":100},"functions":{"total":0,"covered":0,"skipped":0,"pct":100},"statements":{"total":0,"covered":0,"skipped":0,"pct":100},"branches":{"total":0,"covered":0,"skipped":0,"pct":100}}
,"/Users/carlos/Documents/Drogon/apps/desktop/src/shared/persistence-contracts/usage-percentage-display.ts": {"lines":{"total":0,"covered":0,"skipped":0,"pct":100},"functions":{"total":0,"covered":0,"skipped":0,"pct":100},"statements":{"total":0,"covered":0,"skipped":0,"pct":100},"branches":{"total":0,"covered":0,"skipped":0,"pct":100}}
,"/Users/carlos/Documents/Drogon/apps/desktop/src/shared/persistence-contracts/workspace-cleanup-browse-state.ts": {"lines":{"total":1,"covered":0,"skipped":0,"pct":0},"functions":{"total":0,"covered":0,"skipped":0,"pct":100},"statements":{"total":1,"covered":0,"skipped":0,"pct":0},"branches":{"total":0,"covered":0,"skipped":0,"pct":100}}
,"/Users/carlos/Documents/Drogon/apps/desktop/src/shared/persistence-contracts/workspace-cleanup-filter-model.ts": {"lines":{"total":0,"covered":0,"skipped":0,"pct":100},"functions":{"total":0,"covered":0,"skipped":0,"pct":100},"statements":{"total":0,"covered":0,"skipped":0,"pct":100},"branches":{"total":0,"covered":0,"skipped":0,"pct":100}}
,"/Users/carlos/Documents/Drogon/apps/desktop/src/shared/persistence-contracts/workspace-cleanup.ts": {"lines":{"total":0,"covered":0,"skipped":0,"pct":100},"functions":{"total":0,"covered":0,"skipped":0,"pct":100},"statements":{"total":0,"covered":0,"skipped":0,"pct":100},"branches":{"total":0,"covered":0,"skipped":0,"pct":100}}
,"/Users/carlos/Documents/Drogon/apps/desktop/src/shared/persistence-contracts/workspace-doc-history.ts": {"lines":{"total":0,"covered":0,"skipped":0,"pct":100},"functions":{"total":0,"covered":0,"skipped":0,"pct":100},"statements":{"total":0,"covered":0,"skipped":0,"pct":100},"branches":{"total":0,"covered":0,"skipped":0,"pct":100}}
,"/Users/carlos/Documents/Drogon/apps/desktop/src/shared/persistence-contracts/workspace-session-host-persistence.ts": {"lines":{"total":0,"covered":0,"skipped":0,"pct":100},"functions":{"total":0,"covered":0,"skipped":0,"pct":100},"statements":{"total":0,"covered":0,"skipped":0,"pct":100},"branches":{"total":0,"covered":0,"skipped":0,"pct":100}}
,"/Users/carlos/Documents/Drogon/apps/desktop/src/shared/persistence-contracts/workspace-session-state-types.ts": {"lines":{"total":0,"covered":0,"skipped":0,"pct":100},"functions":{"total":0,"covered":0,"skipped":0,"pct":100},"statements":{"total":0,"covered":0,"skipped":0,"pct":100},"branches":{"total":0,"covered":0,"skipped":0,"pct":100}}
,"/Users/carlos/Documents/Drogon/apps/desktop/src/shared/persistence-contracts/worktree-types.ts": {"lines":{"total":0,"covered":0,"skipped":0,"pct":100},"functions":{"total":0,"covered":0,"skipped":0,"pct":100},"statements":{"total":0,"covered":0,"skipped":0,"pct":100},"branches":{"total":0,"covered":0,"skipped":0,"pct":100}}
,"/Users/carlos/Documents/Drogon/apps/desktop/src/shared/worktree/card-properties.ts": {"lines":{"total":21,"covered":21,"skipped":0,"pct":100},"functions":{"total":6,"covered":6,"skipped":0,"pct":100},"statements":{"total":22,"covered":22,"skipped":0,"pct":100},"branches":{"total":14,"covered":14,"skipped":0,"pct":100}}
}
