{"numTotalTestSuites":5,"numPassedTestSuites":5,"numFailedTestSuites":0,"numPendingTestSuites":0,"numTotalTests":38,"numPassedTests":38,"numFailedTests":0,"numPendingTests":0,"numTodoTests":0,"snapshot":{"added":0,"failure":false,"filesAdded":0,"filesRemoved":0,"filesRemovedList":[],"filesUnmatched":0,"filesUpdated":0,"matched":0,"total":0,"unchecked":0,"uncheckedKeysByFile":[],"unmatched":0,"updated":0,"didUpdate":false},"startTime":1788654414336,"success":true,"testResults":[{"assertionResults":[{"ancestorTitles":["parseArgs"],"fullName":"parseArgs keeps an empty string as a flag value","status":"passed","title":"keeps an empty string as a flag value","duration":0.9747500000000002,"failureMessages":[],"meta":{},"tags":[]},{"ancestorTitles":["parseArgs"],"fullName":"parseArgs accepts a flag value that starts with -- via the = form","status":"passed","title":"accepts a flag value that starts with -- via the = form","duration":0.09804200000000662,"failureMessages":[],"meta":{},"tags":[]},{"ancestorTitles":["parseArgs"],"fullName":"parseArgs splits --flag=value on the first = so values may contain =","status":"passed","title":"splits --flag=value on the first = so values may contain =","duration":0.057541999999997984,"failureMessages":[],"meta":{},"tags":[]},{"ancestorTitles":["parseArgs"],"fullName":"parseArgs treats --flag= as an empty string value","status":"passed","title":"treats --flag= as an empty string value","duration":0.047458000000005995,"failureMessages":[],"meta":{},"tags":[]},{"ancestorTitles":["parseArgs"],"fullName":"parseArgs still parses boolean flags and space-separated values","status":"passed","title":"still parses boolean flags and space-separated values","duration":0.0920420000000064,"failureMessages":[],"meta":{},"tags":[]},{"ancestorTitles":["parseArgs"],"fullName":"parseArgs does not consume a command token after an unknown flag","status":"passed","title":"does not consume a command token after an unknown flag","duration":0.07691699999999457,"failureMessages":[],"meta":{},"tags":[]},{"ancestorTitles":["parseArgs"],"fullName":"parseArgs does not consume a command token after a flag valid on another command","status":"passed","title":"does not consume a command token after a flag valid on another command","duration":0.062375000000002956,"failureMessages":[],"meta":{},"tags":[]},{"ancestorTitles":["parseArgs"],"fullName":"parseArgs recognizes a command path with a boolean flag between its segments","status":"passed","title":"recognizes a command path with a boolean flag between its segments","duration":0.07699999999999818,"failureMessages":[],"meta":{},"tags":[]},{"ancestorTitles":["parseArgs"],"fullName":"parseArgs recognizes a command path with a value flag between its segments","status":"passed","title":"recognizes a command path with a value flag between its segments","duration":0.06358299999999417,"failureMessages":[],"meta":{},"tags":[]},{"ancestorTitles":["parseArgs"],"fullName":"parseArgs still consumes a pre-command flag value before a later command path","status":"passed","title":"still consumes a pre-command flag value before a later command path","duration":0.07304199999998673,"failureMessages":[],"meta":{},"tags":[]},{"ancestorTitles":["parseArgs"],"fullName":"parseArgs preserves existing pre-command selector values","status":"passed","title":"preserves existing pre-command selector values","duration":0.050083000000000766,"failureMessages":[],"meta":{},"tags":[]},{"ancestorTitles":["parseArgs"],"fullName":"parseArgs preserves a project selector before the project command","status":"passed","title":"preserves a project selector before the project command","duration":0.04800000000000182,"failureMessages":[],"meta":{},"tags":[]},{"ancestorTitles":["parseArgs"],"fullName":"parseArgs preserves a selector value that is also a registered command","status":"passed","title":"preserves a selector value that is also a registered command","duration":0.03683399999999892,"failureMessages":[],"meta":{},"tags":[]},{"ancestorTitles":["parseArgs"],"fullName":"parseArgs preserves a selector value that is also a command group","status":"passed","title":"preserves a selector value that is also a command group","duration":0.05391700000001265,"failureMessages":[],"meta":{},"tags":[]},{"ancestorTitles":["parseArgs"],"fullName":"parseArgs preserves a command-named project selector in \"--project\"","status":"passed","title":"preserves a command-named project selector in \"--project\"","duration":0.04658399999999574,"failureMessages":[],"meta":{},"tags":[]},{"ancestorTitles":["parseArgs"],"fullName":"parseArgs preserves a command-named project selector in \"--project=project\"","status":"passed","title":"preserves a command-named project selector in \"--project=project\"","duration":0.029708999999996877,"failureMessages":[],"meta":{},"tags":[]},{"ancestorTitles":["parseArgs"],"fullName":"parseArgs parses emulator reinstall as a boolean flag","status":"passed","title":"parses emulator reinstall as a boolean flag","duration":0.038792000000000826,"failureMessages":[],"meta":{},"tags":[]},{"ancestorTitles":["parseArgs"],"fullName":"parseArgs normalizes partial positionals without conflicting later flag-supplied args","status":"passed","title":"normalizes partial positionals without conflicting later flag-supplied args","duration":0.1281670000000048,"failureMessages":[],"meta":{},"tags":[]},{"ancestorTitles":["parseArgs"],"fullName":"parseArgs preserves repeated string flags","status":"passed","title":"preserves repeated string flags","duration":0.033415999999988344,"failureMessages":[],"meta":{},"tags":[]},{"ancestorTitles":["parseArgs"],"fullName":"parseArgs does not apply repeated flag encoding to ordinary string flags","status":"passed","title":"does not apply repeated flag encoding to ordinary string flags","duration":0.026500000000012847,"failureMessages":[],"meta":{},"tags":[]},{"ancestorTitles":["command aliases"],"fullName":"command aliases resolves an exact canonical path to its spec","status":"passed","title":"resolves an exact canonical path to its spec","duration":0.047708000000000084,"failureMessages":[],"meta":{},"tags":[]},{"ancestorTitles":["command aliases"],"fullName":"command aliases resolves an aliased path to the canonical spec","status":"passed","title":"resolves an aliased path to the canonical spec","duration":0.02154200000001083,"failureMessages":[],"meta":{},"tags":[]},{"ancestorTitles":["command aliases"],"fullName":"command aliases resolves each declared alias to the canonical spec","status":"passed","title":"resolves each declared alias to the canonical spec","duration":0.024791000000007557,"failureMessages":[],"meta":{},"tags":[]},{"ancestorTitles":["command aliases"],"fullName":"command aliases returns undefined for a path matching neither canonical nor alias","status":"passed","title":"returns undefined for a path matching neither canonical nor alias","duration":0.030166000000008353,"failureMessages":[],"meta":{},"tags":[]},{"ancestorTitles":["command aliases"],"fullName":"command aliases canonicalizes an aliased command path during normalization","status":"passed","title":"canonicalizes an aliased command path during normalization","duration":0.036583999999990624,"failureMessages":[],"meta":{},"tags":[]},{"ancestorTitles":["command aliases"],"fullName":"command aliases leaves a canonical command path unchanged during normalization","status":"passed","title":"leaves a canonical command path unchanged during normalization","duration":0.026542000000006283,"failureMessages":[],"meta":{},"tags":[]},{"ancestorTitles":["command aliases"],"fullName":"command aliases binds a trailing positional after canonicalizing the base path","status":"passed","title":"binds a trailing positional after canonicalizing the base path","duration":0.03366700000000833,"failureMessages":[],"meta":{},"tags":[]},{"ancestorTitles":["supportsBrowserPageFlag"],"fullName":"supportsBrowserPageFlag does not expose browser page targeting on orchestration commands","status":"passed","title":"does not expose browser page targeting on orchestration commands","duration":0.037165999999999144,"failureMessages":[],"meta":{},"tags":[]},{"ancestorTitles":["supportsBrowserPageFlag"],"fullName":"supportsBrowserPageFlag does not expose browser page targeting on local agent discovery","status":"passed","title":"does not expose browser page targeting on local agent discovery","duration":0.021500000000003183,"failureMessages":[],"meta":{},"tags":[]},{"ancestorTitles":["supportsBrowserPageFlag"],"fullName":"supportsBrowserPageFlag does not expose browser page targeting on host-local account commands","status":"passed","title":"does not expose browser page targeting on host-local account commands","duration":0.029542000000006396,"failureMessages":[],"meta":{},"tags":[]},{"ancestorTitles":["validateCommandAndFlags"],"fullName":"validateCommandAndFlags allows global runtime selector flags even when the command spec omits them","status":"passed","title":"allows global runtime selector flags even when the command spec omits them","duration":0.35908299999999826,"failureMessages":[],"meta":{},"tags":[]},{"ancestorTitles":["validateCommandAndFlags"],"fullName":"validateCommandAndFlags rejects --environment without a value","status":"passed","title":"rejects --environment without a value","duration":0.13087500000000318,"failureMessages":[],"meta":{},"tags":[]},{"ancestorTitles":["validateCommandAndFlags"],"fullName":"validateCommandAndFlags rejects --pairing-code without a value","status":"passed","title":"rejects --pairing-code without a value","duration":0.04470799999999997,"failureMessages":[],"meta":{},"tags":[]},{"ancestorTitles":["validateCommandAndFlags"],"fullName":"validateCommandAndFlags rejects an empty --environment= value","status":"passed","title":"rejects an empty --environment= value","duration":0.050749999999993634,"failureMessages":[],"meta":{},"tags":[]},{"ancestorTitles":["validateCommandAndFlags"],"fullName":"validateCommandAndFlags rejects an empty --pairing-code= value","status":"passed","title":"rejects an empty --pairing-code= value","duration":0.0369580000000127,"failureMessages":[],"meta":{},"tags":[]},{"ancestorTitles":["validateCommandAndFlags"],"fullName":"validateCommandAndFlags still rejects unknown command-specific flags","status":"passed","title":"still rejects unknown command-specific flags","duration":9.160375000000002,"failureMessages":[],"meta":{},"tags":[]},{"ancestorTitles":["validateCommandAndFlags"],"fullName":"validateCommandAndFlags enumerates valid flags and suggests a near-miss on unknown-flag errors","status":"passed","title":"enumerates valid flags and suggests a near-miss on unknown-flag errors","duration":0.37991700000000606,"failureMessages":[],"meta":{},"tags":[]},{"ancestorTitles":["validateCommandAndFlags"],"fullName":"validateCommandAndFlags attaches did-you-mean suggestions to unknown-command errors","status":"passed","title":"attaches did-you-mean suggestions to unknown-command errors","duration":0.15920800000000668,"failureMessages":[],"meta":{},"tags":[]}],"startTime":1788654414443,"endTime":1788654414456.38,"status":"passed","message":"","name":"/Users/carlos/Documents/Drogon-rewrite/.preflight/parity-baseline/coordinator-cli-args-HoBfPA/src/cli/args.test.ts"}]}