{"numTotalTestSuites":2,"numPassedTestSuites":2,"numFailedTestSuites":0,"numPendingTestSuites":0,"numTotalTests":11,"numPassedTests":11,"numFailedTests":0,"numPendingTests":0,"numTodoTests":0,"snapshot":{"added":0,"failure":false,"filesAdded":0,"filesRemoved":0,"filesRemovedList":[],"filesUnmatched":0,"filesUpdated":0,"matched":0,"total":0,"unchecked":0,"uncheckedKeysByFile":[],"unmatched":0,"updated":0,"didUpdate":false},"startTime":1788661556662,"success":true,"testResults":[{"assertionResults":[{"ancestorTitles":["Bot responsibility ownership"],"fullName":"Bot responsibility ownership migrates scheduled responsibility ownership and run links","status":"passed","title":"migrates scheduled responsibility ownership and run links","duration":1.1445000000000078,"failureMessages":[],"meta":{},"tags":[]},{"ancestorTitles":["Bot responsibility ownership"],"fullName":"Bot responsibility ownership keeps a Bot automation in global administration while projecting Bot history","status":"passed","title":"keeps a Bot automation in global administration while projecting Bot history","duration":0.28154200000000174,"failureMessages":[],"meta":{},"tags":[]},{"ancestorTitles":["Bot responsibility ownership"],"fullName":"Bot responsibility ownership drops a dangling owner from a legacy automation instead of inventing a Bot","status":"passed","title":"drops a dangling owner from a legacy automation instead of inventing a Bot","duration":0.26600000000000534,"failureMessages":[],"meta":{},"tags":[]},{"ancestorTitles":["Bot responsibility ownership"],"fullName":"Bot responsibility ownership repairs mismatched owners and drops responsibilities whose automation is gone","status":"passed","title":"repairs mismatched owners and drops responsibilities whose automation is gone","duration":0.370041999999998,"failureMessages":[],"meta":{},"tags":[]},{"ancestorTitles":["Bot responsibility ownership"],"fullName":"Bot responsibility ownership persists a Bot mutation and rotates its session through the persistence domain","status":"passed","title":"persists a Bot mutation and rotates its session through the persistence domain","duration":0.6063749999999999,"failureMessages":[],"meta":{},"tags":[]},{"ancestorTitles":["Bot responsibility ownership"],"fullName":"Bot responsibility ownership creates a scheduled responsibility as an Orca-owned automation","status":"passed","title":"creates a scheduled responsibility as an Orca-owned automation","duration":0.8616250000000036,"failureMessages":[],"meta":{},"tags":[]},{"ancestorTitles":["Bot responsibility ownership"],"fullName":"Bot responsibility ownership records scheduler-created runs in Bot history without replacing automation status","status":"passed","title":"records scheduler-created runs in Bot history without replacing automation status","duration":0.256416999999999,"failureMessages":[],"meta":{},"tags":[]},{"ancestorTitles":["Bot responsibility ownership"],"fullName":"Bot responsibility ownership closes Bot history when the linked automation reaches a final status","status":"passed","title":"closes Bot history when the linked automation reaches a final status","duration":0.2323339999999945,"failureMessages":[],"meta":{},"tags":[]},{"ancestorTitles":["Bot responsibility ownership"],"fullName":"Bot responsibility ownership refuses to manually fake execution of a reactive responsibility","status":"passed","title":"refuses to manually fake execution of a reactive responsibility","duration":0.5020410000000055,"failureMessages":[],"meta":{},"tags":[]},{"ancestorTitles":["Bot responsibility ownership"],"fullName":"Bot responsibility ownership hydrates current Bot identity and memory into every scheduled dispatch","status":"passed","title":"hydrates current Bot identity and memory into every scheduled dispatch","duration":0.15204200000000867,"failureMessages":[],"meta":{},"tags":[]},{"ancestorTitles":["Bot responsibility ownership"],"fullName":"Bot responsibility ownership keeps scheduler history idempotent and rejects invented automation runs","status":"passed","title":"keeps scheduler history idempotent and rejects invented automation runs","duration":0.21658399999999745,"failureMessages":[],"meta":{},"tags":[]}],"startTime":1788661556777,"endTime":1788661556782.2166,"status":"passed","message":"","name":"/Users/carlos/Documents/Drogon-rewrite/.preflight/parity-baseline/coordinator-bot-owner-UYe7Am/src/main/bots/bot-responsibility-owner.test.ts"}]}
