{"numTotalTestSuites":2,"numPassedTestSuites":2,"numFailedTestSuites":0,"numPendingTestSuites":0,"numTotalTests":6,"numPassedTests":6,"numFailedTests":0,"numPendingTests":0,"numTodoTests":0,"snapshot":{"added":0,"failure":false,"filesAdded":0,"filesRemoved":0,"filesRemovedList":[],"filesUnmatched":0,"filesUpdated":0,"matched":0,"total":0,"unchecked":0,"uncheckedKeysByFile":[],"unmatched":0,"updated":0,"didUpdate":false},"startTime":1788666788393,"success":true,"testResults":[{"assertionResults":[{"ancestorTitles":["readBrowserClientHostId"],"fullName":"readBrowserClientHostId reads the id its main process reports","status":"passed","title":"reads the id its main process reports","duration":1.0497080000000096,"failureMessages":[],"meta":{},"tags":[]},{"ancestorTitles":["readBrowserClientHostId"],"fullName":"readBrowserClientHostId asks the bridge once and answers from the cache after that","status":"passed","title":"asks the bridge once and answers from the cache after that","duration":0.8744999999999976,"failureMessages":[],"meta":{},"tags":[]},{"ancestorTitles":["readBrowserClientHostId"],"fullName":"readBrowserClientHostId reports no host id for a client whose api cannot answer","status":"passed","title":"reports no host id for a client whose api cannot answer","duration":0.11416700000000901,"failureMessages":[],"meta":{},"tags":[]},{"ancestorTitles":["readBrowserClientHostId"],"fullName":"readBrowserClientHostId reports no host id for a client with no api at all","status":"passed","title":"reports no host id for a client with no api at all","duration":0.12883400000001188,"failureMessages":[],"meta":{},"tags":[]},{"ancestorTitles":["readBrowserClientHostId"],"fullName":"readBrowserClientHostId reports no host id for a renderer main stamped no id into","status":"passed","title":"reports no host id for a renderer main stamped no id into","duration":0.09987499999999727,"failureMessages":[],"meta":{},"tags":[]},{"ancestorTitles":["readBrowserClientHostId"],"fullName":"readBrowserClientHostId keeps asking until the bridge answers","status":"passed","title":"keeps asking until the bridge answers","duration":0.24166699999999253,"failureMessages":[],"meta":{},"tags":[]}],"startTime":1788666788519,"endTime":1788666788522.2417,"status":"passed","message":"","name":"/Users/carlos/Documents/Drogon-rewrite/.preflight/parity-baseline/audit-browser-client-host-identity-4RnfUi/src/renderer/src/runtime/browser-client-host-identity.test.ts"}]}
