{
  "numTotalTestSuites": 2,
  "numPassedTestSuites": 2,
  "numFailedTestSuites": 0,
  "numPendingTestSuites": 0,
  "numTotalTests": 5,
  "numPassedTests": 5,
  "numFailedTests": 0,
  "numPendingTests": 0,
  "numTodoTests": 0,
  "snapshot": {
    "added": 0,
    "failure": false,
    "filesAdded": 0,
    "filesRemoved": 0,
    "filesRemovedList": [],
    "filesUnmatched": 0,
    "filesUpdated": 0,
    "matched": 0,
    "total": 0,
    "unchecked": 0,
    "uncheckedKeysByFile": [],
    "unmatched": 0,
    "updated": 0,
    "didUpdate": false
  },
  "startTime": 1788670269583,
  "success": true,
  "testResults": [
    {
      "assertionResults": [
        {
          "ancestorTitles": [
            "mobile runtime capability negotiation"
          ],
          "fullName": "mobile runtime capability negotiation proceeds when the host never answers, so a slow link still reaches connected",
          "status": "passed",
          "title": "proceeds when the host never answers, so a slow link still reaches connected",
          "duration": 52.943083,
          "failureMessages": [],
          "meta": {},
          "tags": []
        },
        {
          "ancestorTitles": [
            "mobile runtime capability negotiation"
          ],
          "fullName": "mobile runtime capability negotiation proceeds when the socket drops the request mid-flight",
          "status": "passed",
          "title": "proceeds when the socket drops the request mid-flight",
          "duration": 51.198958000000005,
          "failureMessages": [],
          "meta": {},
          "tags": []
        },
        {
          "ancestorTitles": [
            "mobile runtime capability negotiation"
          ],
          "fullName": "mobile runtime capability negotiation fails a socket that could not put the advisory on the wire",
          "status": "passed",
          "title": "fails a socket that could not put the advisory on the wire",
          "duration": 51.99441700000003,
          "failureMessages": [],
          "meta": {},
          "tags": []
        },
        {
          "ancestorTitles": [
            "mobile runtime capability negotiation"
          ],
          "fullName": "mobile runtime capability negotiation leaves a replaced session alone on an unanswered request",
          "status": "passed",
          "title": "leaves a replaced session alone on an unanswered request",
          "duration": 0.47562499999997954,
          "failureMessages": [],
          "meta": {},
          "tags": []
        },
        {
          "ancestorTitles": [
            "mobile runtime capability negotiation"
          ],
          "fullName": "mobile runtime capability negotiation leaves a replaced session alone on a successful response",
          "status": "passed",
          "title": "leaves a replaced session alone on a successful response",
          "duration": 0.1505419999999731,
          "failureMessages": [],
          "meta": {},
          "tags": []
        }
      ],
      "startTime": 1788670269699,
      "endTime": 1788670269856.1506,
      "status": "passed",
      "message": "",
      "name": "/Users/carlos/Documents/Drogon-rewrite/.preflight/parity-baseline/audit-mobile-runtime-capability-negotiation-d2lLbZ/mobile/src/transport/mobile-runtime-capability-negotiation.test.ts"
    }
  ]
}
