{"numTotalTestSuites":2,"numPassedTestSuites":2,"numFailedTestSuites":0,"numPendingTestSuites":0,"numTotalTests":5,"numPassedTests":5,"numFailedTests":0,"numPendingTests":0,"numTodoTests":0,"snapshot":{"added":0,"failure":false,"filesAdded":0,"filesRemoved":0,"filesRemovedList":[],"filesUnmatched":0,"filesUpdated":0,"matched":0,"total":0,"unchecked":0,"uncheckedKeysByFile":[],"unmatched":0,"updated":0,"didUpdate":false},"startTime":1788667576642,"success":true,"testResults":[{"assertionResults":[{"ancestorTitles":["handshake framing"],"fullName":"handshake framing round-trips an orca-relay-handshake envelope through the existing framing","status":"passed","title":"round-trips an orca-relay-handshake envelope through the existing framing","duration":1.656125000000003,"failureMessages":[],"meta":{},"tags":[]},{"ancestorTitles":["handshake framing"],"fullName":"handshake framing round-trips an orca-relay-handshake-ok reply","status":"passed","title":"round-trips an orca-relay-handshake-ok reply","duration":0.19295900000000188,"failureMessages":[],"meta":{},"tags":[]},{"ancestorTitles":["handshake framing"],"fullName":"handshake framing round-trips an orca-relay-handshake-mismatch reply","status":"passed","title":"round-trips an orca-relay-handshake-mismatch reply","duration":0.16908300000000054,"failureMessages":[],"meta":{},"tags":[]},{"ancestorTitles":["handshake framing"],"fullName":"handshake framing rejects payloads with unknown type","status":"passed","title":"rejects payloads with unknown type","duration":0.31962499999998784,"failureMessages":[],"meta":{},"tags":[]},{"ancestorTitles":["handshake framing"],"fullName":"handshake framing handshake frames use a distinct MessageType from Regular and KeepAlive","status":"passed","title":"handshake frames use a distinct MessageType from Regular and KeepAlive","duration":0.13954200000000583,"failureMessages":[],"meta":{},"tags":[]}],"startTime":1788667576776,"endTime":1788667576779.1396,"status":"passed","message":"","name":"/Users/carlos/Documents/Drogon-rewrite/.preflight/parity-baseline/audit-relay-protocol-handshake-Zttq1O/src/relay/protocol-handshake.test.ts"}]}
