{"numTotalTestSuites":2,"numPassedTestSuites":2,"numFailedTestSuites":0,"numPendingTestSuites":0,"numTotalTests":7,"numPassedTests":7,"numFailedTests":0,"numPendingTests":0,"numTodoTests":0,"snapshot":{"added":0,"failure":false,"filesAdded":0,"filesRemoved":0,"filesRemovedList":[],"filesUnmatched":0,"filesUpdated":0,"matched":0,"total":0,"unchecked":0,"uncheckedKeysByFile":[],"unmatched":0,"updated":0,"didUpdate":false},"startTime":1788666788393,"success":true,"testResults":[{"assertionResults":[{"ancestorTitles":["browser client host id argument"],"fullName":"browser client host id argument reads back the id it formatted, from the middle of a real argv","status":"passed","title":"reads back the id it formatted, from the middle of a real argv","duration":0.8801249999999925,"failureMessages":[],"meta":{},"tags":[]},{"ancestorTitles":["browser client host id argument"],"fullName":"browser client host id argument takes the first stamp when argv carries two","status":"passed","title":"takes the first stamp when argv carries two","duration":0.15604199999999935,"failureMessages":[],"meta":{},"tags":[]},{"ancestorTitles":["browser client host id argument"],"fullName":"browser client host id argument reports no id for an argv with no such argument","status":"passed","title":"reports no id for an argv with no such argument","duration":0.1166250000000133,"failureMessages":[],"meta":{},"tags":[]},{"ancestorTitles":["browser client host id argument"],"fullName":"browser client host id argument reports no id for an empty argv","status":"passed","title":"reports no id for an empty argv","duration":0.12862499999999955,"failureMessages":[],"meta":{},"tags":[]},{"ancestorTitles":["browser client host id argument"],"fullName":"browser client host id argument reports no id for a flag whose value is empty","status":"passed","title":"reports no id for a flag whose value is empty","duration":0.06379100000000903,"failureMessages":[],"meta":{},"tags":[]},{"ancestorTitles":["browser client host id argument"],"fullName":"browser client host id argument reports no id for a different flag that starts the same way","status":"passed","title":"reports no id for a different flag that starts the same way","duration":0.042375000000006935,"failureMessages":[],"meta":{},"tags":[]},{"ancestorTitles":["browser client host id argument"],"fullName":"browser client host id argument formats the argument main and the preload have to agree on","status":"passed","title":"formats the argument main and the preload have to agree on","duration":0.04929199999999412,"failureMessages":[],"meta":{},"tags":[]}],"startTime":1788666788519,"endTime":1788666788521.1287,"status":"passed","message":"","name":"/Users/carlos/Documents/Drogon-rewrite/.preflight/parity-baseline/audit-browser-client-host-id-argument-tmbct9/src/shared/browser-client-host-id-argument.test.ts"}]}
