{
  "numTotalTestSuites": 2,
  "numPassedTestSuites": 2,
  "numFailedTestSuites": 0,
  "numPendingTestSuites": 0,
  "numTotalTests": 10,
  "numPassedTests": 10,
  "numFailedTests": 0,
  "numPendingTests": 0,
  "numTodoTests": 0,
  "snapshot": {
    "added": 0,
    "failure": false,
    "filesAdded": 0,
    "filesRemoved": 0,
    "filesRemovedList": [],
    "filesUnmatched": 0,
    "filesUpdated": 0,
    "matched": 0,
    "total": 0,
    "unchecked": 0,
    "uncheckedKeysByFile": [],
    "unmatched": 0,
    "updated": 0,
    "didUpdate": false
  },
  "startTime": 1788672002948,
  "success": true,
  "testResults": [
    {
      "assertionResults": [
        {
          "ancestorTitles": [
            "getLocalPreviewMarkerState / isPackagedLocalPreview"
          ],
          "fullName": "getLocalPreviewMarkerState / isPackagedLocalPreview is absent when unpackaged, regardless of a marker on disk",
          "status": "passed",
          "title": "is absent when unpackaged, regardless of a marker on disk",
          "duration": 12.561000000000007,
          "failureMessages": [],
          "meta": {},
          "tags": []
        },
        {
          "ancestorTitles": [
            "getLocalPreviewMarkerState / isPackagedLocalPreview"
          ],
          "fullName": "getLocalPreviewMarkerState / isPackagedLocalPreview ENOENT (genuinely no marker file): absent, ordinary release unchanged",
          "status": "passed",
          "title": "ENOENT (genuinely no marker file): absent, ordinary release unchanged",
          "duration": 1.4067500000000024,
          "failureMessages": [],
          "meta": {},
          "tags": []
        },
        {
          "ancestorTitles": [
            "getLocalPreviewMarkerState / isPackagedLocalPreview"
          ],
          "fullName": "getLocalPreviewMarkerState / isPackagedLocalPreview a valid preview marker: preview, updates unavailable",
          "status": "passed",
          "title": "a valid preview marker: preview, updates unavailable",
          "duration": 1.368667000000002,
          "failureMessages": [],
          "meta": {},
          "tags": []
        },
        {
          "ancestorTitles": [
            "getLocalPreviewMarkerState / isPackagedLocalPreview"
          ],
          "fullName": "getLocalPreviewMarkerState / isPackagedLocalPreview tolerates additive fields a future writer might add (legacy metadata compatibility)",
          "status": "passed",
          "title": "tolerates additive fields a future writer might add (legacy metadata compatibility)",
          "duration": 1.8579579999999964,
          "failureMessages": [],
          "meta": {},
          "tags": []
        },
        {
          "ancestorTitles": [
            "getLocalPreviewMarkerState / isPackagedLocalPreview"
          ],
          "fullName": "getLocalPreviewMarkerState / isPackagedLocalPreview EACCES (present but unreadable): unusable, updates unavailable — never silently ordinary",
          "status": "passed",
          "title": "EACCES (present but unreadable): unusable, updates unavailable — never silently ordinary",
          "duration": 1.658457999999996,
          "failureMessages": [],
          "meta": {},
          "tags": []
        },
        {
          "ancestorTitles": [
            "getLocalPreviewMarkerState / isPackagedLocalPreview"
          ],
          "fullName": "getLocalPreviewMarkerState / isPackagedLocalPreview malformed JSON (present but unparsable): unusable, updates unavailable",
          "status": "passed",
          "title": "malformed JSON (present but unparsable): unusable, updates unavailable",
          "duration": 2.0255420000000015,
          "failureMessages": [],
          "meta": {},
          "tags": []
        },
        {
          "ancestorTitles": [
            "getLocalPreviewMarkerState / isPackagedLocalPreview"
          ],
          "fullName": "getLocalPreviewMarkerState / isPackagedLocalPreview unsupported/wrong schema (present but does not match the contract): unusable",
          "status": "passed",
          "title": "unsupported/wrong schema (present but does not match the contract): unusable",
          "duration": 1.6765419999999978,
          "failureMessages": [],
          "meta": {},
          "tags": []
        },
        {
          "ancestorTitles": [
            "getLocalPreviewMarkerState / isPackagedLocalPreview"
          ],
          "fullName": "getLocalPreviewMarkerState / isPackagedLocalPreview unsupported schema: missing formatVersion is also unusable",
          "status": "passed",
          "title": "unsupported schema: missing formatVersion is also unusable",
          "duration": 1.6687500000000028,
          "failureMessages": [],
          "meta": {},
          "tags": []
        },
        {
          "ancestorTitles": [
            "getLocalPreviewMarkerState / isPackagedLocalPreview"
          ],
          "fullName": "getLocalPreviewMarkerState / isPackagedLocalPreview is absent when resourcesPath is unavailable (not a real packaged Electron process)",
          "status": "passed",
          "title": "is absent when resourcesPath is unavailable (not a real packaged Electron process)",
          "duration": 0.8526250000000033,
          "failureMessages": [],
          "meta": {},
          "tags": []
        },
        {
          "ancestorTitles": [
            "getLocalPreviewMarkerState / isPackagedLocalPreview"
          ],
          "fullName": "getLocalPreviewMarkerState / isPackagedLocalPreview caches the result for the process lifetime until the test-only reset",
          "status": "passed",
          "title": "caches the result for the process lifetime until the test-only reset",
          "duration": 1.3908330000000007,
          "failureMessages": [],
          "meta": {},
          "tags": []
        }
      ],
      "startTime": 1788672003060,
      "endTime": 1788672003086.3909,
      "status": "passed",
      "message": "",
      "name": "/Users/carlos/Documents/Drogon-rewrite/.preflight/parity-baseline/audit-updater-local-preview-marker-Z5xcrq/src/main/updater-local-preview-marker.test.ts"
    }
  ]
}
