{"numTotalTestSuites":2,"numPassedTestSuites":2,"numFailedTestSuites":0,"numPendingTestSuites":0,"numTotalTests":7,"numPassedTests":7,"numFailedTests":0,"numPendingTests":0,"numTodoTests":0,"snapshot":{"added":0,"failure":false,"filesAdded":0,"filesRemoved":0,"filesRemovedList":[],"filesUnmatched":0,"filesUpdated":0,"matched":0,"total":0,"unchecked":0,"uncheckedKeysByFile":[],"unmatched":0,"updated":0,"didUpdate":false},"startTime":1788661886266,"success":true,"testResults":[{"assertionResults":[{"ancestorTitles":["requestSessionTabCloseFromRenderer"],"fullName":"requestSessionTabCloseFromRenderer waits for the targeted renderer acknowledgement","status":"passed","title":"waits for the targeted renderer acknowledgement","duration":7.622583000000006,"failureMessages":[],"meta":{},"tags":[]},{"ancestorTitles":["requestSessionTabCloseFromRenderer"],"fullName":"requestSessionTabCloseFromRenderer propagates renderer cancellation","status":"passed","title":"propagates renderer cancellation","duration":0.45324999999999704,"failureMessages":[],"meta":{},"tags":[]},{"ancestorTitles":["requestSessionTabCloseFromRenderer"],"fullName":"requestSessionTabCloseFromRenderer rejects and releases listeners when the target window closes","status":"passed","title":"rejects and releases listeners when the target window closes","duration":0.20050000000000523,"failureMessages":[],"meta":{},"tags":[]},{"ancestorTitles":["requestSessionTabCloseFromRenderer"],"fullName":"requestSessionTabCloseFromRenderer rejects when web contents emits destroyed","status":"passed","title":"rejects when web contents emits destroyed","duration":0.15504200000000878,"failureMessages":[],"meta":{},"tags":[]},{"ancestorTitles":["requestSessionTabCloseFromRenderer"],"fullName":"requestSessionTabCloseFromRenderer rejects when web contents emits render-process-gone","status":"passed","title":"rejects when web contents emits render-process-gone","duration":0.11216699999999946,"failureMessages":[],"meta":{},"tags":[]},{"ancestorTitles":["requestSessionTabCloseFromRenderer"],"fullName":"requestSessionTabCloseFromRenderer rejects when web contents emits did-start-loading","status":"passed","title":"rejects when web contents emits did-start-loading","duration":0.1019589999999937,"failureMessages":[],"meta":{},"tags":[]},{"ancestorTitles":["requestSessionTabCloseFromRenderer"],"fullName":"requestSessionTabCloseFromRenderer times out after the renderer confirmation lease and response grace","status":"passed","title":"times out after the renderer confirmation lease and response grace","duration":0.8563749999999999,"failureMessages":[],"meta":{},"tags":[]}],"startTime":1788661886348,"endTime":1788661886357.8564,"status":"passed","message":"","name":"/Users/carlos/Documents/Drogon-rewrite/.preflight/parity-baseline/coordinator-close-relay-tG4CDG/src/main/window/session-tab-close-request-relay.test.ts"}]}
