{
  "numTotalTestSuites": 2,
  "numPassedTestSuites": 2,
  "numFailedTestSuites": 0,
  "numPendingTestSuites": 0,
  "numTotalTests": 4,
  "numPassedTests": 4,
  "numFailedTests": 0,
  "numPendingTests": 0,
  "numTodoTests": 0,
  "snapshot": {
    "added": 0,
    "failure": false,
    "filesAdded": 0,
    "filesRemoved": 0,
    "filesRemovedList": [],
    "filesUnmatched": 0,
    "filesUpdated": 0,
    "matched": 0,
    "total": 0,
    "unchecked": 0,
    "uncheckedKeysByFile": [],
    "unmatched": 0,
    "updated": 0,
    "didUpdate": false
  },
  "startTime": 1788672002948,
  "success": true,
  "testResults": [
    {
      "assertionResults": [
        {
          "ancestorTitles": [
            "local preview build marker"
          ],
          "fullName": "local preview build marker is not requested by default (ordinary packaging runs)",
          "status": "passed",
          "title": "is not requested by default (ordinary packaging runs)",
          "duration": 4.082667000000001,
          "failureMessages": [],
          "meta": {},
          "tags": []
        },
        {
          "ancestorTitles": [
            "local preview build marker"
          ],
          "fullName": "local preview build marker is requested only via the explicit ORCA_LOCAL_PREVIEW_BUILD=1 env var",
          "status": "passed",
          "title": "is requested only via the explicit ORCA_LOCAL_PREVIEW_BUILD=1 env var",
          "duration": 1.0755829999999946,
          "failureMessages": [],
          "meta": {},
          "tags": []
        },
        {
          "ancestorTitles": [
            "local preview build marker"
          ],
          "fullName": "local preview build marker writes the shared contract verbatim, immutable across writer/reader",
          "status": "passed",
          "title": "writes the shared contract verbatim, immutable across writer/reader",
          "duration": 1.913540999999995,
          "failureMessages": [],
          "meta": {},
          "tags": []
        },
        {
          "ancestorTitles": [
            "local preview build marker"
          ],
          "fullName": "local preview build marker matches the filename src/main/updater-local-preview-marker.ts reads at runtime",
          "status": "passed",
          "title": "matches the filename src/main/updater-local-preview-marker.ts reads at runtime",
          "duration": 0.41370799999999974,
          "failureMessages": [],
          "meta": {},
          "tags": []
        }
      ],
      "startTime": 1788672003046,
      "endTime": 1788672003053.4138,
      "status": "passed",
      "message": "",
      "name": "/Users/carlos/Documents/Drogon-rewrite/.preflight/parity-baseline/audit-local-preview-build-marker-kmVSu7/config/scripts/local-preview-build-marker.test.mjs"
    }
  ]
}
