{"numTotalTestSuites":2,"numPassedTestSuites":2,"numFailedTestSuites":0,"numPendingTestSuites":0,"numTotalTests":16,"numPassedTests":16,"numFailedTests":0,"numPendingTests":0,"numTodoTests":0,"snapshot":{"added":0,"failure":false,"filesAdded":0,"filesRemoved":0,"filesRemovedList":[],"filesUnmatched":0,"filesUpdated":0,"matched":0,"total":0,"unchecked":0,"uncheckedKeysByFile":[],"unmatched":0,"updated":0,"didUpdate":false},"startTime":1788666204450,"success":true,"testResults":[{"assertionResults":[{"ancestorTitles":["getServeOptions"],"fullName":"getServeOptions parses a valid launch","status":"passed","title":"parses a valid launch","duration":1.328374999999994,"failureMessages":[],"meta":{},"tags":[]},{"ancestorTitles":["getServeOptions"],"fullName":"getServeOptions accepts equals-form values in the normalized shape","status":"passed","title":"accepts equals-form values in the normalized shape","duration":0.3545000000000016,"failureMessages":[],"meta":{},"tags":[]},{"ancestorTitles":["getServeOptions"],"fullName":"getServeOptions uses the final occurrence of each value flag","status":"passed","title":"uses the final occurrence of each value flag","duration":0.2681249999999977,"failureMessages":[],"meta":{},"tags":[]},{"ancestorTitles":["getServeOptions"],"fullName":"getServeOptions applies missing or invalid values only to the final occurrence","status":"passed","title":"applies missing or invalid values only to the final occurrence","duration":0.5894999999999868,"failureMessages":[],"meta":{},"tags":[]},{"ancestorTitles":["getServeOptions"],"fullName":"getServeOptions uses the final value of mixed boolean aliases","status":"passed","title":"uses the final value of mixed boolean aliases","duration":0.3528749999999974,"failureMessages":[],"meta":{},"tags":[]},{"ancestorTitles":["getServeOptions"],"fullName":"getServeOptions keeps JSON enabled for an equals-form global flag","status":"passed","title":"keeps JSON enabled for an equals-form global flag","duration":0.07554199999999867,"failureMessages":[],"meta":{},"tags":[]},{"ancestorTitles":["getServeOptions"],"fullName":"getServeOptions accepts an equals-form value that resembles a pairing flag","status":"passed","title":"accepts an equals-form value that resembles a pairing flag","duration":0.15562500000000057,"failureMessages":[],"meta":{},"tags":[]},{"ancestorTitles":["getServeOptions"],"fullName":"getServeOptions shares cross-flag validation with the CLI-form launch","status":"passed","title":"shares cross-flag validation with the CLI-form launch","duration":0.18487499999999102,"failureMessages":[],"meta":{},"tags":[]},{"ancestorTitles":["getServeOptions"],"fullName":"getServeOptions rejects recipe JSON without runtime pairing and a project root","status":"passed","title":"rejects recipe JSON without runtime pairing and a project root","duration":0.2854159999999979,"failureMessages":[],"meta":{},"tags":[]},{"ancestorTitles":["getServeOptions"],"fullName":"getServeOptions rejects a security-shaped typo while allowing Chromium switches","status":"passed","title":"rejects a security-shaped typo while allowing Chromium switches","duration":0.23183300000000884,"failureMessages":[],"meta":{},"tags":[]},{"ancestorTitles":["getServeOptions"],"fullName":"getServeOptions still rejects a flag-shaped space value, as the CLI does","status":"passed","title":"still rejects a flag-shaped space value, as the CLI does","duration":0.1395830000000018,"failureMessages":[],"meta":{},"tags":[]},{"ancestorTitles":["getServeOptions"],"fullName":"getServeOptions ignores serve-looking arguments after the terminator","status":"passed","title":"ignores serve-looking arguments after the terminator","duration":0.07162499999999739,"failureMessages":[],"meta":{},"tags":[]},{"ancestorTitles":["getServeOptions"],"fullName":"getServeOptions requires a port value","status":"passed","title":"requires a port value","duration":0.09529100000000312,"failureMessages":[],"meta":{},"tags":[]},{"ancestorTitles":["getServeOptions"],"fullName":"getServeOptions rejects an unusable port value \"\"","status":"passed","title":"rejects an unusable port value \"\"","duration":0.07512499999999989,"failureMessages":[],"meta":{},"tags":[]},{"ancestorTitles":["getServeOptions"],"fullName":"getServeOptions rejects an unusable port value \"--serve-json\"","status":"passed","title":"rejects an unusable port value \"--serve-json\"","duration":0.0764170000000064,"failureMessages":[],"meta":{},"tags":[]},{"ancestorTitles":["getServeOptions"],"fullName":"getServeOptions rejects an unusable port value \"--\"","status":"passed","title":"rejects an unusable port value \"--\"","duration":0.05595800000000395,"failureMessages":[],"meta":{},"tags":[]}],"startTime":1788666204557,"endTime":1788666204561.232,"status":"passed","message":"","name":"/Users/carlos/Documents/Drogon-rewrite/.preflight/parity-baseline/coordinator-serve-options-GaLHX9/src/main/startup/serve-options.test.ts"}]}
