{"numTotalTestSuites":2,"numPassedTestSuites":2,"numFailedTestSuites":0,"numPendingTestSuites":0,"numTotalTests":29,"numPassedTests":29,"numFailedTests":0,"numPendingTests":0,"numTodoTests":0,"snapshot":{"added":0,"failure":false,"filesAdded":0,"filesRemoved":0,"filesRemovedList":[],"filesUnmatched":0,"filesUpdated":0,"matched":0,"total":0,"unchecked":0,"uncheckedKeysByFile":[],"unmatched":0,"updated":0,"didUpdate":false},"startTime":1788654845600,"success":true,"testResults":[{"assertionResults":[{"ancestorTitles":["BotReactiveDispatchService foundation"],"fullName":"BotReactiveDispatchService foundation dispatches only matching, enabled, tested, in-scope, mention-eligible events","status":"passed","title":"dispatches only matching, enabled, tested, in-scope, mention-eligible events","duration":1.2478749999999934,"failureMessages":[],"meta":{},"tags":[]},{"ancestorTitles":["BotReactiveDispatchService foundation"],"fullName":"BotReactiveDispatchService foundation rejects malformed runtime input as invalid_config: null event","status":"passed","title":"rejects malformed runtime input as invalid_config: null event","duration":0.27087500000000375,"failureMessages":[],"meta":{},"tags":[]},{"ancestorTitles":["BotReactiveDispatchService foundation"],"fullName":"BotReactiveDispatchService foundation rejects malformed runtime input as invalid_config: primitive event","status":"passed","title":"rejects malformed runtime input as invalid_config: primitive event","duration":0.10912500000000591,"failureMessages":[],"meta":{},"tags":[]},{"ancestorTitles":["BotReactiveDispatchService foundation"],"fullName":"BotReactiveDispatchService foundation rejects malformed runtime input as invalid_config: null config","status":"passed","title":"rejects malformed runtime input as invalid_config: null config","duration":0.10812500000000114,"failureMessages":[],"meta":{},"tags":[]},{"ancestorTitles":["BotReactiveDispatchService foundation"],"fullName":"BotReactiveDispatchService foundation rejects malformed runtime input as invalid_config: primitive config","status":"passed","title":"rejects malformed runtime input as invalid_config: primitive config","duration":0.0975830000000002,"failureMessages":[],"meta":{},"tags":[]},{"ancestorTitles":["BotReactiveDispatchService foundation"],"fullName":"BotReactiveDispatchService foundation rejects malformed runtime input as invalid_config: non-boolean enabled","status":"passed","title":"rejects malformed runtime input as invalid_config: non-boolean enabled","duration":0.10699999999999932,"failureMessages":[],"meta":{},"tags":[]},{"ancestorTitles":["BotReactiveDispatchService foundation"],"fullName":"BotReactiveDispatchService foundation rejects malformed runtime input as invalid_config: non-array mentions","status":"passed","title":"rejects malformed runtime input as invalid_config: non-array mentions","duration":0.08387500000000614,"failureMessages":[],"meta":{},"tags":[]},{"ancestorTitles":["BotReactiveDispatchService foundation"],"fullName":"BotReactiveDispatchService foundation rejects malformed runtime input as invalid_config: empty repositoryIds","status":"passed","title":"rejects malformed runtime input as invalid_config: empty repositoryIds","duration":0.07920899999999165,"failureMessages":[],"meta":{},"tags":[]},{"ancestorTitles":["BotReactiveDispatchService foundation"],"fullName":"BotReactiveDispatchService foundation rejects malformed runtime input as invalid_config: empty mentionHandles","status":"passed","title":"rejects malformed runtime input as invalid_config: empty mentionHandles","duration":0.07333299999999099,"failureMessages":[],"meta":{},"tags":[]},{"ancestorTitles":["BotReactiveDispatchService foundation"],"fullName":"BotReactiveDispatchService foundation rejects malformed runtime input as invalid_config: mentionHandles that normalize to empty","status":"passed","title":"rejects malformed runtime input as invalid_config: mentionHandles that normalize to empty","duration":0.08745799999999804,"failureMessages":[],"meta":{},"tags":[]},{"ancestorTitles":["BotReactiveDispatchService foundation"],"fullName":"BotReactiveDispatchService foundation rejects malformed runtime input as invalid_config: mentionHandles that are only @/whitespace once trimmed","status":"passed","title":"rejects malformed runtime input as invalid_config: mentionHandles that are only @/whitespace once trimmed","duration":0.06499999999999773,"failureMessages":[],"meta":{},"tags":[]},{"ancestorTitles":["BotReactiveDispatchService foundation"],"fullName":"BotReactiveDispatchService foundation rejects malformed runtime input as invalid_config: whitespace-only botId","status":"passed","title":"rejects malformed runtime input as invalid_config: whitespace-only botId","duration":0.0883749999999992,"failureMessages":[],"meta":{},"tags":[]},{"ancestorTitles":["BotReactiveDispatchService foundation"],"fullName":"BotReactiveDispatchService foundation rejects malformed runtime input as invalid_config: whitespace-only eventId","status":"passed","title":"rejects malformed runtime input as invalid_config: whitespace-only eventId","duration":0.1122089999999929,"failureMessages":[],"meta":{},"tags":[]},{"ancestorTitles":["BotReactiveDispatchService foundation"],"fullName":"BotReactiveDispatchService foundation matches a padded, differently-cased mention handle against a padded configured handle","status":"passed","title":"matches a padded, differently-cased mention handle against a padded configured handle","duration":0.5107500000000016,"failureMessages":[],"meta":{},"tags":[]},{"ancestorTitles":["BotReactiveDispatchService foundation"],"fullName":"BotReactiveDispatchService foundation keeps accepted receipts tied to deterministic bot/repo/provider/responsibility/event keying","status":"passed","title":"keeps accepted receipts tied to deterministic bot/repo/provider/responsibility/event keying","duration":0.1111670000000089,"failureMessages":[],"meta":{},"tags":[]},{"ancestorTitles":["BotReactiveDispatchService foundation"],"fullName":"BotReactiveDispatchService foundation isolates otherwise-identical event/responsibility pairs across different bots","status":"passed","title":"isolates otherwise-identical event/responsibility pairs across different bots","duration":0.11845800000000395,"failureMessages":[],"meta":{},"tags":[]},{"ancestorTitles":["BotReactiveDispatchService foundation"],"fullName":"BotReactiveDispatchService foundation creates deterministic event keys and deduplicates concurrent duplicate calls","status":"passed","title":"creates deterministic event keys and deduplicates concurrent duplicate calls","duration":0.46137499999998965,"failureMessages":[],"meta":{},"tags":[]},{"ancestorTitles":["BotReactiveDispatchService foundation"],"fullName":"BotReactiveDispatchService foundation reports an explicit storage_failed with zero gateway calls when admission cannot persist","status":"passed","title":"reports an explicit storage_failed with zero gateway calls when admission cannot persist","duration":0.1035839999999979,"failureMessages":[],"meta":{},"tags":[]},{"ancestorTitles":["BotReactiveDispatchService foundation"],"fullName":"BotReactiveDispatchService foundation fails with zero gateway calls when the pre-dispatch attempt cannot be persisted","status":"passed","title":"fails with zero gateway calls when the pre-dispatch attempt cannot be persisted","duration":0.08758399999999256,"failureMessages":[],"meta":{},"tags":[]},{"ancestorTitles":["BotReactiveDispatchService foundation"],"fullName":"BotReactiveDispatchService foundation marks an ambiguous timeout and keeps pending receipt without duplicate delegation on retry","status":"passed","title":"marks an ambiguous timeout and keeps pending receipt without duplicate delegation on retry","duration":22.433415999999994,"failureMessages":[],"meta":{},"tags":[]},{"ancestorTitles":["BotReactiveDispatchService foundation"],"fullName":"BotReactiveDispatchService foundation never retries an ambiguous receipt by elapsed time, even far in the future","status":"passed","title":"never retries an ambiguous receipt by elapsed time, even far in the future","duration":21.628165999999993,"failureMessages":[],"meta":{},"tags":[]},{"ancestorTitles":["BotReactiveDispatchService foundation"],"fullName":"BotReactiveDispatchService foundation does not act on a late ack that resolves after the dispatch already timed out","status":"passed","title":"does not act on a late ack that resolves after the dispatch already timed out","duration":24.124500000000012,"failureMessages":[],"meta":{},"tags":[]},{"ancestorTitles":["BotReactiveDispatchService foundation"],"fullName":"BotReactiveDispatchService foundation treats a malformed gateway acknowledgement as ambiguous, not a definite failure","status":"passed","title":"treats a malformed gateway acknowledgement as ambiguous, not a definite failure","duration":0.21258299999999508,"failureMessages":[],"meta":{},"tags":[]},{"ancestorTitles":["BotReactiveDispatchService foundation"],"fullName":"BotReactiveDispatchService foundation treats an invalid hostObservation verdict as ambiguous, not a definite failure","status":"passed","title":"treats an invalid hostObservation verdict as ambiguous, not a definite failure","duration":0.10058399999999779,"failureMessages":[],"meta":{},"tags":[]},{"ancestorTitles":["BotReactiveDispatchService foundation"],"fullName":"BotReactiveDispatchService foundation treats an asynchronous gateway rejection as ambiguous, not a definite failure","status":"passed","title":"treats an asynchronous gateway rejection as ambiguous, not a definite failure","duration":0.12616599999998357,"failureMessages":[],"meta":{},"tags":[]},{"ancestorTitles":["BotReactiveDispatchService foundation"],"fullName":"BotReactiveDispatchService foundation treats a gateway that throws synchronously as ambiguous rather than an uncaught rejection","status":"passed","title":"treats a gateway that throws synchronously as ambiguous rather than an uncaught rejection","duration":0.3356249999999932,"failureMessages":[],"meta":{},"tags":[]},{"ancestorTitles":["BotReactiveDispatchService foundation"],"fullName":"BotReactiveDispatchService foundation preserves confirmed dispatch evidence when persistence fails after a successful ack","status":"passed","title":"preserves confirmed dispatch evidence when persistence fails after a successful ack","duration":0.14045800000002373,"failureMessages":[],"meta":{},"tags":[]},{"ancestorTitles":["BotReactiveDispatchService foundation"],"fullName":"BotReactiveDispatchService foundation rejects a non-finite or non-positive dispatchTimeoutMs override","status":"passed","title":"rejects a non-finite or non-positive dispatchTimeoutMs override","duration":0.3019999999999925,"failureMessages":[],"meta":{},"tags":[]},{"ancestorTitles":["BotReactiveDispatchService foundation"],"fullName":"BotReactiveDispatchService foundation defaults to a finite, positive dispatch timeout","status":"passed","title":"defaults to a finite, positive dispatch timeout","duration":0.047667000000018334,"failureMessages":[],"meta":{},"tags":[]}],"startTime":1788654845712,"endTime":1788654845785.3357,"status":"passed","message":"","name":"/Users/carlos/Documents/Drogon-rewrite/.preflight/parity-baseline/coordinator-bot-dispatch-JXzEAV/src/main/bots/bot-reactive-dispatch.test.ts"}]}