{"numTotalTestSuites":2,"numPassedTestSuites":2,"numFailedTestSuites":0,"numPendingTestSuites":0,"numTotalTests":7,"numPassedTests":7,"numFailedTests":0,"numPendingTests":0,"numTodoTests":0,"snapshot":{"added":0,"failure":false,"filesAdded":0,"filesRemoved":0,"filesRemovedList":[],"filesUnmatched":0,"filesUpdated":0,"matched":0,"total":0,"unchecked":0,"uncheckedKeysByFile":[],"unmatched":0,"updated":0,"didUpdate":false},"startTime":1788659341147,"success":true,"testResults":[{"assertionResults":[{"ancestorTitles":["isENOENT across the SSH relay boundary"],"fullName":"isENOENT across the SSH relay boundary recognises a local Node error by its code","status":"passed","title":"recognises a local Node error by its code","duration":0.6517920000000004,"failureMessages":[],"meta":{},"tags":[]},{"ancestorTitles":["isENOENT across the SSH relay boundary"],"fullName":"isENOENT across the SSH relay boundary recognises an error rebuilt from the relay with a numeric transport code","status":"passed","title":"recognises an error rebuilt from the relay with a numeric transport code","duration":0.10566699999999685,"failureMessages":[],"meta":{},"tags":[]},{"ancestorTitles":["isENOENT across the SSH relay boundary"],"fullName":"isENOENT across the SSH relay boundary recognises it through the IPC wrapper the renderer sees","status":"passed","title":"recognises it through the IPC wrapper the renderer sees","duration":0.08112500000000011,"failureMessages":[],"meta":{},"tags":[]},{"ancestorTitles":["isENOENT across the SSH relay boundary"],"fullName":"isENOENT across the SSH relay boundary recognises an error carrying no code at all","status":"passed","title":"recognises an error carrying no code at all","duration":0.048709000000002334,"failureMessages":[],"meta":{},"tags":[]},{"ancestorTitles":["isENOENT across the SSH relay boundary"],"fullName":"isENOENT across the SSH relay boundary does not treat a different errno as absent","status":"passed","title":"does not treat a different errno as absent","duration":0.04795800000000838,"failureMessages":[],"meta":{},"tags":[]},{"ancestorTitles":["isENOENT across the SSH relay boundary"],"fullName":"isENOENT across the SSH relay boundary does not match a message that merely mentions the word","status":"passed","title":"does not match a message that merely mentions the word","duration":0.05416700000000674,"failureMessages":[],"meta":{},"tags":[]},{"ancestorTitles":["isENOENT across the SSH relay boundary"],"fullName":"isENOENT across the SSH relay boundary ignores non-errors","status":"passed","title":"ignores non-errors","duration":0.0610409999999888,"failureMessages":[],"meta":{},"tags":[]}],"startTime":1788659341238,"endTime":1788659341239.1057,"status":"passed","message":"","name":"/Users/carlos/Documents/Drogon-rewrite/.preflight/parity-baseline/coordinator-remote-enoent-Mwk3fP/src/main/ipc/filesystem-path-containment-remote-enoent.test.ts"}]}
