{"numTotalTestSuites":3,"numPassedTestSuites":3,"numFailedTestSuites":0,"numPendingTestSuites":0,"numTotalTests":14,"numPassedTests":14,"numFailedTests":0,"numPendingTests":0,"numTodoTests":0,"snapshot":{"added":0,"failure":false,"filesAdded":0,"filesRemoved":0,"filesRemovedList":[],"filesUnmatched":0,"filesUpdated":0,"matched":0,"total":0,"unchecked":0,"uncheckedKeysByFile":[],"unmatched":0,"updated":0,"didUpdate":false},"startTime":1788666788394,"success":true,"testResults":[{"assertionResults":[{"ancestorTitles":["selectAdoptableClientHostedPages"],"fullName":"selectAdoptableClientHostedPages adopts an active page a predecessor runtime placed on this host","status":"passed","title":"adopts an active page a predecessor runtime placed on this host","duration":1.0132090000000034,"failureMessages":[],"meta":{},"tags":[]},{"ancestorTitles":["selectAdoptableClientHostedPages"],"fullName":"selectAdoptableClientHostedPages rejects a page whose guest outcome is unknown","status":"passed","title":"rejects a page whose guest outcome is unknown","duration":0.13016700000000014,"failureMessages":[],"meta":{},"tags":[]},{"ancestorTitles":["selectAdoptableClientHostedPages"],"fullName":"selectAdoptableClientHostedPages rejects a page with no workspaceId because the runtime record cannot be rebuilt","status":"passed","title":"rejects a page with no workspaceId because the runtime record cannot be rebuilt","duration":0.06583299999999781,"failureMessages":[],"meta":{},"tags":[]},{"ancestorTitles":["selectAdoptableClientHostedPages"],"fullName":"selectAdoptableClientHostedPages rejects a page placed on a different browser host client","status":"passed","title":"rejects a page placed on a different browser host client","duration":0.08587500000000148,"failureMessages":[],"meta":{},"tags":[]},{"ancestorTitles":["selectAdoptableClientHostedPages"],"fullName":"selectAdoptableClientHostedPages rejects a page naming this runtime as authority because this process closed it deliberately","status":"passed","title":"rejects a page naming this runtime as authority because this process closed it deliberately","duration":0.15033400000000086,"failureMessages":[],"meta":{},"tags":[]},{"ancestorTitles":["selectAdoptableClientHostedPages"],"fullName":"selectAdoptableClientHostedPages rejects a page the runtime already tracks","status":"passed","title":"rejects a page the runtime already tracks","duration":0.11245899999998699,"failureMessages":[],"meta":{},"tags":[]},{"ancestorTitles":["selectAdoptableClientHostedPages"],"fullName":"selectAdoptableClientHostedPages returns only the qualifying entries of a mixed inventory","status":"passed","title":"returns only the qualifying entries of a mixed inventory","duration":0.2298329999999993,"failureMessages":[],"meta":{},"tags":[]},{"ancestorTitles":["buildClientPageAdoptionIntents"],"fullName":"buildClientPageAdoptionIntents stamps the current runtime authority and the attaching lease, not the inventory values","status":"passed","title":"stamps the current runtime authority and the attaching lease, not the inventory values","duration":0.8452500000000072,"failureMessages":[],"meta":{},"tags":[]},{"ancestorTitles":["buildClientPageAdoptionIntents"],"fullName":"buildClientPageAdoptionIntents carries the workspace and profile through from the inventory entry","status":"passed","title":"carries the workspace and profile through from the inventory entry","duration":0.16912499999999397,"failureMessages":[],"meta":{},"tags":[]},{"ancestorTitles":["buildClientPageAdoptionIntents"],"fullName":"buildClientPageAdoptionIntents uses the workspace's current execution host key rather than the inventory's dead route","status":"passed","title":"uses the workspace's current execution host key rather than the inventory's dead route","duration":0.11162500000000364,"failureMessages":[],"meta":{},"tags":[]},{"ancestorTitles":["buildClientPageAdoptionIntents"],"fullName":"buildClientPageAdoptionIntents drops a page whose workspace has no current execution host key","status":"passed","title":"drops a page whose workspace has no current execution host key","duration":0.09354199999999935,"failureMessages":[],"meta":{},"tags":[]},{"ancestorTitles":["buildClientPageAdoptionIntents"],"fullName":"buildClientPageAdoptionIntents emits no reclaimFrom because reclaim requires an unchanged execution host key","status":"passed","title":"emits no reclaimFrom because reclaim requires an unchanged execution host key","duration":0.059333000000009406,"failureMessages":[],"meta":{},"tags":[]},{"ancestorTitles":["buildClientPageAdoptionIntents"],"fullName":"buildClientPageAdoptionIntents assigns distinct generations above every generation the inventory reports","status":"passed","title":"assigns distinct generations above every generation the inventory reports","duration":0.5941250000000053,"failureMessages":[],"meta":{},"tags":[]},{"ancestorTitles":["buildClientPageAdoptionIntents"],"fullName":"buildClientPageAdoptionIntents assigns generations in ascending order of the pages own generations","status":"passed","title":"assigns generations in ascending order of the pages own generations","duration":0.200917000000004,"failureMessages":[],"meta":{},"tags":[]}],"startTime":1788666788523,"endTime":1788666788527.201,"status":"passed","message":"","name":"/Users/carlos/Documents/Drogon-rewrite/.preflight/parity-baseline/audit-browser-host-client-page-adoption-sKJGgn/src/main/runtime/browser-host-client-page-adoption.test.ts"}]}
