{"numTotalTestSuites":2,"numPassedTestSuites":2,"numFailedTestSuites":0,"numPendingTestSuites":0,"numTotalTests":8,"numPassedTests":8,"numFailedTests":0,"numPendingTests":0,"numTodoTests":0,"snapshot":{"added":0,"failure":false,"filesAdded":0,"filesRemoved":0,"filesRemovedList":[],"filesUnmatched":0,"filesUpdated":0,"matched":0,"total":0,"unchecked":0,"uncheckedKeysByFile":[],"unmatched":0,"updated":0,"didUpdate":false},"startTime":1788666788393,"success":true,"testResults":[{"assertionResults":[{"ancestorTitles":["adoptBrowserHostClientPages"],"fullName":"adoptBrowserHostClientPages returns the pages whose committed placement matches the intent and stores their grants","status":"passed","title":"returns the pages whose committed placement matches the intent and stores their grants","duration":2.2581670000000003,"failureMessages":[],"meta":{},"tags":[]},{"ancestorTitles":["adoptBrowserHostClientPages"],"fullName":"adoptBrowserHostClientPages does not adopt a page whose committed placement carries a different pageHostGeneration","status":"passed","title":"does not adopt a page whose committed placement carries a different pageHostGeneration","duration":0.3545000000000016,"failureMessages":[],"meta":{},"tags":[]},{"ancestorTitles":["adoptBrowserHostClientPages"],"fullName":"adoptBrowserHostClientPages does not adopt a page with no committed placement and releases its grant","status":"passed","title":"does not adopt a page with no committed placement and releases its grant","duration":0.20645899999999529,"failureMessages":[],"meta":{},"tags":[]},{"ancestorTitles":["adoptBrowserHostClientPages"],"fullName":"adoptBrowserHostClientPages does not adopt a page the runtime placed on the server instead","status":"passed","title":"does not adopt a page the runtime placed on the server instead","duration":0.13333299999999326,"failureMessages":[],"meta":{},"tags":[]},{"ancestorTitles":["adoptBrowserHostClientPages"],"fullName":"adoptBrowserHostClientPages keeps an existing grant for the page id and releases the newly taken one","status":"passed","title":"keeps an existing grant for the page id and releases the newly taken one","duration":0.32858299999999474,"failureMessages":[],"meta":{},"tags":[]},{"ancestorTitles":["adoptBrowserHostClientPages"],"fullName":"adoptBrowserHostClientPages settles grants and keeps the placed pages when the reconcile rejects","status":"passed","title":"settles grants and keeps the placed pages when the reconcile rejects","duration":0.23933300000000202,"failureMessages":[],"meta":{},"tags":[]},{"ancestorTitles":["adoptBrowserHostClientPages"],"fullName":"adoptBrowserHostClientPages retains nothing and reconciles nothing when there are no intents","status":"passed","title":"retains nothing and reconciles nothing when there are no intents","duration":0.1947499999999991,"failureMessages":[],"meta":{},"tags":[]},{"ancestorTitles":["adoptBrowserHostClientPages"],"fullName":"adoptBrowserHostClientPages retains exactly one grant per intent under that intent execution host key","status":"passed","title":"retains exactly one grant per intent under that intent execution host key","duration":0.18045899999999904,"failureMessages":[],"meta":{},"tags":[]}],"startTime":1788666788522,"endTime":1788666788526.2393,"status":"passed","message":"","name":"/Users/carlos/Documents/Drogon-rewrite/.preflight/parity-baseline/audit-browser-host-client-page-adoption-grants-DEnC55/src/main/runtime/browser-host-client-page-adoption-grants.test.ts"}]}
