{
  "numTotalTestSuites": 2,
  "numPassedTestSuites": 2,
  "numFailedTestSuites": 0,
  "numPendingTestSuites": 0,
  "numTotalTests": 5,
  "numPassedTests": 5,
  "numFailedTests": 0,
  "numPendingTests": 0,
  "numTodoTests": 0,
  "snapshot": {
    "added": 0,
    "failure": false,
    "filesAdded": 0,
    "filesRemoved": 0,
    "filesRemovedList": [],
    "filesUnmatched": 0,
    "filesUpdated": 0,
    "matched": 0,
    "total": 0,
    "unchecked": 0,
    "uncheckedKeysByFile": [],
    "unmatched": 0,
    "updated": 0,
    "didUpdate": false
  },
  "startTime": 1788670269583,
  "success": true,
  "testResults": [
    {
      "assertionResults": [
        {
          "ancestorTitles": [
            "sendSingleFlightRequest"
          ],
          "fullName": "sendSingleFlightRequest coalesces triggers that arrive during an in-flight read into one trailing follow-up",
          "status": "passed",
          "title": "coalesces triggers that arrive during an in-flight read into one trailing follow-up",
          "duration": 1.355958000000001,
          "failureMessages": [],
          "meta": {},
          "tags": []
        },
        {
          "ancestorTitles": [
            "sendSingleFlightRequest"
          ],
          "fullName": "sendSingleFlightRequest starts a fresh request once nothing is in flight",
          "status": "passed",
          "title": "starts a fresh request once nothing is in flight",
          "duration": 0.13587499999999864,
          "failureMessages": [],
          "meta": {},
          "tags": []
        },
        {
          "ancestorTitles": [
            "sendSingleFlightRequest"
          ],
          "fullName": "sendSingleFlightRequest rejects the leading caller on failure but still runs a queued follow-up",
          "status": "passed",
          "title": "rejects the leading caller on failure but still runs a queued follow-up",
          "duration": 0.5527500000000032,
          "failureMessages": [],
          "meta": {},
          "tags": []
        },
        {
          "ancestorTitles": [
            "sendSingleFlightRequest"
          ],
          "fullName": "sendSingleFlightRequest clears a failed leading request so the next call retries",
          "status": "passed",
          "title": "clears a failed leading request so the next call retries",
          "duration": 0.16424999999999557,
          "failureMessages": [],
          "meta": {},
          "tags": []
        },
        {
          "ancestorTitles": [
            "sendSingleFlightRequest"
          ],
          "fullName": "sendSingleFlightRequest does not share requests across clients, hosts, or request kinds",
          "status": "passed",
          "title": "does not share requests across clients, hosts, or request kinds",
          "duration": 0.2269589999999937,
          "failureMessages": [],
          "meta": {},
          "tags": []
        }
      ],
      "startTime": 1788670269684,
      "endTime": 1788670269686.227,
      "status": "passed",
      "message": "",
      "name": "/Users/carlos/Documents/Drogon-rewrite/.preflight/parity-baseline/audit-mobile-request-single-flight-rzSPmQ/mobile/src/transport/request-single-flight.test.ts"
    }
  ]
}
