{"numTotalTestSuites":3,"numPassedTestSuites":3,"numFailedTestSuites":0,"numPendingTestSuites":0,"numTotalTests":12,"numPassedTests":12,"numFailedTests":0,"numPendingTests":0,"numTodoTests":0,"snapshot":{"added":0,"failure":false,"filesAdded":0,"filesRemoved":0,"filesRemovedList":[],"filesUnmatched":0,"filesUpdated":0,"matched":0,"total":0,"unchecked":0,"uncheckedKeysByFile":[],"unmatched":0,"updated":0,"didUpdate":false},"startTime":1788668974106,"success":true,"testResults":[{"assertionResults":[{"ancestorTitles":["serveSignalExitError"],"fullName":"serveSignalExitError explains the macOS window-server abort on darwin SIGABRT","status":"passed","title":"explains the macOS window-server abort on darwin SIGABRT","duration":2.474290999999994,"failureMessages":[],"meta":{},"tags":[]},{"ancestorTitles":["serveSignalExitError"],"fullName":"serveSignalExitError does not claim the macOS cause off darwin","status":"passed","title":"does not claim the macOS cause off darwin","duration":0.3805409999999938,"failureMessages":[],"meta":{},"tags":[]},{"ancestorTitles":["serveSignalExitError"],"fullName":"serveSignalExitError does not claim the macOS cause for other darwin signals","status":"passed","title":"does not claim the macOS cause for other darwin signals","duration":0.20087500000002478,"failureMessages":[],"meta":{},"tags":[]},{"ancestorTitles":["serveSignalExitError"],"fullName":"serveSignalExitError stays clear when neither a code nor a signal is reported","status":"passed","title":"stays clear when neither a code nor a signal is reported","duration":0.13616700000000037,"failureMessages":[],"meta":{},"tags":[]},{"ancestorTitles":["superviseForegroundServe signal exits"],"fullName":"superviseForegroundServe signal exits lets pre-commit and committed Electron quit deadlines finish before force-killing serve","status":"passed","title":"lets pre-commit and committed Electron quit deadlines finish before force-killing serve","duration":4.290165999999999,"failureMessages":[],"meta":{},"tags":[]},{"ancestorTitles":["superviseForegroundServe signal exits"],"fullName":"superviseForegroundServe signal exits lets a shared-console Windows child handle Ctrl-C gracefully","status":"passed","title":"lets a shared-console Windows child handle Ctrl-C gracefully","duration":0.7998749999999859,"failureMessages":[],"meta":{},"tags":[]},{"ancestorTitles":["superviseForegroundServe signal exits"],"fullName":"superviseForegroundServe signal exits forwards Linux terminal hangup and removes the listener after exit","status":"passed","title":"forwards Linux terminal hangup and removes the listener after exit","duration":1.1524159999999881,"failureMessages":[],"meta":{},"tags":[]},{"ancestorTitles":["superviseForegroundServe signal exits"],"fullName":"superviseForegroundServe signal exits treats a child exit through the caller-forwarded SIGINT as graceful","status":"passed","title":"treats a child exit through the caller-forwarded SIGINT as graceful","duration":0.34812500000001023,"failureMessages":[],"meta":{},"tags":[]},{"ancestorTitles":["superviseForegroundServe signal exits"],"fullName":"superviseForegroundServe signal exits does not terminate an exited child when update handoff completion fails late","status":"passed","title":"does not terminate an exited child when update handoff completion fails late","duration":2.785250000000019,"failureMessages":[],"meta":{},"tags":[]},{"ancestorTitles":["superviseForegroundServe signal exits"],"fullName":"superviseForegroundServe signal exits throws the macOS diagnostic when the child aborts on darwin","status":"passed","title":"throws the macOS diagnostic when the child aborts on darwin","duration":0.5207920000000001,"failureMessages":[],"meta":{},"tags":[]},{"ancestorTitles":["superviseForegroundServe signal exits"],"fullName":"superviseForegroundServe signal exits reports the plain signal on linux","status":"passed","title":"reports the plain signal on linux","duration":0.2928750000000093,"failureMessages":[],"meta":{},"tags":[]},{"ancestorTitles":["superviseForegroundServe signal exits"],"fullName":"superviseForegroundServe signal exits returns numeric exit codes unchanged","status":"passed","title":"returns numeric exit codes unchanged","duration":0.31637499999999363,"failureMessages":[],"meta":{},"tags":[]}],"startTime":1788668974326,"endTime":1788668974339.5208,"status":"passed","message":"","name":"/Users/carlos/Documents/Drogon-rewrite/.preflight/parity-baseline/audit-serve-signal-exit-S4VtXo/src/cli/runtime/serve-signal-exit-diagnostic.test.ts"}]}
